[5.985s] Invoking command in '/home/ubuntu/ros2_ws/src/webcam_streamer_package': PYTHONPATH=/home/ubuntu/ros2_ws/build/webcam_streamer_package/prefix_override:/home/ubuntu/ros2_ws/install/webcam_streamer_package/lib/python3.10/site-packages:${PYTHONPATH} /usr/bin/python3 -W ignore:setup.py install is deprecated setup.py egg_info --egg-base ../../build/webcam_streamer_package build --build-base /home/ubuntu/ros2_ws/build/webcam_streamer_package/build install --record /home/ubuntu/ros2_ws/build/webcam_streamer_package/install.log --single-version-externally-managed install_data
[7.450s] running egg_info
[7.455s] writing ../../build/webcam_streamer_package/webcam_streamer_package.egg-info/PKG-INFO
[7.457s] writing dependency_links to ../../build/webcam_streamer_package/webcam_streamer_package.egg-info/dependency_links.txt
[7.458s] writing entry points to ../../build/webcam_streamer_package/webcam_streamer_package.egg-info/entry_points.txt
[7.459s] writing requirements to ../../build/webcam_streamer_package/webcam_streamer_package.egg-info/requires.txt
[7.460s] writing top-level names to ../../build/webcam_streamer_package/webcam_streamer_package.egg-info/top_level.txt
[7.469s] reading manifest file '../../build/webcam_streamer_package/webcam_streamer_package.egg-info/SOURCES.txt'
[7.471s] adding license file 'LICENSE'
[7.474s] writing manifest file '../../build/webcam_streamer_package/webcam_streamer_package.egg-info/SOURCES.txt'
[7.475s] running build
[7.476s] running build_py
[7.477s] running install
[7.478s] running install_lib
[7.485s] running install_data
[7.486s] running install_egg_info
[7.495s] removing '/home/ubuntu/ros2_ws/install/webcam_streamer_package/lib/python3.10/site-packages/webcam_streamer_package-0.0.0-py3.10.egg-info' (and everything under it)
[7.497s] Copying ../../build/webcam_streamer_package/webcam_streamer_package.egg-info to /home/ubuntu/ros2_ws/install/webcam_streamer_package/lib/python3.10/site-packages/webcam_streamer_package-0.0.0-py3.10.egg-info
[7.506s] running install_scripts
[7.625s] Installing webcam_streamer_node script to /home/ubuntu/ros2_ws/install/webcam_streamer_package/lib/webcam_streamer_package
[7.633s] writing list of installed files to '/home/ubuntu/ros2_ws/build/webcam_streamer_package/install.log'
[7.913s] Invoked command in '/home/ubuntu/ros2_ws/src/webcam_streamer_package' returned '0': PYTHONPATH=/home/ubuntu/ros2_ws/build/webcam_streamer_package/prefix_override:/home/ubuntu/ros2_ws/install/webcam_streamer_package/lib/python3.10/site-packages:${PYTHONPATH} /usr/bin/python3 -W ignore:setup.py install is deprecated setup.py egg_info --egg-base ../../build/webcam_streamer_package build --build-base /home/ubuntu/ros2_ws/build/webcam_streamer_package/build install --record /home/ubuntu/ros2_ws/build/webcam_streamer_package/install.log --single-version-externally-managed install_data
