[0.000000] (-) TimerEvent: {}
[0.007611] (arm_controller_package) JobQueued: {'identifier': 'arm_controller_package', 'dependencies': OrderedDict()}
[0.008334] (my_ax12_servo_controller) JobQueued: {'identifier': 'my_ax12_servo_controller', 'dependencies': OrderedDict()}
[0.008458] (webcam_streamer_package) JobQueued: {'identifier': 'webcam_streamer_package', 'dependencies': OrderedDict()}
[0.008567] (arm_controller_package) JobStarted: {'identifier': 'arm_controller_package'}
[0.074198] (my_ax12_servo_controller) JobStarted: {'identifier': 'my_ax12_servo_controller'}
[0.099202] (-) TimerEvent: {}
[0.124079] (webcam_streamer_package) JobStarted: {'identifier': 'webcam_streamer_package'}
[0.199424] (-) TimerEvent: {}
[0.300471] (-) TimerEvent: {}
[0.401181] (-) TimerEvent: {}
[0.502026] (-) TimerEvent: {}
[0.602696] (-) TimerEvent: {}
[0.703363] (-) TimerEvent: {}
[0.804200] (-) TimerEvent: {}
[0.905040] (-) TimerEvent: {}
[1.005764] (-) TimerEvent: {}
[1.106545] (-) TimerEvent: {}
[1.207343] (-) TimerEvent: {}
[1.307997] (-) TimerEvent: {}
[1.408710] (-) TimerEvent: {}
[1.509393] (-) TimerEvent: {}
[1.610101] (-) TimerEvent: {}
[1.710706] (-) TimerEvent: {}
[1.811312] (-) TimerEvent: {}
[1.911932] (-) TimerEvent: {}
[2.012572] (-) TimerEvent: {}
[2.113266] (-) TimerEvent: {}
[2.213950] (-) TimerEvent: {}
[2.314744] (-) TimerEvent: {}
[2.415493] (-) TimerEvent: {}
[2.516153] (-) TimerEvent: {}
[2.616838] (-) TimerEvent: {}
[2.717526] (-) TimerEvent: {}
[2.818150] (-) TimerEvent: {}
[2.918804] (-) TimerEvent: {}
[3.019387] (-) TimerEvent: {}
[3.119962] (-) TimerEvent: {}
[3.220530] (-) TimerEvent: {}
[3.321108] (-) TimerEvent: {}
[3.421787] (-) TimerEvent: {}
[3.522469] (-) TimerEvent: {}
[3.623534] (-) TimerEvent: {}
[3.724891] (-) TimerEvent: {}
[3.825515] (-) TimerEvent: {}
[3.926205] (-) TimerEvent: {}
[4.026951] (-) TimerEvent: {}
[4.127679] (-) TimerEvent: {}
[4.228448] (-) TimerEvent: {}
[4.329095] (-) TimerEvent: {}
[4.429698] (-) TimerEvent: {}
[4.530359] (-) TimerEvent: {}
[4.630954] (-) TimerEvent: {}
[4.731567] (-) TimerEvent: {}
[4.832178] (-) TimerEvent: {}
[4.932821] (-) TimerEvent: {}
[5.033516] (-) TimerEvent: {}
[5.134761] (-) TimerEvent: {}
[5.235761] (-) TimerEvent: {}
[5.337360] (-) TimerEvent: {}
[5.439121] (-) TimerEvent: {}
[5.548760] (-) TimerEvent: {}
[5.651360] (-) TimerEvent: {}
[5.753041] (-) TimerEvent: {}
[5.855168] (-) TimerEvent: {}
[5.956866] (-) TimerEvent: {}
[6.058189] (-) TimerEvent: {}
[6.158979] (-) TimerEvent: {}
[6.259772] (-) TimerEvent: {}
[6.360712] (-) TimerEvent: {}
[6.461884] (-) TimerEvent: {}
[6.562815] (-) TimerEvent: {}
[6.664099] (-) TimerEvent: {}
[6.765272] (-) TimerEvent: {}
[6.866209] (-) TimerEvent: {}
[6.967076] (-) TimerEvent: {}
[7.068972] (-) TimerEvent: {}
[7.170486] (-) TimerEvent: {}
[7.272384] (-) TimerEvent: {}
[7.439520] (-) TimerEvent: {}
[7.544006] (-) TimerEvent: {}
[7.652945] (-) TimerEvent: {}
[7.779262] (-) TimerEvent: {}
[8.688999] (-) TimerEvent: {}
[10.135033] (-) TimerEvent: {}
[112.318169] (-) TimerEvent: {}
