[6.578s] Invoking command in '/home/ubuntu/ros2_ws/src/webcam_streamer_package': PYTHONPATH=/home/ubuntu/ros2_ws/build/webcam_streamer_package/prefix_override:/home/ubuntu/ros2_ws/install/webcam_streamer_package/lib/python3.10/site-packages:${PYTHONPATH} /usr/bin/python3 -W ignore:setup.py install is deprecated setup.py egg_info --egg-base ../../build/webcam_streamer_package build --build-base /home/ubuntu/ros2_ws/build/webcam_streamer_package/build install --record /home/ubuntu/ros2_ws/build/webcam_streamer_package/install.log --single-version-externally-managed install_data
[8.538s] running egg_info
[8.543s] writing ../../build/webcam_streamer_package/webcam_streamer_package.egg-info/PKG-INFO
[8.551s] writing dependency_links to ../../build/webcam_streamer_package/webcam_streamer_package.egg-info/dependency_links.txt
[8.553s] writing entry points to ../../build/webcam_streamer_package/webcam_streamer_package.egg-info/entry_points.txt
[8.553s] writing requirements to ../../build/webcam_streamer_package/webcam_streamer_package.egg-info/requires.txt
[8.554s] writing top-level names to ../../build/webcam_streamer_package/webcam_streamer_package.egg-info/top_level.txt
[8.564s] reading manifest file '../../build/webcam_streamer_package/webcam_streamer_package.egg-info/SOURCES.txt'
[8.565s] adding license file 'LICENSE'
[8.569s] writing manifest file '../../build/webcam_streamer_package/webcam_streamer_package.egg-info/SOURCES.txt'
[8.570s] running build
[8.571s] running build_py
[8.572s] copying webcam_streamer_package/webcam_streamer_node.py -> /home/ubuntu/ros2_ws/build/webcam_streamer_package/build/lib/webcam_streamer_package
[8.574s] running install
[8.575s] running install_lib
[8.579s] copying /home/ubuntu/ros2_ws/build/webcam_streamer_package/build/lib/webcam_streamer_package/webcam_streamer_node.py -> /home/ubuntu/ros2_ws/install/webcam_streamer_package/lib/python3.10/site-packages/webcam_streamer_package
[8.583s] byte-compiling /home/ubuntu/ros2_ws/install/webcam_streamer_package/lib/python3.10/site-packages/webcam_streamer_package/webcam_streamer_node.py to webcam_streamer_node.cpython-310.pyc
[8.586s] running install_data
[8.587s] running install_egg_info
[8.595s] removing '/home/ubuntu/ros2_ws/install/webcam_streamer_package/lib/python3.10/site-packages/webcam_streamer_package-0.0.0-py3.10.egg-info' (and everything under it)
[8.597s] Copying ../../build/webcam_streamer_package/webcam_streamer_package.egg-info to /home/ubuntu/ros2_ws/install/webcam_streamer_package/lib/python3.10/site-packages/webcam_streamer_package-0.0.0-py3.10.egg-info
[8.607s] running install_scripts
[8.734s] Installing webcam_streamer_node script to /home/ubuntu/ros2_ws/install/webcam_streamer_package/lib/webcam_streamer_package
[8.736s] writing list of installed files to '/home/ubuntu/ros2_ws/build/webcam_streamer_package/install.log'
[8.895s] Invoked command in '/home/ubuntu/ros2_ws/src/webcam_streamer_package' returned '0': PYTHONPATH=/home/ubuntu/ros2_ws/build/webcam_streamer_package/prefix_override:/home/ubuntu/ros2_ws/install/webcam_streamer_package/lib/python3.10/site-packages:${PYTHONPATH} /usr/bin/python3 -W ignore:setup.py install is deprecated setup.py egg_info --egg-base ../../build/webcam_streamer_package build --build-base /home/ubuntu/ros2_ws/build/webcam_streamer_package/build install --record /home/ubuntu/ros2_ws/build/webcam_streamer_package/install.log --single-version-externally-managed install_data
