[5.821s] Invoking command in '/home/ubuntu/ros2_ws/src/my_ax12_controller': PYTHONPATH=/home/ubuntu/ros2_ws/build/my_ax12_controller/prefix_override:/home/ubuntu/ros2_ws/install/my_ax12_controller/lib/python3.10/site-packages:${PYTHONPATH} /usr/bin/python3 -W ignore:setup.py install is deprecated setup.py egg_info --egg-base ../../build/my_ax12_controller build --build-base /home/ubuntu/ros2_ws/build/my_ax12_controller/build install --record /home/ubuntu/ros2_ws/build/my_ax12_controller/install.log --single-version-externally-managed install_data
[7.282s] running egg_info
[7.286s] writing ../../build/my_ax12_controller/my_ax12_controller.egg-info/PKG-INFO
[7.287s] writing dependency_links to ../../build/my_ax12_controller/my_ax12_controller.egg-info/dependency_links.txt
[7.288s] writing entry points to ../../build/my_ax12_controller/my_ax12_controller.egg-info/entry_points.txt
[7.289s] writing requirements to ../../build/my_ax12_controller/my_ax12_controller.egg-info/requires.txt
[7.290s] writing top-level names to ../../build/my_ax12_controller/my_ax12_controller.egg-info/top_level.txt
[7.300s] reading manifest file '../../build/my_ax12_controller/my_ax12_controller.egg-info/SOURCES.txt'
[7.304s] writing manifest file '../../build/my_ax12_controller/my_ax12_controller.egg-info/SOURCES.txt'
[7.305s] running build
[7.305s] running build_py
[7.308s] running install
[7.309s] running install_lib
[7.315s] running install_data
[7.315s] running install_egg_info
[7.324s] removing '/home/ubuntu/ros2_ws/install/my_ax12_controller/lib/python3.10/site-packages/my_ax12_controller-0.0.0-py3.10.egg-info' (and everything under it)
[7.325s] Copying ../../build/my_ax12_controller/my_ax12_controller.egg-info to /home/ubuntu/ros2_ws/install/my_ax12_controller/lib/python3.10/site-packages/my_ax12_controller-0.0.0-py3.10.egg-info
[7.332s] running install_scripts
[7.435s] Installing dynamixel_control script to /home/ubuntu/ros2_ws/install/my_ax12_controller/lib/my_ax12_controller
[7.437s] writing list of installed files to '/home/ubuntu/ros2_ws/build/my_ax12_controller/install.log'
[7.651s] Invoked command in '/home/ubuntu/ros2_ws/src/my_ax12_controller' returned '0': PYTHONPATH=/home/ubuntu/ros2_ws/build/my_ax12_controller/prefix_override:/home/ubuntu/ros2_ws/install/my_ax12_controller/lib/python3.10/site-packages:${PYTHONPATH} /usr/bin/python3 -W ignore:setup.py install is deprecated setup.py egg_info --egg-base ../../build/my_ax12_controller build --build-base /home/ubuntu/ros2_ws/build/my_ax12_controller/build install --record /home/ubuntu/ros2_ws/build/my_ax12_controller/install.log --single-version-externally-managed install_data
