[0.051s] Invoking command in '/home/ubuntu/ros2_ws/build/tracetools': CMAKE_PREFIX_PATH=/home/ubuntu/ros2_ws/install/webcam_streamer_package:/home/ubuntu/ros2_ws/install/my_ax12_servo_controller:/home/ubuntu/ros2_ws/install/my_ax12_controller:/home/ubuntu/ros2_ws/install/arm_controller_package:/opt/ros/iron /usr/bin/cmake /home/ubuntu/ros2_ws/src/ros2_tracing/tracetools -DCMAKE_INSTALL_PREFIX=/home/ubuntu/ros2_ws/install/tracetools
[0.825s] -- The C compiler identification is GNU 11.4.0
[1.361s] -- The CXX compiler identification is GNU 11.4.0
[1.409s] -- Detecting C compiler ABI info
[1.739s] -- Detecting C compiler ABI info - done
[1.765s] -- Check for working C compiler: /usr/bin/cc - skipped
[1.767s] -- Detecting C compile features
[1.769s] -- Detecting C compile features - done
[1.785s] -- Detecting CXX compiler ABI info
[2.157s] -- Detecting CXX compiler ABI info - done
[2.185s] -- Check for working CXX compiler: /usr/bin/c++ - skipped
[2.185s] -- Detecting CXX compile features
[2.187s] -- Detecting CXX compile features - done
[2.222s] -- Found ament_cmake_gen_version_h: 2.0.5 (/opt/ros/iron/share/ament_cmake_gen_version_h/cmake)
[2.251s] -- Found ament_cmake_ros: 0.11.2 (/opt/ros/iron/share/ament_cmake_ros/cmake)
[3.222s] -- Found Python3: /usr/bin/python3.10 (found version "3.10.12") found components: Interpreter 
[3.930s] -- Found PkgConfig: /usr/bin/pkg-config (found version "0.29.2") 
[3.933s] -- Checking for module 'lttng-ust'
[4.003s] --   Found lttng-ust, version 2.13.1
[4.487s] -- Found ament_lint_auto: 0.14.3 (/opt/ros/iron/share/ament_lint_auto/cmake)
[5.036s] -- Found gtest sources under '/opt/ros/iron/src/gtest_vendor': C++ tests using 'Google Test' will be built
[5.049s] -- Looking for pthread.h
[5.407s] -- Looking for pthread.h - found
[5.408s] -- Performing Test CMAKE_HAVE_LIBC_PTHREAD
[5.730s] -- Performing Test CMAKE_HAVE_LIBC_PTHREAD - Success
[5.734s] -- Found Threads: TRUE  
[5.772s] -- Added test 'copyright' to check source files copyright and LICENSE
[5.789s] -- Added test 'cppcheck' to perform static code analysis on C / C++ code
[5.790s] -- Configured cppcheck include dirs: /usr/include/aarch64-linux-gnu
[5.790s] -- Configured cppcheck exclude dirs and/or files: 
[5.804s] -- Added test 'cpplint' to check C / C++ code against the Google style
[5.805s] -- Configured cpplint exclude dirs and/or files: 
[5.812s] -- Added test 'lint_cmake' to check CMake code style
[5.828s] -- Added test 'uncrustify' to check C / C++ code style
[5.829s] -- Configured uncrustify additional arguments: 
[5.833s] -- Added test 'xmllint' to check XML markup files
[5.848s] -- Configuring done
[5.911s] -- Generating done
[5.918s] -- Build files have been written to: /home/ubuntu/ros2_ws/build/tracetools
[5.935s] Invoked command in '/home/ubuntu/ros2_ws/build/tracetools' returned '0': CMAKE_PREFIX_PATH=/home/ubuntu/ros2_ws/install/webcam_streamer_package:/home/ubuntu/ros2_ws/install/my_ax12_servo_controller:/home/ubuntu/ros2_ws/install/my_ax12_controller:/home/ubuntu/ros2_ws/install/arm_controller_package:/opt/ros/iron /usr/bin/cmake /home/ubuntu/ros2_ws/src/ros2_tracing/tracetools -DCMAKE_INSTALL_PREFIX=/home/ubuntu/ros2_ws/install/tracetools
[5.945s] Invoking command in '/home/ubuntu/ros2_ws/build/tracetools': CMAKE_PREFIX_PATH=/home/ubuntu/ros2_ws/install/webcam_streamer_package:/home/ubuntu/ros2_ws/install/my_ax12_servo_controller:/home/ubuntu/ros2_ws/install/my_ax12_controller:/home/ubuntu/ros2_ws/install/arm_controller_package:/opt/ros/iron /usr/bin/cmake --build /home/ubuntu/ros2_ws/build/tracetools -- -j4 -l4
[6.138s] [  6%] [34m[1mGenerating tracetools/version.h[0m
[6.141s] [ 13%] [32mBuilding CXX object gtest/CMakeFiles/gtest_main.dir/src/gtest_main.cc.o[0m
[6.144s] [ 20%] [32mBuilding CXX object gtest/CMakeFiles/gtest.dir/src/gtest-all.cc.o[0m
[6.211s] [ 20%] Built target ament_generate_version_header__tracetools
[6.297s] [ 26%] [32mBuilding C object CMakeFiles/tracetools.dir/src/tracetools.c.o[0m
[6.302s] [ 33%] [32mBuilding CXX object CMakeFiles/tracetools.dir/src/utils.cpp.o[0m
[7.834s] [ 40%] [32mBuilding C object CMakeFiles/tracetools.dir/src/tp_call.c.o[0m
[10.432s] [ 46%] [32m[1mLinking CXX shared library libtracetools.so[0m
[11.000s] [ 46%] Built target tracetools
[11.155s] [ 53%] [32mBuilding C object CMakeFiles/tracetools_status.dir/src/status.c.o[0m
[11.348s] [ 60%] [32m[1mLinking C shared library libtracetools_status.so[0m
[11.561s] [ 60%] Built target tracetools_status
[11.692s] [ 66%] [32mBuilding C object CMakeFiles/status.dir/src/status_tool.c.o[0m
[11.895s] [ 73%] [32m[1mLinking C executable status[0m
[12.404s] [ 73%] Built target status
[13.334s] [ 80%] [32m[1mLinking CXX static library libgtest_main.a[0m
[13.479s] [ 80%] Built target gtest_main
[23.002s] [ 86%] [32m[1mLinking CXX static library libgtest.a[0m
[23.526s] [ 86%] Built target gtest
[23.612s] [ 93%] [32mBuilding CXX object CMakeFiles/test_status.dir/test/test_status.cpp.o[0m
[27.683s] [100%] [32m[1mLinking CXX executable test_status[0m
[28.236s] [100%] Built target test_status
[28.301s] Invoked command in '/home/ubuntu/ros2_ws/build/tracetools' returned '0': CMAKE_PREFIX_PATH=/home/ubuntu/ros2_ws/install/webcam_streamer_package:/home/ubuntu/ros2_ws/install/my_ax12_servo_controller:/home/ubuntu/ros2_ws/install/my_ax12_controller:/home/ubuntu/ros2_ws/install/arm_controller_package:/opt/ros/iron /usr/bin/cmake --build /home/ubuntu/ros2_ws/build/tracetools -- -j4 -l4
[28.591s] Invoking command in '/home/ubuntu/ros2_ws/build/tracetools': CMAKE_PREFIX_PATH=/home/ubuntu/ros2_ws/install/webcam_streamer_package:/home/ubuntu/ros2_ws/install/my_ax12_servo_controller:/home/ubuntu/ros2_ws/install/my_ax12_controller:/home/ubuntu/ros2_ws/install/arm_controller_package:/opt/ros/iron /usr/bin/cmake --install /home/ubuntu/ros2_ws/build/tracetools
[28.621s] -- Install configuration: ""
[28.623s] -- Installing: /home/ubuntu/ros2_ws/install/tracetools/share/tracetools/environment/library_path.sh
[28.625s] -- Installing: /home/ubuntu/ros2_ws/install/tracetools/share/tracetools/environment/library_path.dsv
[28.628s] -- Installing: /home/ubuntu/ros2_ws/install/tracetools/include/tracetools/tracetools/version.h
[28.629s] -- Installing: /home/ubuntu/ros2_ws/install/tracetools/lib/libtracetools_status.so
[28.632s] -- Set runtime path of "/home/ubuntu/ros2_ws/install/tracetools/lib/libtracetools_status.so" to ""
[28.633s] -- Installing: /home/ubuntu/ros2_ws/install/tracetools/lib/tracetools/status
[28.636s] -- Set runtime path of "/home/ubuntu/ros2_ws/install/tracetools/lib/tracetools/status" to ""
[28.636s] -- Up-to-date: /home/ubuntu/ros2_ws/install/tracetools/include/tracetools
[28.637s] -- Up-to-date: /home/ubuntu/ros2_ws/install/tracetools/include/tracetools/tracetools
[28.637s] -- Installing: /home/ubuntu/ros2_ws/install/tracetools/include/tracetools/tracetools/visibility_control.hpp
[28.638s] -- Installing: /home/ubuntu/ros2_ws/install/tracetools/include/tracetools/tracetools/tp_call.h
[28.639s] -- Installing: /home/ubuntu/ros2_ws/install/tracetools/include/tracetools/tracetools/config.h
[28.640s] -- Installing: /home/ubuntu/ros2_ws/install/tracetools/include/tracetools/tracetools/status.h
[28.640s] -- Installing: /home/ubuntu/ros2_ws/install/tracetools/include/tracetools/tracetools/tracetools.h
[28.642s] -- Installing: /home/ubuntu/ros2_ws/install/tracetools/include/tracetools/tracetools/utils.hpp
[28.643s] -- Installing: /home/ubuntu/ros2_ws/install/tracetools/lib/libtracetools.so
[28.647s] -- Installing: /home/ubuntu/ros2_ws/install/tracetools/share/ament_index/resource_index/package_run_dependencies/tracetools
[28.649s] -- Installing: /home/ubuntu/ros2_ws/install/tracetools/share/ament_index/resource_index/parent_prefix_path/tracetools
[28.651s] -- Installing: /home/ubuntu/ros2_ws/install/tracetools/share/tracetools/environment/ament_prefix_path.sh
[28.652s] -- Installing: /home/ubuntu/ros2_ws/install/tracetools/share/tracetools/environment/ament_prefix_path.dsv
[28.654s] -- Installing: /home/ubuntu/ros2_ws/install/tracetools/share/tracetools/environment/path.sh
[28.656s] -- Installing: /home/ubuntu/ros2_ws/install/tracetools/share/tracetools/environment/path.dsv
[28.657s] -- Installing: /home/ubuntu/ros2_ws/install/tracetools/share/tracetools/local_setup.bash
[28.659s] -- Installing: /home/ubuntu/ros2_ws/install/tracetools/share/tracetools/local_setup.sh
[28.661s] -- Installing: /home/ubuntu/ros2_ws/install/tracetools/share/tracetools/local_setup.zsh
[28.662s] -- Installing: /home/ubuntu/ros2_ws/install/tracetools/share/tracetools/local_setup.dsv
[28.664s] -- Installing: /home/ubuntu/ros2_ws/install/tracetools/share/tracetools/package.dsv
[28.666s] -- Installing: /home/ubuntu/ros2_ws/install/tracetools/share/ament_index/resource_index/packages/tracetools
[28.667s] -- Installing: /home/ubuntu/ros2_ws/install/tracetools/share/tracetools/cmake/tracetools_exportExport.cmake
[28.669s] -- Installing: /home/ubuntu/ros2_ws/install/tracetools/share/tracetools/cmake/tracetools_exportExport-noconfig.cmake
[28.671s] -- Installing: /home/ubuntu/ros2_ws/install/tracetools/share/tracetools/cmake/ament_cmake_export_targets-extras.cmake
[28.673s] -- Installing: /home/ubuntu/ros2_ws/install/tracetools/share/tracetools/cmake/ament_cmake_export_include_directories-extras.cmake
[28.674s] -- Installing: /home/ubuntu/ros2_ws/install/tracetools/share/tracetools/cmake/ament_cmake_export_libraries-extras.cmake
[28.676s] -- Installing: /home/ubuntu/ros2_ws/install/tracetools/share/tracetools/cmake/ament_cmake_export_link_flags-extras.cmake
[28.678s] -- Installing: /home/ubuntu/ros2_ws/install/tracetools/share/tracetools/cmake/tracetoolsConfig.cmake
[28.679s] -- Installing: /home/ubuntu/ros2_ws/install/tracetools/share/tracetools/cmake/tracetoolsConfig-version.cmake
[28.681s] -- Installing: /home/ubuntu/ros2_ws/install/tracetools/share/tracetools/package.xml
[28.690s] Invoked command in '/home/ubuntu/ros2_ws/build/tracetools' returned '0': CMAKE_PREFIX_PATH=/home/ubuntu/ros2_ws/install/webcam_streamer_package:/home/ubuntu/ros2_ws/install/my_ax12_servo_controller:/home/ubuntu/ros2_ws/install/my_ax12_controller:/home/ubuntu/ros2_ws/install/arm_controller_package:/opt/ros/iron /usr/bin/cmake --install /home/ubuntu/ros2_ws/build/tracetools
