[6.051s] Invoking command in '/home/ubuntu/ros2_ws/src/webcam_streamer_package': PYTHONPATH=/home/ubuntu/ros2_ws/build/webcam_streamer_package/prefix_override:/home/ubuntu/ros2_ws/install/webcam_streamer_package/lib/python3.10/site-packages:${PYTHONPATH} /usr/bin/python3 -W ignore:setup.py install is deprecated setup.py egg_info --egg-base ../../build/webcam_streamer_package build --build-base /home/ubuntu/ros2_ws/build/webcam_streamer_package/build install --record /home/ubuntu/ros2_ws/build/webcam_streamer_package/install.log --single-version-externally-managed install_data
[7.563s] running egg_info
[7.566s] writing ../../build/webcam_streamer_package/webcam_streamer_package.egg-info/PKG-INFO
[7.568s] writing dependency_links to ../../build/webcam_streamer_package/webcam_streamer_package.egg-info/dependency_links.txt
[7.572s] writing entry points to ../../build/webcam_streamer_package/webcam_streamer_package.egg-info/entry_points.txt
[7.573s] writing requirements to ../../build/webcam_streamer_package/webcam_streamer_package.egg-info/requires.txt
[7.575s] writing top-level names to ../../build/webcam_streamer_package/webcam_streamer_package.egg-info/top_level.txt
[7.585s] reading manifest file '../../build/webcam_streamer_package/webcam_streamer_package.egg-info/SOURCES.txt'
[7.587s] adding license file 'LICENSE'
[7.590s] writing manifest file '../../build/webcam_streamer_package/webcam_streamer_package.egg-info/SOURCES.txt'
[7.591s] running build
[7.592s] running build_py
[7.593s] running install
[7.594s] running install_lib
[7.605s] running install_data
[7.607s] running install_egg_info
[7.620s] removing '/home/ubuntu/ros2_ws/install/webcam_streamer_package/lib/python3.10/site-packages/webcam_streamer_package-0.0.0-py3.10.egg-info' (and everything under it)
[7.624s] Copying ../../build/webcam_streamer_package/webcam_streamer_package.egg-info to /home/ubuntu/ros2_ws/install/webcam_streamer_package/lib/python3.10/site-packages/webcam_streamer_package-0.0.0-py3.10.egg-info
[7.639s] running install_scripts
[7.812s] Installing webcam_streamer_node script to /home/ubuntu/ros2_ws/install/webcam_streamer_package/lib/webcam_streamer_package
[7.833s] writing list of installed files to '/home/ubuntu/ros2_ws/build/webcam_streamer_package/install.log'
[7.955s] Invoked command in '/home/ubuntu/ros2_ws/src/webcam_streamer_package' returned '0': PYTHONPATH=/home/ubuntu/ros2_ws/build/webcam_streamer_package/prefix_override:/home/ubuntu/ros2_ws/install/webcam_streamer_package/lib/python3.10/site-packages:${PYTHONPATH} /usr/bin/python3 -W ignore:setup.py install is deprecated setup.py egg_info --egg-base ../../build/webcam_streamer_package build --build-base /home/ubuntu/ros2_ws/build/webcam_streamer_package/build install --record /home/ubuntu/ros2_ws/build/webcam_streamer_package/install.log --single-version-externally-managed install_data
