[6.876s] Invoking command in '/home/ubuntu/ros2_ws/src/my_ax12_servo_controller': PYTHONPATH=/home/ubuntu/ros2_ws/build/my_ax12_servo_controller/prefix_override:/home/ubuntu/ros2_ws/install/my_ax12_servo_controller/lib/python3.10/site-packages:${PYTHONPATH} /usr/bin/python3 -W ignore:setup.py install is deprecated setup.py egg_info --egg-base ../../build/my_ax12_servo_controller build --build-base /home/ubuntu/ros2_ws/build/my_ax12_servo_controller/build install --record /home/ubuntu/ros2_ws/build/my_ax12_servo_controller/install.log --single-version-externally-managed install_data
[8.626s] running egg_info
[8.631s] writing ../../build/my_ax12_servo_controller/my_ax12_servo_controller.egg-info/PKG-INFO
[8.633s] writing dependency_links to ../../build/my_ax12_servo_controller/my_ax12_servo_controller.egg-info/dependency_links.txt
[8.636s] writing entry points to ../../build/my_ax12_servo_controller/my_ax12_servo_controller.egg-info/entry_points.txt
[8.639s] writing requirements to ../../build/my_ax12_servo_controller/my_ax12_servo_controller.egg-info/requires.txt
[8.641s] writing top-level names to ../../build/my_ax12_servo_controller/my_ax12_servo_controller.egg-info/top_level.txt
[8.665s] reading manifest file '../../build/my_ax12_servo_controller/my_ax12_servo_controller.egg-info/SOURCES.txt'
[8.669s] adding license file 'LICENSE'
[8.675s] writing manifest file '../../build/my_ax12_servo_controller/my_ax12_servo_controller.egg-info/SOURCES.txt'
[8.678s] running build
[8.679s] running build_py
[8.681s] running install
[8.683s] running install_lib
[8.699s] running install_data
[8.701s] running install_egg_info
[8.714s] removing '/home/ubuntu/ros2_ws/install/my_ax12_servo_controller/lib/python3.10/site-packages/my_ax12_servo_controller-0.0.0-py3.10.egg-info' (and everything under it)
[8.716s] Copying ../../build/my_ax12_servo_controller/my_ax12_servo_controller.egg-info to /home/ubuntu/ros2_ws/install/my_ax12_servo_controller/lib/python3.10/site-packages/my_ax12_servo_controller-0.0.0-py3.10.egg-info
[8.722s] running install_scripts
[8.819s] Installing my_ax12_node script to /home/ubuntu/ros2_ws/install/my_ax12_servo_controller/lib/my_ax12_servo_controller
[8.820s] writing list of installed files to '/home/ubuntu/ros2_ws/build/my_ax12_servo_controller/install.log'
[8.968s] Invoked command in '/home/ubuntu/ros2_ws/src/my_ax12_servo_controller' returned '0': PYTHONPATH=/home/ubuntu/ros2_ws/build/my_ax12_servo_controller/prefix_override:/home/ubuntu/ros2_ws/install/my_ax12_servo_controller/lib/python3.10/site-packages:${PYTHONPATH} /usr/bin/python3 -W ignore:setup.py install is deprecated setup.py egg_info --egg-base ../../build/my_ax12_servo_controller build --build-base /home/ubuntu/ros2_ws/build/my_ax12_servo_controller/build install --record /home/ubuntu/ros2_ws/build/my_ax12_servo_controller/install.log --single-version-externally-managed install_data
