[7.158s] Invoking command in '/home/ubuntu/ros2_ws/src/my_ax12_servo_controller': PYTHONPATH=/home/ubuntu/ros2_ws/build/my_ax12_servo_controller/prefix_override:/home/ubuntu/ros2_ws/install/my_ax12_servo_controller/lib/python3.10/site-packages:${PYTHONPATH} /usr/bin/python3 -W ignore:setup.py install is deprecated setup.py egg_info --egg-base ../../build/my_ax12_servo_controller build --build-base /home/ubuntu/ros2_ws/build/my_ax12_servo_controller/build install --record /home/ubuntu/ros2_ws/build/my_ax12_servo_controller/install.log --single-version-externally-managed install_data
[9.064s] running egg_info
[9.067s] writing ../../build/my_ax12_servo_controller/my_ax12_servo_controller.egg-info/PKG-INFO
[9.068s] writing dependency_links to ../../build/my_ax12_servo_controller/my_ax12_servo_controller.egg-info/dependency_links.txt
[9.077s] writing entry points to ../../build/my_ax12_servo_controller/my_ax12_servo_controller.egg-info/entry_points.txt
[9.078s] writing requirements to ../../build/my_ax12_servo_controller/my_ax12_servo_controller.egg-info/requires.txt
[9.080s] writing top-level names to ../../build/my_ax12_servo_controller/my_ax12_servo_controller.egg-info/top_level.txt
[9.090s] reading manifest file '../../build/my_ax12_servo_controller/my_ax12_servo_controller.egg-info/SOURCES.txt'
[9.092s] adding license file 'LICENSE'
[9.095s] writing manifest file '../../build/my_ax12_servo_controller/my_ax12_servo_controller.egg-info/SOURCES.txt'
[9.096s] running build
[9.097s] running build_py
[9.098s] running install
[9.100s] running install_lib
[9.107s] running install_data
[9.108s] running install_egg_info
[9.117s] removing '/home/ubuntu/ros2_ws/install/my_ax12_servo_controller/lib/python3.10/site-packages/my_ax12_servo_controller-0.0.0-py3.10.egg-info' (and everything under it)
[9.120s] Copying ../../build/my_ax12_servo_controller/my_ax12_servo_controller.egg-info to /home/ubuntu/ros2_ws/install/my_ax12_servo_controller/lib/python3.10/site-packages/my_ax12_servo_controller-0.0.0-py3.10.egg-info
[9.130s] running install_scripts
[9.235s] Installing my_ax12_node script to /home/ubuntu/ros2_ws/install/my_ax12_servo_controller/lib/my_ax12_servo_controller
[9.237s] writing list of installed files to '/home/ubuntu/ros2_ws/build/my_ax12_servo_controller/install.log'
[9.420s] Invoked command in '/home/ubuntu/ros2_ws/src/my_ax12_servo_controller' returned '0': PYTHONPATH=/home/ubuntu/ros2_ws/build/my_ax12_servo_controller/prefix_override:/home/ubuntu/ros2_ws/install/my_ax12_servo_controller/lib/python3.10/site-packages:${PYTHONPATH} /usr/bin/python3 -W ignore:setup.py install is deprecated setup.py egg_info --egg-base ../../build/my_ax12_servo_controller build --build-base /home/ubuntu/ros2_ws/build/my_ax12_servo_controller/build install --record /home/ubuntu/ros2_ws/build/my_ax12_servo_controller/install.log --single-version-externally-managed install_data
