[0.464s] DEBUG:colcon:Command line arguments: ['/usr/bin/colcon', 'build']
[0.464s] DEBUG:colcon:Parsed command line arguments: Namespace(log_base=None, log_level=None, verb_name='build', build_base='build', install_base='install', merge_install=False, symlink_install=False, test_result_base=None, continue_on_error=False, executor='parallel', parallel_workers=4, event_handlers=None, ignore_user_meta=False, metas=['./colcon.meta'], base_paths=['.'], packages_ignore=None, packages_ignore_regex=None, paths=None, packages_up_to=None, packages_up_to_regex=None, packages_above=None, packages_above_and_dependencies=None, packages_above_depth=None, packages_select_by_dep=None, packages_skip_by_dep=None, packages_skip_up_to=None, packages_select_build_failed=False, packages_skip_build_finished=False, packages_select_test_failures=False, packages_skip_test_passed=False, packages_select=None, packages_skip=None, packages_select_regex=None, packages_skip_regex=None, packages_start=None, packages_end=None, allow_overriding=[], cmake_args=None, cmake_target=None, cmake_target_skip_unavailable=False, cmake_clean_cache=False, cmake_clean_first=False, cmake_force_configure=False, ament_cmake_args=None, catkin_cmake_args=None, catkin_skip_building_tests=False, mixin_files=None, mixin=None, verb_parser=<colcon_mixin.mixin.mixin_argument.MixinArgumentDecorator object at 0xffffba77df30>, verb_extension=<colcon_core.verb.build.BuildVerb object at 0xffffba8be500>, main=<bound method BuildVerb.main of <colcon_core.verb.build.BuildVerb object at 0xffffba8be500>>, mixin_verb=('build',))
[1.325s] Level 1:colcon.colcon_core.package_discovery:discover_packages(colcon_meta) check parameters
[1.325s] Level 1:colcon.colcon_core.package_discovery:discover_packages(recursive) check parameters
[1.325s] Level 1:colcon.colcon_core.package_discovery:discover_packages(ignore) check parameters
[1.326s] Level 1:colcon.colcon_core.package_discovery:discover_packages(path) check parameters
[1.326s] Level 1:colcon.colcon_core.package_discovery:discover_packages(colcon_meta) discover
[1.326s] Level 1:colcon.colcon_core.package_discovery:discover_packages(recursive) discover
[1.326s] INFO:colcon.colcon_core.package_discovery:Crawling recursively for packages in '/home/ubuntu/ros2_ws'
[1.327s] Level 1:colcon.colcon_core.package_identification:_identify(.) by extensions ['ignore', 'ignore_ament_install']
[1.327s] Level 1:colcon.colcon_core.package_identification:_identify(.) by extension 'ignore'
[1.327s] Level 1:colcon.colcon_core.package_identification:_identify(.) by extension 'ignore_ament_install'
[1.327s] Level 1:colcon.colcon_core.package_identification:_identify(.) by extensions ['colcon_pkg']
[1.327s] Level 1:colcon.colcon_core.package_identification:_identify(.) by extension 'colcon_pkg'
[1.328s] Level 1:colcon.colcon_core.package_identification:_identify(.) by extensions ['colcon_meta']
[1.328s] Level 1:colcon.colcon_core.package_identification:_identify(.) by extension 'colcon_meta'
[1.328s] Level 1:colcon.colcon_core.package_identification:_identify(.) by extensions ['ros']
[1.328s] Level 1:colcon.colcon_core.package_identification:_identify(.) by extension 'ros'
[1.370s] Level 1:colcon.colcon_core.package_identification:_identify(.) by extensions ['cmake', 'python']
[1.371s] Level 1:colcon.colcon_core.package_identification:_identify(.) by extension 'cmake'
[1.371s] Level 1:colcon.colcon_core.package_identification:_identify(.) by extension 'python'
[1.371s] Level 1:colcon.colcon_core.package_identification:_identify(.) by extensions ['python_setup_py']
[1.371s] Level 1:colcon.colcon_core.package_identification:_identify(.) by extension 'python_setup_py'
[1.372s] Level 1:colcon.colcon_core.package_identification:_identify(build) by extensions ['ignore', 'ignore_ament_install']
[1.372s] Level 1:colcon.colcon_core.package_identification:_identify(build) by extension 'ignore'
[1.372s] Level 1:colcon.colcon_core.package_identification:_identify(build) ignored
[1.373s] Level 1:colcon.colcon_core.package_identification:_identify(install) by extensions ['ignore', 'ignore_ament_install']
[1.373s] Level 1:colcon.colcon_core.package_identification:_identify(install) by extension 'ignore'
[1.373s] Level 1:colcon.colcon_core.package_identification:_identify(install) ignored
[1.374s] Level 1:colcon.colcon_core.package_identification:_identify(lib) by extensions ['ignore', 'ignore_ament_install']
[1.374s] Level 1:colcon.colcon_core.package_identification:_identify(lib) by extension 'ignore'
[1.374s] Level 1:colcon.colcon_core.package_identification:_identify(lib) by extension 'ignore_ament_install'
[1.374s] Level 1:colcon.colcon_core.package_identification:_identify(lib) by extensions ['colcon_pkg']
[1.374s] Level 1:colcon.colcon_core.package_identification:_identify(lib) by extension 'colcon_pkg'
[1.375s] Level 1:colcon.colcon_core.package_identification:_identify(lib) by extensions ['colcon_meta']
[1.375s] Level 1:colcon.colcon_core.package_identification:_identify(lib) by extension 'colcon_meta'
[1.375s] Level 1:colcon.colcon_core.package_identification:_identify(lib) by extensions ['ros']
[1.375s] Level 1:colcon.colcon_core.package_identification:_identify(lib) by extension 'ros'
[1.375s] Level 1:colcon.colcon_core.package_identification:_identify(lib) by extensions ['cmake', 'python']
[1.375s] Level 1:colcon.colcon_core.package_identification:_identify(lib) by extension 'cmake'
[1.376s] Level 1:colcon.colcon_core.package_identification:_identify(lib) by extension 'python'
[1.376s] Level 1:colcon.colcon_core.package_identification:_identify(lib) by extensions ['python_setup_py']
[1.376s] Level 1:colcon.colcon_core.package_identification:_identify(lib) by extension 'python_setup_py'
[1.379s] Level 1:colcon.colcon_core.package_identification:_identify(log) by extensions ['ignore', 'ignore_ament_install']
[1.379s] Level 1:colcon.colcon_core.package_identification:_identify(log) by extension 'ignore'
[1.379s] Level 1:colcon.colcon_core.package_identification:_identify(log) ignored
[1.380s] Level 1:colcon.colcon_core.package_identification:_identify(src) by extensions ['ignore', 'ignore_ament_install']
[1.380s] Level 1:colcon.colcon_core.package_identification:_identify(src) by extension 'ignore'
[1.380s] Level 1:colcon.colcon_core.package_identification:_identify(src) by extension 'ignore_ament_install'
[1.380s] Level 1:colcon.colcon_core.package_identification:_identify(src) by extensions ['colcon_pkg']
[1.380s] Level 1:colcon.colcon_core.package_identification:_identify(src) by extension 'colcon_pkg'
[1.381s] Level 1:colcon.colcon_core.package_identification:_identify(src) by extensions ['colcon_meta']
[1.381s] Level 1:colcon.colcon_core.package_identification:_identify(src) by extension 'colcon_meta'
[1.381s] Level 1:colcon.colcon_core.package_identification:_identify(src) by extensions ['ros']
[1.381s] Level 1:colcon.colcon_core.package_identification:_identify(src) by extension 'ros'
[1.381s] Level 1:colcon.colcon_core.package_identification:_identify(src) by extensions ['cmake', 'python']
[1.381s] Level 1:colcon.colcon_core.package_identification:_identify(src) by extension 'cmake'
[1.381s] Level 1:colcon.colcon_core.package_identification:_identify(src) by extension 'python'
[1.382s] Level 1:colcon.colcon_core.package_identification:_identify(src) by extensions ['python_setup_py']
[1.382s] Level 1:colcon.colcon_core.package_identification:_identify(src) by extension 'python_setup_py'
[1.382s] Level 1:colcon.colcon_core.package_identification:_identify(src/arm_controller_package) by extensions ['ignore', 'ignore_ament_install']
[1.383s] Level 1:colcon.colcon_core.package_identification:_identify(src/arm_controller_package) by extension 'ignore'
[1.383s] Level 1:colcon.colcon_core.package_identification:_identify(src/arm_controller_package) by extension 'ignore_ament_install'
[1.383s] Level 1:colcon.colcon_core.package_identification:_identify(src/arm_controller_package) by extensions ['colcon_pkg']
[1.383s] Level 1:colcon.colcon_core.package_identification:_identify(src/arm_controller_package) by extension 'colcon_pkg'
[1.383s] Level 1:colcon.colcon_core.package_identification:_identify(src/arm_controller_package) by extensions ['colcon_meta']
[1.383s] Level 1:colcon.colcon_core.package_identification:_identify(src/arm_controller_package) by extension 'colcon_meta'
[1.384s] Level 1:colcon.colcon_core.package_identification:_identify(src/arm_controller_package) by extensions ['ros']
[1.384s] Level 1:colcon.colcon_core.package_identification:_identify(src/arm_controller_package) by extension 'ros'
[1.391s] DEBUG:colcon.colcon_core.package_identification:Package 'src/arm_controller_package' with type 'ros.ament_python' and name 'arm_controller_package'
[1.392s] Level 1:colcon.colcon_core.package_identification:_identify(src/my_ax12_servo_controller) by extensions ['ignore', 'ignore_ament_install']
[1.392s] Level 1:colcon.colcon_core.package_identification:_identify(src/my_ax12_servo_controller) by extension 'ignore'
[1.393s] Level 1:colcon.colcon_core.package_identification:_identify(src/my_ax12_servo_controller) by extension 'ignore_ament_install'
[1.393s] Level 1:colcon.colcon_core.package_identification:_identify(src/my_ax12_servo_controller) by extensions ['colcon_pkg']
[1.393s] Level 1:colcon.colcon_core.package_identification:_identify(src/my_ax12_servo_controller) by extension 'colcon_pkg'
[1.393s] Level 1:colcon.colcon_core.package_identification:_identify(src/my_ax12_servo_controller) by extensions ['colcon_meta']
[1.393s] Level 1:colcon.colcon_core.package_identification:_identify(src/my_ax12_servo_controller) by extension 'colcon_meta'
[1.393s] Level 1:colcon.colcon_core.package_identification:_identify(src/my_ax12_servo_controller) by extensions ['ros']
[1.394s] Level 1:colcon.colcon_core.package_identification:_identify(src/my_ax12_servo_controller) by extension 'ros'
[1.396s] DEBUG:colcon.colcon_core.package_identification:Package 'src/my_ax12_servo_controller' with type 'ros.ament_python' and name 'my_ax12_servo_controller'
[1.396s] Level 1:colcon.colcon_core.package_identification:_identify(src/webcam_streamer_package) by extensions ['ignore', 'ignore_ament_install']
[1.397s] Level 1:colcon.colcon_core.package_identification:_identify(src/webcam_streamer_package) by extension 'ignore'
[1.397s] Level 1:colcon.colcon_core.package_identification:_identify(src/webcam_streamer_package) by extension 'ignore_ament_install'
[1.397s] Level 1:colcon.colcon_core.package_identification:_identify(src/webcam_streamer_package) by extensions ['colcon_pkg']
[1.397s] Level 1:colcon.colcon_core.package_identification:_identify(src/webcam_streamer_package) by extension 'colcon_pkg'
[1.397s] Level 1:colcon.colcon_core.package_identification:_identify(src/webcam_streamer_package) by extensions ['colcon_meta']
[1.398s] Level 1:colcon.colcon_core.package_identification:_identify(src/webcam_streamer_package) by extension 'colcon_meta'
[1.398s] Level 1:colcon.colcon_core.package_identification:_identify(src/webcam_streamer_package) by extensions ['ros']
[1.398s] Level 1:colcon.colcon_core.package_identification:_identify(src/webcam_streamer_package) by extension 'ros'
[1.400s] DEBUG:colcon.colcon_core.package_identification:Package 'src/webcam_streamer_package' with type 'ros.ament_python' and name 'webcam_streamer_package'
[1.400s] Level 1:colcon.colcon_core.package_discovery:discover_packages(recursive) using defaults
[1.400s] Level 1:colcon.colcon_core.package_discovery:discover_packages(ignore) discover
[1.400s] Level 1:colcon.colcon_core.package_discovery:discover_packages(ignore) using defaults
[1.400s] Level 1:colcon.colcon_core.package_discovery:discover_packages(path) discover
[1.400s] Level 1:colcon.colcon_core.package_discovery:discover_packages(path) using defaults
[1.514s] Level 1:colcon.colcon_core.package_discovery:discover_packages(prefix_path) check parameters
[1.514s] Level 1:colcon.colcon_core.package_discovery:discover_packages(prefix_path) discover
[1.525s] DEBUG:colcon.colcon_installed_package_information.package_discovery:Found 4 installed packages in /home/ubuntu/ros2_ws/install
[1.534s] DEBUG:colcon.colcon_installed_package_information.package_discovery:Found 288 installed packages in /opt/ros/iron
[1.542s] Level 1:colcon.colcon_core.package_discovery:discover_packages(prefix_path) using defaults
[1.737s] Level 5:colcon.colcon_core.verb:set package 'arm_controller_package' build argument 'cmake_args' from command line to 'None'
[1.738s] Level 5:colcon.colcon_core.verb:set package 'arm_controller_package' build argument 'cmake_target' from command line to 'None'
[1.738s] Level 5:colcon.colcon_core.verb:set package 'arm_controller_package' build argument 'cmake_target_skip_unavailable' from command line to 'False'
[1.738s] Level 5:colcon.colcon_core.verb:set package 'arm_controller_package' build argument 'cmake_clean_cache' from command line to 'False'
[1.738s] Level 5:colcon.colcon_core.verb:set package 'arm_controller_package' build argument 'cmake_clean_first' from command line to 'False'
[1.738s] Level 5:colcon.colcon_core.verb:set package 'arm_controller_package' build argument 'cmake_force_configure' from command line to 'False'
[1.738s] Level 5:colcon.colcon_core.verb:set package 'arm_controller_package' build argument 'ament_cmake_args' from command line to 'None'
[1.738s] Level 5:colcon.colcon_core.verb:set package 'arm_controller_package' build argument 'catkin_cmake_args' from command line to 'None'
[1.738s] Level 5:colcon.colcon_core.verb:set package 'arm_controller_package' build argument 'catkin_skip_building_tests' from command line to 'False'
[1.739s] DEBUG:colcon.colcon_core.verb:Building package 'arm_controller_package' with the following arguments: {'ament_cmake_args': None, 'build_base': '/home/ubuntu/ros2_ws/build/arm_controller_package', 'catkin_cmake_args': None, 'catkin_skip_building_tests': False, 'cmake_args': None, 'cmake_clean_cache': False, 'cmake_clean_first': False, 'cmake_force_configure': False, 'cmake_target': None, 'cmake_target_skip_unavailable': False, 'install_base': '/home/ubuntu/ros2_ws/install/arm_controller_package', 'merge_install': False, 'path': '/home/ubuntu/ros2_ws/src/arm_controller_package', 'symlink_install': False, 'test_result_base': None}
[1.740s] Level 5:colcon.colcon_core.verb:set package 'my_ax12_servo_controller' build argument 'cmake_args' from command line to 'None'
[1.740s] Level 5:colcon.colcon_core.verb:set package 'my_ax12_servo_controller' build argument 'cmake_target' from command line to 'None'
[1.740s] Level 5:colcon.colcon_core.verb:set package 'my_ax12_servo_controller' build argument 'cmake_target_skip_unavailable' from command line to 'False'
[1.740s] Level 5:colcon.colcon_core.verb:set package 'my_ax12_servo_controller' build argument 'cmake_clean_cache' from command line to 'False'
[1.740s] Level 5:colcon.colcon_core.verb:set package 'my_ax12_servo_controller' build argument 'cmake_clean_first' from command line to 'False'
[1.741s] Level 5:colcon.colcon_core.verb:set package 'my_ax12_servo_controller' build argument 'cmake_force_configure' from command line to 'False'
[1.741s] Level 5:colcon.colcon_core.verb:set package 'my_ax12_servo_controller' build argument 'ament_cmake_args' from command line to 'None'
[1.741s] Level 5:colcon.colcon_core.verb:set package 'my_ax12_servo_controller' build argument 'catkin_cmake_args' from command line to 'None'
[1.741s] Level 5:colcon.colcon_core.verb:set package 'my_ax12_servo_controller' build argument 'catkin_skip_building_tests' from command line to 'False'
[1.741s] DEBUG:colcon.colcon_core.verb:Building package 'my_ax12_servo_controller' with the following arguments: {'ament_cmake_args': None, 'build_base': '/home/ubuntu/ros2_ws/build/my_ax12_servo_controller', 'catkin_cmake_args': None, 'catkin_skip_building_tests': False, 'cmake_args': None, 'cmake_clean_cache': False, 'cmake_clean_first': False, 'cmake_force_configure': False, 'cmake_target': None, 'cmake_target_skip_unavailable': False, 'install_base': '/home/ubuntu/ros2_ws/install/my_ax12_servo_controller', 'merge_install': False, 'path': '/home/ubuntu/ros2_ws/src/my_ax12_servo_controller', 'symlink_install': False, 'test_result_base': None}
[1.742s] Level 5:colcon.colcon_core.verb:set package 'webcam_streamer_package' build argument 'cmake_args' from command line to 'None'
[1.743s] Level 5:colcon.colcon_core.verb:set package 'webcam_streamer_package' build argument 'cmake_target' from command line to 'None'
[1.743s] Level 5:colcon.colcon_core.verb:set package 'webcam_streamer_package' build argument 'cmake_target_skip_unavailable' from command line to 'False'
[1.743s] Level 5:colcon.colcon_core.verb:set package 'webcam_streamer_package' build argument 'cmake_clean_cache' from command line to 'False'
[1.743s] Level 5:colcon.colcon_core.verb:set package 'webcam_streamer_package' build argument 'cmake_clean_first' from command line to 'False'
[1.743s] Level 5:colcon.colcon_core.verb:set package 'webcam_streamer_package' build argument 'cmake_force_configure' from command line to 'False'
[1.743s] Level 5:colcon.colcon_core.verb:set package 'webcam_streamer_package' build argument 'ament_cmake_args' from command line to 'None'
[1.743s] Level 5:colcon.colcon_core.verb:set package 'webcam_streamer_package' build argument 'catkin_cmake_args' from command line to 'None'
[1.743s] Level 5:colcon.colcon_core.verb:set package 'webcam_streamer_package' build argument 'catkin_skip_building_tests' from command line to 'False'
[1.743s] DEBUG:colcon.colcon_core.verb:Building package 'webcam_streamer_package' with the following arguments: {'ament_cmake_args': None, 'build_base': '/home/ubuntu/ros2_ws/build/webcam_streamer_package', 'catkin_cmake_args': None, 'catkin_skip_building_tests': False, 'cmake_args': None, 'cmake_clean_cache': False, 'cmake_clean_first': False, 'cmake_force_configure': False, 'cmake_target': None, 'cmake_target_skip_unavailable': False, 'install_base': '/home/ubuntu/ros2_ws/install/webcam_streamer_package', 'merge_install': False, 'path': '/home/ubuntu/ros2_ws/src/webcam_streamer_package', 'symlink_install': False, 'test_result_base': None}
[1.744s] INFO:colcon.colcon_core.executor:Executing jobs using 'parallel' executor
[1.747s] DEBUG:colcon.colcon_parallel_executor.executor.parallel:run_until_complete
[1.748s] INFO:colcon.colcon_ros.task.ament_python.build:Building ROS package in '/home/ubuntu/ros2_ws/src/arm_controller_package' with build type 'ament_python'
[1.748s] Level 1:colcon.colcon_core.shell:create_environment_hook('arm_controller_package', 'ament_prefix_path')
[1.758s] INFO:colcon.colcon_core.plugin_system:Skipping extension 'colcon_core.shell.bat': Not used on non-Windows systems
[1.759s] INFO:colcon.colcon_core.shell:Creating environment hook '/home/ubuntu/ros2_ws/install/arm_controller_package/share/arm_controller_package/hook/ament_prefix_path.ps1'
[1.761s] INFO:colcon.colcon_core.shell:Creating environment descriptor '/home/ubuntu/ros2_ws/install/arm_controller_package/share/arm_controller_package/hook/ament_prefix_path.dsv'
[1.763s] INFO:colcon.colcon_core.shell:Creating environment hook '/home/ubuntu/ros2_ws/install/arm_controller_package/share/arm_controller_package/hook/ament_prefix_path.sh'
[1.767s] INFO:colcon.colcon_core.shell:Skip shell extension 'powershell' for command environment: Not usable outside of PowerShell
[1.767s] DEBUG:colcon.colcon_core.shell:Skip shell extension 'dsv' for command environment
[1.785s] INFO:colcon.colcon_ros.task.ament_python.build:Building ROS package in '/home/ubuntu/ros2_ws/src/my_ax12_servo_controller' with build type 'ament_python'
[1.786s] Level 1:colcon.colcon_core.shell:create_environment_hook('my_ax12_servo_controller', 'ament_prefix_path')
[1.787s] INFO:colcon.colcon_core.shell:Creating environment hook '/home/ubuntu/ros2_ws/install/my_ax12_servo_controller/share/my_ax12_servo_controller/hook/ament_prefix_path.ps1'
[1.789s] INFO:colcon.colcon_core.shell:Creating environment descriptor '/home/ubuntu/ros2_ws/install/my_ax12_servo_controller/share/my_ax12_servo_controller/hook/ament_prefix_path.dsv'
[1.791s] INFO:colcon.colcon_core.shell:Creating environment hook '/home/ubuntu/ros2_ws/install/my_ax12_servo_controller/share/my_ax12_servo_controller/hook/ament_prefix_path.sh'
[1.794s] INFO:colcon.colcon_core.shell:Skip shell extension 'powershell' for command environment: Not usable outside of PowerShell
[1.794s] DEBUG:colcon.colcon_core.shell:Skip shell extension 'dsv' for command environment
[1.812s] INFO:colcon.colcon_ros.task.ament_python.build:Building ROS package in '/home/ubuntu/ros2_ws/src/webcam_streamer_package' with build type 'ament_python'
[1.813s] Level 1:colcon.colcon_core.shell:create_environment_hook('webcam_streamer_package', 'ament_prefix_path')
[1.814s] INFO:colcon.colcon_core.shell:Creating environment hook '/home/ubuntu/ros2_ws/install/webcam_streamer_package/share/webcam_streamer_package/hook/ament_prefix_path.ps1'
[1.817s] INFO:colcon.colcon_core.shell:Creating environment descriptor '/home/ubuntu/ros2_ws/install/webcam_streamer_package/share/webcam_streamer_package/hook/ament_prefix_path.dsv'
[1.819s] INFO:colcon.colcon_core.shell:Creating environment hook '/home/ubuntu/ros2_ws/install/webcam_streamer_package/share/webcam_streamer_package/hook/ament_prefix_path.sh'
[1.822s] INFO:colcon.colcon_core.shell:Skip shell extension 'powershell' for command environment: Not usable outside of PowerShell
[1.822s] DEBUG:colcon.colcon_core.shell:Skip shell extension 'dsv' for command environment
[3.040s] INFO:colcon.colcon_core.task.python.build:Building Python package in '/home/ubuntu/ros2_ws/src/arm_controller_package'
[3.041s] INFO:colcon.colcon_core.shell:Skip shell extension 'powershell' for command environment: Not usable outside of PowerShell
[3.041s] DEBUG:colcon.colcon_core.shell:Skip shell extension 'dsv' for command environment
[4.250s] INFO:colcon.colcon_core.task.python.build:Building Python package in '/home/ubuntu/ros2_ws/src/my_ax12_servo_controller'
[4.251s] INFO:colcon.colcon_core.shell:Skip shell extension 'powershell' for command environment: Not usable outside of PowerShell
[4.251s] DEBUG:colcon.colcon_core.shell:Skip shell extension 'dsv' for command environment
[5.460s] INFO:colcon.colcon_core.task.python.build:Building Python package in '/home/ubuntu/ros2_ws/src/webcam_streamer_package'
[5.461s] INFO:colcon.colcon_core.shell:Skip shell extension 'powershell' for command environment: Not usable outside of PowerShell
[5.461s] DEBUG:colcon.colcon_core.shell:Skip shell extension 'dsv' for command environment
[7.709s] DEBUG:colcon.colcon_core.event_handler.log_command:Invoking command in '/home/ubuntu/ros2_ws/src/arm_controller_package': PYTHONPATH=/home/ubuntu/ros2_ws/build/arm_controller_package/prefix_override:/home/ubuntu/ros2_ws/install/arm_controller_package/lib/python3.10/site-packages:${PYTHONPATH} /usr/bin/python3 -W ignore:setup.py install is deprecated setup.py egg_info --egg-base ../../build/arm_controller_package build --build-base /home/ubuntu/ros2_ws/build/arm_controller_package/build install --record /home/ubuntu/ros2_ws/build/arm_controller_package/install.log --single-version-externally-managed install_data
[7.742s] DEBUG:colcon.colcon_core.event_handler.log_command:Invoking command in '/home/ubuntu/ros2_ws/src/my_ax12_servo_controller': PYTHONPATH=/home/ubuntu/ros2_ws/build/my_ax12_servo_controller/prefix_override:/home/ubuntu/ros2_ws/install/my_ax12_servo_controller/lib/python3.10/site-packages:${PYTHONPATH} /usr/bin/python3 -W ignore:setup.py install is deprecated setup.py egg_info --egg-base ../../build/my_ax12_servo_controller build --build-base /home/ubuntu/ros2_ws/build/my_ax12_servo_controller/build install --record /home/ubuntu/ros2_ws/build/my_ax12_servo_controller/install.log --single-version-externally-managed install_data
[7.760s] DEBUG:colcon.colcon_core.event_handler.log_command:Invoking command in '/home/ubuntu/ros2_ws/src/webcam_streamer_package': PYTHONPATH=/home/ubuntu/ros2_ws/build/webcam_streamer_package/prefix_override:/home/ubuntu/ros2_ws/install/webcam_streamer_package/lib/python3.10/site-packages:${PYTHONPATH} /usr/bin/python3 -W ignore:setup.py install is deprecated setup.py egg_info --egg-base ../../build/webcam_streamer_package build --build-base /home/ubuntu/ros2_ws/build/webcam_streamer_package/build install --record /home/ubuntu/ros2_ws/build/webcam_streamer_package/install.log --single-version-externally-managed install_data
[9.557s] DEBUG:colcon.colcon_core.event_handler.log_command:Invoked command in '/home/ubuntu/ros2_ws/src/arm_controller_package' returned '0': PYTHONPATH=/home/ubuntu/ros2_ws/build/arm_controller_package/prefix_override:/home/ubuntu/ros2_ws/install/arm_controller_package/lib/python3.10/site-packages:${PYTHONPATH} /usr/bin/python3 -W ignore:setup.py install is deprecated setup.py egg_info --egg-base ../../build/arm_controller_package build --build-base /home/ubuntu/ros2_ws/build/arm_controller_package/build install --record /home/ubuntu/ros2_ws/build/arm_controller_package/install.log --single-version-externally-managed install_data
[9.586s] Level 1:colcon.colcon_core.environment:checking '/home/ubuntu/ros2_ws/install/arm_controller_package' for CMake module files
[9.590s] Level 1:colcon.colcon_core.environment:checking '/home/ubuntu/ros2_ws/install/arm_controller_package' for CMake config files
[9.596s] Level 1:colcon.colcon_core.environment:checking '/home/ubuntu/ros2_ws/install/arm_controller_package/lib'
[9.597s] Level 1:colcon.colcon_core.environment:checking '/home/ubuntu/ros2_ws/install/arm_controller_package/bin'
[9.598s] Level 1:colcon.colcon_core.environment:checking '/home/ubuntu/ros2_ws/install/arm_controller_package/lib/pkgconfig/arm_controller_package.pc'
[9.600s] Level 1:colcon.colcon_core.environment:checking '/home/ubuntu/ros2_ws/install/arm_controller_package/lib/python3.10/site-packages'
[9.600s] Level 1:colcon.colcon_core.shell:create_environment_hook('arm_controller_package', 'pythonpath')
[9.601s] INFO:colcon.colcon_core.shell:Creating environment hook '/home/ubuntu/ros2_ws/install/arm_controller_package/share/arm_controller_package/hook/pythonpath.ps1'
[9.605s] INFO:colcon.colcon_core.shell:Creating environment descriptor '/home/ubuntu/ros2_ws/install/arm_controller_package/share/arm_controller_package/hook/pythonpath.dsv'
[9.608s] INFO:colcon.colcon_core.shell:Creating environment hook '/home/ubuntu/ros2_ws/install/arm_controller_package/share/arm_controller_package/hook/pythonpath.sh'
[9.613s] Level 1:colcon.colcon_core.environment:checking '/home/ubuntu/ros2_ws/install/arm_controller_package/bin'
[9.614s] Level 1:colcon.colcon_core.environment:create_environment_scripts_only(arm_controller_package)
[9.616s] INFO:colcon.colcon_core.shell:Creating package script '/home/ubuntu/ros2_ws/install/arm_controller_package/share/arm_controller_package/package.ps1'
[9.622s] INFO:colcon.colcon_core.shell:Creating package descriptor '/home/ubuntu/ros2_ws/install/arm_controller_package/share/arm_controller_package/package.dsv'
[9.627s] INFO:colcon.colcon_core.shell:Creating package script '/home/ubuntu/ros2_ws/install/arm_controller_package/share/arm_controller_package/package.sh'
[9.631s] INFO:colcon.colcon_core.shell:Creating package script '/home/ubuntu/ros2_ws/install/arm_controller_package/share/arm_controller_package/package.bash'
[9.636s] INFO:colcon.colcon_core.shell:Creating package script '/home/ubuntu/ros2_ws/install/arm_controller_package/share/arm_controller_package/package.zsh'
[9.640s] Level 1:colcon.colcon_core.environment:create_file_with_runtime_dependencies(/home/ubuntu/ros2_ws/install/arm_controller_package/share/colcon-core/packages/arm_controller_package)
[9.649s] Level 1:colcon.colcon_core.environment:checking '/home/ubuntu/ros2_ws/install/my_ax12_servo_controller' for CMake module files
[9.652s] DEBUG:colcon.colcon_core.event_handler.log_command:Invoked command in '/home/ubuntu/ros2_ws/src/my_ax12_servo_controller' returned '0': PYTHONPATH=/home/ubuntu/ros2_ws/build/my_ax12_servo_controller/prefix_override:/home/ubuntu/ros2_ws/install/my_ax12_servo_controller/lib/python3.10/site-packages:${PYTHONPATH} /usr/bin/python3 -W ignore:setup.py install is deprecated setup.py egg_info --egg-base ../../build/my_ax12_servo_controller build --build-base /home/ubuntu/ros2_ws/build/my_ax12_servo_controller/build install --record /home/ubuntu/ros2_ws/build/my_ax12_servo_controller/install.log --single-version-externally-managed install_data
[9.654s] Level 1:colcon.colcon_core.environment:checking '/home/ubuntu/ros2_ws/install/my_ax12_servo_controller' for CMake config files
[9.657s] Level 1:colcon.colcon_core.environment:checking '/home/ubuntu/ros2_ws/install/my_ax12_servo_controller/lib'
[9.658s] Level 1:colcon.colcon_core.environment:checking '/home/ubuntu/ros2_ws/install/my_ax12_servo_controller/bin'
[9.658s] Level 1:colcon.colcon_core.environment:checking '/home/ubuntu/ros2_ws/install/my_ax12_servo_controller/lib/pkgconfig/my_ax12_servo_controller.pc'
[9.659s] Level 1:colcon.colcon_core.environment:checking '/home/ubuntu/ros2_ws/install/my_ax12_servo_controller/lib/python3.10/site-packages'
[9.659s] Level 1:colcon.colcon_core.shell:create_environment_hook('my_ax12_servo_controller', 'pythonpath')
[9.660s] INFO:colcon.colcon_core.shell:Creating environment hook '/home/ubuntu/ros2_ws/install/my_ax12_servo_controller/share/my_ax12_servo_controller/hook/pythonpath.ps1'
[9.662s] INFO:colcon.colcon_core.shell:Creating environment descriptor '/home/ubuntu/ros2_ws/install/my_ax12_servo_controller/share/my_ax12_servo_controller/hook/pythonpath.dsv'
[9.663s] INFO:colcon.colcon_core.shell:Creating environment hook '/home/ubuntu/ros2_ws/install/my_ax12_servo_controller/share/my_ax12_servo_controller/hook/pythonpath.sh'
[9.665s] Level 1:colcon.colcon_core.environment:checking '/home/ubuntu/ros2_ws/install/my_ax12_servo_controller/bin'
[9.666s] Level 1:colcon.colcon_core.environment:create_environment_scripts_only(my_ax12_servo_controller)
[9.667s] INFO:colcon.colcon_core.shell:Creating package script '/home/ubuntu/ros2_ws/install/my_ax12_servo_controller/share/my_ax12_servo_controller/package.ps1'
[9.670s] INFO:colcon.colcon_core.shell:Creating package descriptor '/home/ubuntu/ros2_ws/install/my_ax12_servo_controller/share/my_ax12_servo_controller/package.dsv'
[9.672s] INFO:colcon.colcon_core.shell:Creating package script '/home/ubuntu/ros2_ws/install/my_ax12_servo_controller/share/my_ax12_servo_controller/package.sh'
[9.673s] INFO:colcon.colcon_core.shell:Creating package script '/home/ubuntu/ros2_ws/install/my_ax12_servo_controller/share/my_ax12_servo_controller/package.bash'
[9.675s] INFO:colcon.colcon_core.shell:Creating package script '/home/ubuntu/ros2_ws/install/my_ax12_servo_controller/share/my_ax12_servo_controller/package.zsh'
[9.676s] Level 1:colcon.colcon_core.environment:create_file_with_runtime_dependencies(/home/ubuntu/ros2_ws/install/my_ax12_servo_controller/share/colcon-core/packages/my_ax12_servo_controller)
[9.680s] Level 1:colcon.colcon_core.environment:checking '/home/ubuntu/ros2_ws/install/webcam_streamer_package' for CMake module files
[9.682s] DEBUG:colcon.colcon_core.event_handler.log_command:Invoked command in '/home/ubuntu/ros2_ws/src/webcam_streamer_package' returned '0': PYTHONPATH=/home/ubuntu/ros2_ws/build/webcam_streamer_package/prefix_override:/home/ubuntu/ros2_ws/install/webcam_streamer_package/lib/python3.10/site-packages:${PYTHONPATH} /usr/bin/python3 -W ignore:setup.py install is deprecated setup.py egg_info --egg-base ../../build/webcam_streamer_package build --build-base /home/ubuntu/ros2_ws/build/webcam_streamer_package/build install --record /home/ubuntu/ros2_ws/build/webcam_streamer_package/install.log --single-version-externally-managed install_data
[9.684s] Level 1:colcon.colcon_core.environment:checking '/home/ubuntu/ros2_ws/install/webcam_streamer_package' for CMake config files
[9.687s] Level 1:colcon.colcon_core.environment:checking '/home/ubuntu/ros2_ws/install/webcam_streamer_package/lib'
[9.688s] Level 1:colcon.colcon_core.environment:checking '/home/ubuntu/ros2_ws/install/webcam_streamer_package/bin'
[9.688s] Level 1:colcon.colcon_core.environment:checking '/home/ubuntu/ros2_ws/install/webcam_streamer_package/lib/pkgconfig/webcam_streamer_package.pc'
[9.689s] Level 1:colcon.colcon_core.environment:checking '/home/ubuntu/ros2_ws/install/webcam_streamer_package/lib/python3.10/site-packages'
[9.689s] Level 1:colcon.colcon_core.shell:create_environment_hook('webcam_streamer_package', 'pythonpath')
[9.691s] INFO:colcon.colcon_core.shell:Creating environment hook '/home/ubuntu/ros2_ws/install/webcam_streamer_package/share/webcam_streamer_package/hook/pythonpath.ps1'
[9.693s] INFO:colcon.colcon_core.shell:Creating environment descriptor '/home/ubuntu/ros2_ws/install/webcam_streamer_package/share/webcam_streamer_package/hook/pythonpath.dsv'
[9.694s] INFO:colcon.colcon_core.shell:Creating environment hook '/home/ubuntu/ros2_ws/install/webcam_streamer_package/share/webcam_streamer_package/hook/pythonpath.sh'
[9.697s] Level 1:colcon.colcon_core.environment:checking '/home/ubuntu/ros2_ws/install/webcam_streamer_package/bin'
[9.698s] Level 1:colcon.colcon_core.environment:create_environment_scripts_only(webcam_streamer_package)
[9.699s] INFO:colcon.colcon_core.shell:Creating package script '/home/ubuntu/ros2_ws/install/webcam_streamer_package/share/webcam_streamer_package/package.ps1'
[9.701s] INFO:colcon.colcon_core.shell:Creating package descriptor '/home/ubuntu/ros2_ws/install/webcam_streamer_package/share/webcam_streamer_package/package.dsv'
[9.703s] INFO:colcon.colcon_core.shell:Creating package script '/home/ubuntu/ros2_ws/install/webcam_streamer_package/share/webcam_streamer_package/package.sh'
[9.704s] INFO:colcon.colcon_core.shell:Creating package script '/home/ubuntu/ros2_ws/install/webcam_streamer_package/share/webcam_streamer_package/package.bash'
[9.706s] INFO:colcon.colcon_core.shell:Creating package script '/home/ubuntu/ros2_ws/install/webcam_streamer_package/share/webcam_streamer_package/package.zsh'
[9.708s] Level 1:colcon.colcon_core.environment:create_file_with_runtime_dependencies(/home/ubuntu/ros2_ws/install/webcam_streamer_package/share/colcon-core/packages/webcam_streamer_package)
[9.708s] DEBUG:colcon.colcon_parallel_executor.executor.parallel:closing loop
[9.710s] DEBUG:colcon.colcon_parallel_executor.executor.parallel:loop closed
[9.710s] DEBUG:colcon.colcon_parallel_executor.executor.parallel:run_until_complete finished with '0'
[9.711s] DEBUG:colcon.colcon_core.event_reactor:joining thread
[9.730s] INFO:colcon.colcon_core.plugin_system:Skipping extension 'colcon_notification.desktop_notification.notify_send': Could not find 'notify-send'
[9.731s] INFO:colcon.colcon_core.plugin_system:Skipping extension 'colcon_notification.desktop_notification.terminal_notifier': Not used on non-Darwin systems
[9.731s] INFO:colcon.colcon_core.plugin_system:Skipping extension 'colcon_notification.desktop_notification.win32': Not used on non-Windows systems
[9.731s] INFO:colcon.colcon_notification.desktop_notification:Sending desktop notification using 'notify2'
[9.734s] DEBUG:colcon.colcon_notification.desktop_notification.notify2:Failed to initialize notify2: org.freedesktop.DBus.Error.ServiceUnknown: The name org.freedesktop.Notifications was not provided by any .service files
[9.734s] DEBUG:colcon.colcon_core.event_reactor:joined thread
[9.735s] INFO:colcon.colcon_core.shell:Creating prefix script '/home/ubuntu/ros2_ws/install/local_setup.ps1'
[9.738s] INFO:colcon.colcon_core.shell:Creating prefix util module '/home/ubuntu/ros2_ws/install/_local_setup_util_ps1.py'
[9.745s] INFO:colcon.colcon_core.shell:Creating prefix chain script '/home/ubuntu/ros2_ws/install/setup.ps1'
[9.750s] INFO:colcon.colcon_core.shell:Creating prefix script '/home/ubuntu/ros2_ws/install/local_setup.sh'
[9.753s] INFO:colcon.colcon_core.shell:Creating prefix util module '/home/ubuntu/ros2_ws/install/_local_setup_util_sh.py'
[9.755s] INFO:colcon.colcon_core.shell:Creating prefix chain script '/home/ubuntu/ros2_ws/install/setup.sh'
[9.760s] INFO:colcon.colcon_core.shell:Creating prefix script '/home/ubuntu/ros2_ws/install/local_setup.bash'
[9.762s] INFO:colcon.colcon_core.shell:Creating prefix chain script '/home/ubuntu/ros2_ws/install/setup.bash'
[9.767s] INFO:colcon.colcon_core.shell:Creating prefix script '/home/ubuntu/ros2_ws/install/local_setup.zsh'
[9.769s] INFO:colcon.colcon_core.shell:Creating prefix chain script '/home/ubuntu/ros2_ws/install/setup.zsh'
