[6.033s] Invoking command in '/home/ubuntu/ros2_ws/src/arm_controller_package': PYTHONPATH=/home/ubuntu/ros2_ws/build/arm_controller_package/prefix_override:/home/ubuntu/ros2_ws/install/arm_controller_package/lib/python3.10/site-packages:${PYTHONPATH} /usr/bin/python3 -W ignore:setup.py install is deprecated setup.py egg_info --egg-base ../../build/arm_controller_package build --build-base /home/ubuntu/ros2_ws/build/arm_controller_package/build install --record /home/ubuntu/ros2_ws/build/arm_controller_package/install.log --single-version-externally-managed install_data
[7.506s] running egg_info
[7.510s] writing ../../build/arm_controller_package/arm_controller_package.egg-info/PKG-INFO
[7.513s] writing dependency_links to ../../build/arm_controller_package/arm_controller_package.egg-info/dependency_links.txt
[7.516s] writing entry points to ../../build/arm_controller_package/arm_controller_package.egg-info/entry_points.txt
[7.517s] writing requirements to ../../build/arm_controller_package/arm_controller_package.egg-info/requires.txt
[7.518s] writing top-level names to ../../build/arm_controller_package/arm_controller_package.egg-info/top_level.txt
[7.528s] reading manifest file '../../build/arm_controller_package/arm_controller_package.egg-info/SOURCES.txt'
[7.532s] writing manifest file '../../build/arm_controller_package/arm_controller_package.egg-info/SOURCES.txt'
[7.533s] running build
[7.533s] running build_py
[7.535s] running install
[7.536s] running install_lib
[7.545s] byte-compiling /home/ubuntu/ros2_ws/install/arm_controller_package/lib/python3.10/site-packages/arm_controller_package/arm_controller.py to arm_controller.cpython-310.pyc
[7.549s] running install_data
[7.549s] Sorry: TabError: inconsistent use of tabs and spaces in indentation (arm_controller.py, line 23)
[7.550s] running install_egg_info
[7.556s] removing '/home/ubuntu/ros2_ws/install/arm_controller_package/lib/python3.10/site-packages/arm_controller_package-0.0.0-py3.10.egg-info' (and everything under it)
[7.559s] Copying ../../build/arm_controller_package/arm_controller_package.egg-info to /home/ubuntu/ros2_ws/install/arm_controller_package/lib/python3.10/site-packages/arm_controller_package-0.0.0-py3.10.egg-info
[7.568s] running install_scripts
[7.664s] Installing arm_controller script to /home/ubuntu/ros2_ws/install/arm_controller_package/lib/arm_controller_package
[7.667s] writing list of installed files to '/home/ubuntu/ros2_ws/build/arm_controller_package/install.log'
[7.890s] Invoked command in '/home/ubuntu/ros2_ws/src/arm_controller_package' returned '0': PYTHONPATH=/home/ubuntu/ros2_ws/build/arm_controller_package/prefix_override:/home/ubuntu/ros2_ws/install/arm_controller_package/lib/python3.10/site-packages:${PYTHONPATH} /usr/bin/python3 -W ignore:setup.py install is deprecated setup.py egg_info --egg-base ../../build/arm_controller_package build --build-base /home/ubuntu/ros2_ws/build/arm_controller_package/build install --record /home/ubuntu/ros2_ws/build/arm_controller_package/install.log --single-version-externally-managed install_data
