[6.024s] Invoking command in '/home/ubuntu/ros2_ws/src/arm_controller_package': PYTHONPATH=/home/ubuntu/ros2_ws/build/arm_controller_package/prefix_override:/home/ubuntu/ros2_ws/install/arm_controller_package/lib/python3.10/site-packages:${PYTHONPATH} /usr/bin/python3 -W ignore:setup.py install is deprecated setup.py egg_info --egg-base ../../build/arm_controller_package build --build-base /home/ubuntu/ros2_ws/build/arm_controller_package/build install --record /home/ubuntu/ros2_ws/build/arm_controller_package/install.log --single-version-externally-managed install_data
[7.537s] running egg_info
[7.540s] writing ../../build/arm_controller_package/arm_controller_package.egg-info/PKG-INFO
[7.540s] writing dependency_links to ../../build/arm_controller_package/arm_controller_package.egg-info/dependency_links.txt
[7.548s] writing entry points to ../../build/arm_controller_package/arm_controller_package.egg-info/entry_points.txt
[7.549s] writing requirements to ../../build/arm_controller_package/arm_controller_package.egg-info/requires.txt
[7.550s] writing top-level names to ../../build/arm_controller_package/arm_controller_package.egg-info/top_level.txt
[7.559s] reading manifest file '../../build/arm_controller_package/arm_controller_package.egg-info/SOURCES.txt'
[7.566s] writing manifest file '../../build/arm_controller_package/arm_controller_package.egg-info/SOURCES.txt'
[7.567s] running build
[7.568s] running build_py
[7.569s] running install
[7.571s] running install_lib
[7.579s] running install_data
[7.580s] running install_egg_info
[7.588s] removing '/home/ubuntu/ros2_ws/install/arm_controller_package/lib/python3.10/site-packages/arm_controller_package-0.0.0-py3.10.egg-info' (and everything under it)
[7.590s] Copying ../../build/arm_controller_package/arm_controller_package.egg-info to /home/ubuntu/ros2_ws/install/arm_controller_package/lib/python3.10/site-packages/arm_controller_package-0.0.0-py3.10.egg-info
[7.599s] running install_scripts
[7.708s] Installing arm_controller script to /home/ubuntu/ros2_ws/install/arm_controller_package/lib/arm_controller_package
[7.714s] writing list of installed files to '/home/ubuntu/ros2_ws/build/arm_controller_package/install.log'
[8.028s] Invoked command in '/home/ubuntu/ros2_ws/src/arm_controller_package' returned '0': PYTHONPATH=/home/ubuntu/ros2_ws/build/arm_controller_package/prefix_override:/home/ubuntu/ros2_ws/install/arm_controller_package/lib/python3.10/site-packages:${PYTHONPATH} /usr/bin/python3 -W ignore:setup.py install is deprecated setup.py egg_info --egg-base ../../build/arm_controller_package build --build-base /home/ubuntu/ros2_ws/build/arm_controller_package/build install --record /home/ubuntu/ros2_ws/build/arm_controller_package/install.log --single-version-externally-managed install_data
