running egg_info
writing ../../build/arm_controller_package/arm_controller_package.egg-info/PKG-INFO
writing dependency_links to ../../build/arm_controller_package/arm_controller_package.egg-info/dependency_links.txt
writing entry points to ../../build/arm_controller_package/arm_controller_package.egg-info/entry_points.txt
writing requirements to ../../build/arm_controller_package/arm_controller_package.egg-info/requires.txt
writing top-level names to ../../build/arm_controller_package/arm_controller_package.egg-info/top_level.txt
reading manifest file '../../build/arm_controller_package/arm_controller_package.egg-info/SOURCES.txt'
writing manifest file '../../build/arm_controller_package/arm_controller_package.egg-info/SOURCES.txt'
running build
running build_py
copying arm_controller_package/Kinematics.py -> /home/ubuntu/ros2_ws/build/arm_controller_package/build/lib/arm_controller_package
copying arm_controller_package/PiClient.py -> /home/ubuntu/ros2_ws/build/arm_controller_package/build/lib/arm_controller_package
running install
running install_lib
copying /home/ubuntu/ros2_ws/build/arm_controller_package/build/lib/arm_controller_package/Kinematics.py -> /home/ubuntu/ros2_ws/install/arm_controller_package/lib/python3.10/site-packages/arm_controller_package
copying /home/ubuntu/ros2_ws/build/arm_controller_package/build/lib/arm_controller_package/PiClient.py -> /home/ubuntu/ros2_ws/install/arm_controller_package/lib/python3.10/site-packages/arm_controller_package
byte-compiling /home/ubuntu/ros2_ws/install/arm_controller_package/lib/python3.10/site-packages/arm_controller_package/Kinematics.py to Kinematics.cpython-310.pyc
byte-compiling /home/ubuntu/ros2_ws/install/arm_controller_package/lib/python3.10/site-packages/arm_controller_package/PiClient.py to PiClient.cpython-310.pyc
running install_data
running install_egg_info
removing '/home/ubuntu/ros2_ws/install/arm_controller_package/lib/python3.10/site-packages/arm_controller_package-0.0.0-py3.10.egg-info' (and everything under it)
Copying ../../build/arm_controller_package/arm_controller_package.egg-info to /home/ubuntu/ros2_ws/install/arm_controller_package/lib/python3.10/site-packages/arm_controller_package-0.0.0-py3.10.egg-info
running install_scripts
Installing arm_controller script to /home/ubuntu/ros2_ws/install/arm_controller_package/lib/arm_controller_package
writing list of installed files to '/home/ubuntu/ros2_ws/build/arm_controller_package/install.log'
