[0.457s] DEBUG:colcon:Command line arguments: ['/usr/bin/colcon', 'build']
[0.458s] DEBUG:colcon:Parsed command line arguments: Namespace(log_base=None, log_level=None, verb_name='build', build_base='build', install_base='install', merge_install=False, symlink_install=False, test_result_base=None, continue_on_error=False, executor='parallel', parallel_workers=4, event_handlers=None, ignore_user_meta=False, metas=['./colcon.meta'], base_paths=['.'], packages_ignore=None, packages_ignore_regex=None, paths=None, packages_up_to=None, packages_up_to_regex=None, packages_above=None, packages_above_and_dependencies=None, packages_above_depth=None, packages_select_by_dep=None, packages_skip_by_dep=None, packages_skip_up_to=None, packages_select_build_failed=False, packages_skip_build_finished=False, packages_select_test_failures=False, packages_skip_test_passed=False, packages_select=None, packages_skip=None, packages_select_regex=None, packages_skip_regex=None, packages_start=None, packages_end=None, allow_overriding=[], cmake_args=None, cmake_target=None, cmake_target_skip_unavailable=False, cmake_clean_cache=False, cmake_clean_first=False, cmake_force_configure=False, ament_cmake_args=None, catkin_cmake_args=None, catkin_skip_building_tests=False, mixin_files=None, mixin=None, verb_parser=<colcon_mixin.mixin.mixin_argument.MixinArgumentDecorator object at 0xffff9454df30>, verb_extension=<colcon_core.verb.build.BuildVerb object at 0xffff9468e500>, main=<bound method BuildVerb.main of <colcon_core.verb.build.BuildVerb object at 0xffff9468e500>>, mixin_verb=('build',))
[1.284s] Level 1:colcon.colcon_core.package_discovery:discover_packages(colcon_meta) check parameters
[1.285s] Level 1:colcon.colcon_core.package_discovery:discover_packages(recursive) check parameters
[1.285s] Level 1:colcon.colcon_core.package_discovery:discover_packages(ignore) check parameters
[1.285s] Level 1:colcon.colcon_core.package_discovery:discover_packages(path) check parameters
[1.285s] Level 1:colcon.colcon_core.package_discovery:discover_packages(colcon_meta) discover
[1.286s] Level 1:colcon.colcon_core.package_discovery:discover_packages(recursive) discover
[1.286s] INFO:colcon.colcon_core.package_discovery:Crawling recursively for packages in '/home/ubuntu/ros2_ws'
[1.286s] Level 1:colcon.colcon_core.package_identification:_identify(.) by extensions ['ignore', 'ignore_ament_install']
[1.286s] Level 1:colcon.colcon_core.package_identification:_identify(.) by extension 'ignore'
[1.287s] Level 1:colcon.colcon_core.package_identification:_identify(.) by extension 'ignore_ament_install'
[1.287s] Level 1:colcon.colcon_core.package_identification:_identify(.) by extensions ['colcon_pkg']
[1.287s] Level 1:colcon.colcon_core.package_identification:_identify(.) by extension 'colcon_pkg'
[1.287s] Level 1:colcon.colcon_core.package_identification:_identify(.) by extensions ['colcon_meta']
[1.287s] Level 1:colcon.colcon_core.package_identification:_identify(.) by extension 'colcon_meta'
[1.287s] Level 1:colcon.colcon_core.package_identification:_identify(.) by extensions ['ros']
[1.287s] Level 1:colcon.colcon_core.package_identification:_identify(.) by extension 'ros'
[1.330s] Level 1:colcon.colcon_core.package_identification:_identify(.) by extensions ['cmake', 'python']
[1.330s] Level 1:colcon.colcon_core.package_identification:_identify(.) by extension 'cmake'
[1.330s] Level 1:colcon.colcon_core.package_identification:_identify(.) by extension 'python'
[1.330s] Level 1:colcon.colcon_core.package_identification:_identify(.) by extensions ['python_setup_py']
[1.331s] Level 1:colcon.colcon_core.package_identification:_identify(.) by extension 'python_setup_py'
[1.331s] Level 1:colcon.colcon_core.package_identification:_identify(build) by extensions ['ignore', 'ignore_ament_install']
[1.331s] Level 1:colcon.colcon_core.package_identification:_identify(build) by extension 'ignore'
[1.332s] Level 1:colcon.colcon_core.package_identification:_identify(build) ignored
[1.332s] Level 1:colcon.colcon_core.package_identification:_identify(install) by extensions ['ignore', 'ignore_ament_install']
[1.333s] Level 1:colcon.colcon_core.package_identification:_identify(install) by extension 'ignore'
[1.333s] Level 1:colcon.colcon_core.package_identification:_identify(install) ignored
[1.333s] Level 1:colcon.colcon_core.package_identification:_identify(lib) by extensions ['ignore', 'ignore_ament_install']
[1.333s] Level 1:colcon.colcon_core.package_identification:_identify(lib) by extension 'ignore'
[1.334s] Level 1:colcon.colcon_core.package_identification:_identify(lib) by extension 'ignore_ament_install'
[1.334s] Level 1:colcon.colcon_core.package_identification:_identify(lib) by extensions ['colcon_pkg']
[1.334s] Level 1:colcon.colcon_core.package_identification:_identify(lib) by extension 'colcon_pkg'
[1.334s] Level 1:colcon.colcon_core.package_identification:_identify(lib) by extensions ['colcon_meta']
[1.334s] Level 1:colcon.colcon_core.package_identification:_identify(lib) by extension 'colcon_meta'
[1.334s] Level 1:colcon.colcon_core.package_identification:_identify(lib) by extensions ['ros']
[1.334s] Level 1:colcon.colcon_core.package_identification:_identify(lib) by extension 'ros'
[1.335s] Level 1:colcon.colcon_core.package_identification:_identify(lib) by extensions ['cmake', 'python']
[1.335s] Level 1:colcon.colcon_core.package_identification:_identify(lib) by extension 'cmake'
[1.335s] Level 1:colcon.colcon_core.package_identification:_identify(lib) by extension 'python'
[1.335s] Level 1:colcon.colcon_core.package_identification:_identify(lib) by extensions ['python_setup_py']
[1.335s] Level 1:colcon.colcon_core.package_identification:_identify(lib) by extension 'python_setup_py'
[1.338s] Level 1:colcon.colcon_core.package_identification:_identify(log) by extensions ['ignore', 'ignore_ament_install']
[1.339s] Level 1:colcon.colcon_core.package_identification:_identify(log) by extension 'ignore'
[1.339s] Level 1:colcon.colcon_core.package_identification:_identify(log) ignored
[1.339s] Level 1:colcon.colcon_core.package_identification:_identify(src) by extensions ['ignore', 'ignore_ament_install']
[1.340s] Level 1:colcon.colcon_core.package_identification:_identify(src) by extension 'ignore'
[1.340s] Level 1:colcon.colcon_core.package_identification:_identify(src) by extension 'ignore_ament_install'
[1.340s] Level 1:colcon.colcon_core.package_identification:_identify(src) by extensions ['colcon_pkg']
[1.340s] Level 1:colcon.colcon_core.package_identification:_identify(src) by extension 'colcon_pkg'
[1.340s] Level 1:colcon.colcon_core.package_identification:_identify(src) by extensions ['colcon_meta']
[1.340s] Level 1:colcon.colcon_core.package_identification:_identify(src) by extension 'colcon_meta'
[1.341s] Level 1:colcon.colcon_core.package_identification:_identify(src) by extensions ['ros']
[1.341s] Level 1:colcon.colcon_core.package_identification:_identify(src) by extension 'ros'
[1.341s] Level 1:colcon.colcon_core.package_identification:_identify(src) by extensions ['cmake', 'python']
[1.341s] Level 1:colcon.colcon_core.package_identification:_identify(src) by extension 'cmake'
[1.341s] Level 1:colcon.colcon_core.package_identification:_identify(src) by extension 'python'
[1.341s] Level 1:colcon.colcon_core.package_identification:_identify(src) by extensions ['python_setup_py']
[1.341s] Level 1:colcon.colcon_core.package_identification:_identify(src) by extension 'python_setup_py'
[1.342s] Level 1:colcon.colcon_core.package_identification:_identify(src/arm_controller_package) by extensions ['ignore', 'ignore_ament_install']
[1.342s] Level 1:colcon.colcon_core.package_identification:_identify(src/arm_controller_package) by extension 'ignore'
[1.342s] Level 1:colcon.colcon_core.package_identification:_identify(src/arm_controller_package) by extension 'ignore_ament_install'
[1.343s] Level 1:colcon.colcon_core.package_identification:_identify(src/arm_controller_package) by extensions ['colcon_pkg']
[1.343s] Level 1:colcon.colcon_core.package_identification:_identify(src/arm_controller_package) by extension 'colcon_pkg'
[1.343s] Level 1:colcon.colcon_core.package_identification:_identify(src/arm_controller_package) by extensions ['colcon_meta']
[1.343s] Level 1:colcon.colcon_core.package_identification:_identify(src/arm_controller_package) by extension 'colcon_meta'
[1.343s] Level 1:colcon.colcon_core.package_identification:_identify(src/arm_controller_package) by extensions ['ros']
[1.343s] Level 1:colcon.colcon_core.package_identification:_identify(src/arm_controller_package) by extension 'ros'
[1.351s] DEBUG:colcon.colcon_core.package_identification:Package 'src/arm_controller_package' with type 'ros.ament_python' and name 'arm_controller_package'
[1.352s] Level 1:colcon.colcon_core.package_identification:_identify(src/my_ax12_servo_controller) by extensions ['ignore', 'ignore_ament_install']
[1.352s] Level 1:colcon.colcon_core.package_identification:_identify(src/my_ax12_servo_controller) by extension 'ignore'
[1.352s] Level 1:colcon.colcon_core.package_identification:_identify(src/my_ax12_servo_controller) by extension 'ignore_ament_install'
[1.352s] Level 1:colcon.colcon_core.package_identification:_identify(src/my_ax12_servo_controller) by extensions ['colcon_pkg']
[1.353s] Level 1:colcon.colcon_core.package_identification:_identify(src/my_ax12_servo_controller) by extension 'colcon_pkg'
[1.353s] Level 1:colcon.colcon_core.package_identification:_identify(src/my_ax12_servo_controller) by extensions ['colcon_meta']
[1.353s] Level 1:colcon.colcon_core.package_identification:_identify(src/my_ax12_servo_controller) by extension 'colcon_meta'
[1.353s] Level 1:colcon.colcon_core.package_identification:_identify(src/my_ax12_servo_controller) by extensions ['ros']
[1.353s] Level 1:colcon.colcon_core.package_identification:_identify(src/my_ax12_servo_controller) by extension 'ros'
[1.355s] DEBUG:colcon.colcon_core.package_identification:Package 'src/my_ax12_servo_controller' with type 'ros.ament_python' and name 'my_ax12_servo_controller'
[1.356s] Level 1:colcon.colcon_core.package_identification:_identify(src/webcam_streamer_package) by extensions ['ignore', 'ignore_ament_install']
[1.356s] Level 1:colcon.colcon_core.package_identification:_identify(src/webcam_streamer_package) by extension 'ignore'
[1.357s] Level 1:colcon.colcon_core.package_identification:_identify(src/webcam_streamer_package) by extension 'ignore_ament_install'
[1.357s] Level 1:colcon.colcon_core.package_identification:_identify(src/webcam_streamer_package) by extensions ['colcon_pkg']
[1.357s] Level 1:colcon.colcon_core.package_identification:_identify(src/webcam_streamer_package) by extension 'colcon_pkg'
[1.357s] Level 1:colcon.colcon_core.package_identification:_identify(src/webcam_streamer_package) by extensions ['colcon_meta']
[1.357s] Level 1:colcon.colcon_core.package_identification:_identify(src/webcam_streamer_package) by extension 'colcon_meta'
[1.357s] Level 1:colcon.colcon_core.package_identification:_identify(src/webcam_streamer_package) by extensions ['ros']
[1.358s] Level 1:colcon.colcon_core.package_identification:_identify(src/webcam_streamer_package) by extension 'ros'
[1.359s] DEBUG:colcon.colcon_core.package_identification:Package 'src/webcam_streamer_package' with type 'ros.ament_python' and name 'webcam_streamer_package'
[1.360s] Level 1:colcon.colcon_core.package_discovery:discover_packages(recursive) using defaults
[1.360s] Level 1:colcon.colcon_core.package_discovery:discover_packages(ignore) discover
[1.360s] Level 1:colcon.colcon_core.package_discovery:discover_packages(ignore) using defaults
[1.360s] Level 1:colcon.colcon_core.package_discovery:discover_packages(path) discover
[1.360s] Level 1:colcon.colcon_core.package_discovery:discover_packages(path) using defaults
[1.473s] Level 1:colcon.colcon_core.package_discovery:discover_packages(prefix_path) check parameters
[1.473s] Level 1:colcon.colcon_core.package_discovery:discover_packages(prefix_path) discover
[1.482s] DEBUG:colcon.colcon_installed_package_information.package_discovery:Found 4 installed packages in /home/ubuntu/ros2_ws/install
[1.491s] DEBUG:colcon.colcon_installed_package_information.package_discovery:Found 288 installed packages in /opt/ros/iron
[1.498s] Level 1:colcon.colcon_core.package_discovery:discover_packages(prefix_path) using defaults
[1.686s] Level 5:colcon.colcon_core.verb:set package 'arm_controller_package' build argument 'cmake_args' from command line to 'None'
[1.686s] Level 5:colcon.colcon_core.verb:set package 'arm_controller_package' build argument 'cmake_target' from command line to 'None'
[1.686s] Level 5:colcon.colcon_core.verb:set package 'arm_controller_package' build argument 'cmake_target_skip_unavailable' from command line to 'False'
[1.686s] Level 5:colcon.colcon_core.verb:set package 'arm_controller_package' build argument 'cmake_clean_cache' from command line to 'False'
[1.686s] Level 5:colcon.colcon_core.verb:set package 'arm_controller_package' build argument 'cmake_clean_first' from command line to 'False'
[1.687s] Level 5:colcon.colcon_core.verb:set package 'arm_controller_package' build argument 'cmake_force_configure' from command line to 'False'
[1.687s] Level 5:colcon.colcon_core.verb:set package 'arm_controller_package' build argument 'ament_cmake_args' from command line to 'None'
[1.687s] Level 5:colcon.colcon_core.verb:set package 'arm_controller_package' build argument 'catkin_cmake_args' from command line to 'None'
[1.687s] Level 5:colcon.colcon_core.verb:set package 'arm_controller_package' build argument 'catkin_skip_building_tests' from command line to 'False'
[1.687s] DEBUG:colcon.colcon_core.verb:Building package 'arm_controller_package' with the following arguments: {'ament_cmake_args': None, 'build_base': '/home/ubuntu/ros2_ws/build/arm_controller_package', 'catkin_cmake_args': None, 'catkin_skip_building_tests': False, 'cmake_args': None, 'cmake_clean_cache': False, 'cmake_clean_first': False, 'cmake_force_configure': False, 'cmake_target': None, 'cmake_target_skip_unavailable': False, 'install_base': '/home/ubuntu/ros2_ws/install/arm_controller_package', 'merge_install': False, 'path': '/home/ubuntu/ros2_ws/src/arm_controller_package', 'symlink_install': False, 'test_result_base': None}
[1.688s] Level 5:colcon.colcon_core.verb:set package 'my_ax12_servo_controller' build argument 'cmake_args' from command line to 'None'
[1.689s] Level 5:colcon.colcon_core.verb:set package 'my_ax12_servo_controller' build argument 'cmake_target' from command line to 'None'
[1.689s] Level 5:colcon.colcon_core.verb:set package 'my_ax12_servo_controller' build argument 'cmake_target_skip_unavailable' from command line to 'False'
[1.689s] Level 5:colcon.colcon_core.verb:set package 'my_ax12_servo_controller' build argument 'cmake_clean_cache' from command line to 'False'
[1.689s] Level 5:colcon.colcon_core.verb:set package 'my_ax12_servo_controller' build argument 'cmake_clean_first' from command line to 'False'
[1.689s] Level 5:colcon.colcon_core.verb:set package 'my_ax12_servo_controller' build argument 'cmake_force_configure' from command line to 'False'
[1.689s] Level 5:colcon.colcon_core.verb:set package 'my_ax12_servo_controller' build argument 'ament_cmake_args' from command line to 'None'
[1.689s] Level 5:colcon.colcon_core.verb:set package 'my_ax12_servo_controller' build argument 'catkin_cmake_args' from command line to 'None'
[1.689s] Level 5:colcon.colcon_core.verb:set package 'my_ax12_servo_controller' build argument 'catkin_skip_building_tests' from command line to 'False'
[1.689s] DEBUG:colcon.colcon_core.verb:Building package 'my_ax12_servo_controller' with the following arguments: {'ament_cmake_args': None, 'build_base': '/home/ubuntu/ros2_ws/build/my_ax12_servo_controller', 'catkin_cmake_args': None, 'catkin_skip_building_tests': False, 'cmake_args': None, 'cmake_clean_cache': False, 'cmake_clean_first': False, 'cmake_force_configure': False, 'cmake_target': None, 'cmake_target_skip_unavailable': False, 'install_base': '/home/ubuntu/ros2_ws/install/my_ax12_servo_controller', 'merge_install': False, 'path': '/home/ubuntu/ros2_ws/src/my_ax12_servo_controller', 'symlink_install': False, 'test_result_base': None}
[1.691s] Level 5:colcon.colcon_core.verb:set package 'webcam_streamer_package' build argument 'cmake_args' from command line to 'None'
[1.691s] Level 5:colcon.colcon_core.verb:set package 'webcam_streamer_package' build argument 'cmake_target' from command line to 'None'
[1.691s] Level 5:colcon.colcon_core.verb:set package 'webcam_streamer_package' build argument 'cmake_target_skip_unavailable' from command line to 'False'
[1.691s] Level 5:colcon.colcon_core.verb:set package 'webcam_streamer_package' build argument 'cmake_clean_cache' from command line to 'False'
[1.691s] Level 5:colcon.colcon_core.verb:set package 'webcam_streamer_package' build argument 'cmake_clean_first' from command line to 'False'
[1.691s] Level 5:colcon.colcon_core.verb:set package 'webcam_streamer_package' build argument 'cmake_force_configure' from command line to 'False'
[1.692s] Level 5:colcon.colcon_core.verb:set package 'webcam_streamer_package' build argument 'ament_cmake_args' from command line to 'None'
[1.692s] Level 5:colcon.colcon_core.verb:set package 'webcam_streamer_package' build argument 'catkin_cmake_args' from command line to 'None'
[1.692s] Level 5:colcon.colcon_core.verb:set package 'webcam_streamer_package' build argument 'catkin_skip_building_tests' from command line to 'False'
[1.692s] DEBUG:colcon.colcon_core.verb:Building package 'webcam_streamer_package' with the following arguments: {'ament_cmake_args': None, 'build_base': '/home/ubuntu/ros2_ws/build/webcam_streamer_package', 'catkin_cmake_args': None, 'catkin_skip_building_tests': False, 'cmake_args': None, 'cmake_clean_cache': False, 'cmake_clean_first': False, 'cmake_force_configure': False, 'cmake_target': None, 'cmake_target_skip_unavailable': False, 'install_base': '/home/ubuntu/ros2_ws/install/webcam_streamer_package', 'merge_install': False, 'path': '/home/ubuntu/ros2_ws/src/webcam_streamer_package', 'symlink_install': False, 'test_result_base': None}
[1.692s] INFO:colcon.colcon_core.executor:Executing jobs using 'parallel' executor
[1.695s] DEBUG:colcon.colcon_parallel_executor.executor.parallel:run_until_complete
[1.696s] INFO:colcon.colcon_ros.task.ament_python.build:Building ROS package in '/home/ubuntu/ros2_ws/src/arm_controller_package' with build type 'ament_python'
[1.697s] Level 1:colcon.colcon_core.shell:create_environment_hook('arm_controller_package', 'ament_prefix_path')
[1.705s] INFO:colcon.colcon_core.plugin_system:Skipping extension 'colcon_core.shell.bat': Not used on non-Windows systems
[1.706s] INFO:colcon.colcon_core.shell:Creating environment hook '/home/ubuntu/ros2_ws/install/arm_controller_package/share/arm_controller_package/hook/ament_prefix_path.ps1'
[1.709s] INFO:colcon.colcon_core.shell:Creating environment descriptor '/home/ubuntu/ros2_ws/install/arm_controller_package/share/arm_controller_package/hook/ament_prefix_path.dsv'
[1.711s] INFO:colcon.colcon_core.shell:Creating environment hook '/home/ubuntu/ros2_ws/install/arm_controller_package/share/arm_controller_package/hook/ament_prefix_path.sh'
[1.715s] INFO:colcon.colcon_core.shell:Skip shell extension 'powershell' for command environment: Not usable outside of PowerShell
[1.715s] DEBUG:colcon.colcon_core.shell:Skip shell extension 'dsv' for command environment
[1.734s] INFO:colcon.colcon_ros.task.ament_python.build:Building ROS package in '/home/ubuntu/ros2_ws/src/my_ax12_servo_controller' with build type 'ament_python'
[1.735s] Level 1:colcon.colcon_core.shell:create_environment_hook('my_ax12_servo_controller', 'ament_prefix_path')
[1.736s] INFO:colcon.colcon_core.shell:Creating environment hook '/home/ubuntu/ros2_ws/install/my_ax12_servo_controller/share/my_ax12_servo_controller/hook/ament_prefix_path.ps1'
[1.738s] INFO:colcon.colcon_core.shell:Creating environment descriptor '/home/ubuntu/ros2_ws/install/my_ax12_servo_controller/share/my_ax12_servo_controller/hook/ament_prefix_path.dsv'
[1.740s] INFO:colcon.colcon_core.shell:Creating environment hook '/home/ubuntu/ros2_ws/install/my_ax12_servo_controller/share/my_ax12_servo_controller/hook/ament_prefix_path.sh'
[1.743s] INFO:colcon.colcon_core.shell:Skip shell extension 'powershell' for command environment: Not usable outside of PowerShell
[1.743s] DEBUG:colcon.colcon_core.shell:Skip shell extension 'dsv' for command environment
[1.761s] INFO:colcon.colcon_ros.task.ament_python.build:Building ROS package in '/home/ubuntu/ros2_ws/src/webcam_streamer_package' with build type 'ament_python'
[1.762s] Level 1:colcon.colcon_core.shell:create_environment_hook('webcam_streamer_package', 'ament_prefix_path')
[1.763s] INFO:colcon.colcon_core.shell:Creating environment hook '/home/ubuntu/ros2_ws/install/webcam_streamer_package/share/webcam_streamer_package/hook/ament_prefix_path.ps1'
[1.765s] INFO:colcon.colcon_core.shell:Creating environment descriptor '/home/ubuntu/ros2_ws/install/webcam_streamer_package/share/webcam_streamer_package/hook/ament_prefix_path.dsv'
[1.767s] INFO:colcon.colcon_core.shell:Creating environment hook '/home/ubuntu/ros2_ws/install/webcam_streamer_package/share/webcam_streamer_package/hook/ament_prefix_path.sh'
[1.770s] INFO:colcon.colcon_core.shell:Skip shell extension 'powershell' for command environment: Not usable outside of PowerShell
[1.770s] DEBUG:colcon.colcon_core.shell:Skip shell extension 'dsv' for command environment
[2.984s] INFO:colcon.colcon_core.task.python.build:Building Python package in '/home/ubuntu/ros2_ws/src/arm_controller_package'
[2.986s] INFO:colcon.colcon_core.shell:Skip shell extension 'powershell' for command environment: Not usable outside of PowerShell
[2.986s] DEBUG:colcon.colcon_core.shell:Skip shell extension 'dsv' for command environment
[4.199s] INFO:colcon.colcon_core.task.python.build:Building Python package in '/home/ubuntu/ros2_ws/src/my_ax12_servo_controller'
[4.200s] INFO:colcon.colcon_core.shell:Skip shell extension 'powershell' for command environment: Not usable outside of PowerShell
[4.200s] DEBUG:colcon.colcon_core.shell:Skip shell extension 'dsv' for command environment
[5.414s] INFO:colcon.colcon_core.task.python.build:Building Python package in '/home/ubuntu/ros2_ws/src/webcam_streamer_package'
[5.415s] INFO:colcon.colcon_core.shell:Skip shell extension 'powershell' for command environment: Not usable outside of PowerShell
[5.415s] DEBUG:colcon.colcon_core.shell:Skip shell extension 'dsv' for command environment
[7.636s] DEBUG:colcon.colcon_core.event_handler.log_command:Invoking command in '/home/ubuntu/ros2_ws/src/arm_controller_package': PYTHONPATH=/home/ubuntu/ros2_ws/build/arm_controller_package/prefix_override:/home/ubuntu/ros2_ws/install/arm_controller_package/lib/python3.10/site-packages:${PYTHONPATH} /usr/bin/python3 -W ignore:setup.py install is deprecated setup.py egg_info --egg-base ../../build/arm_controller_package build --build-base /home/ubuntu/ros2_ws/build/arm_controller_package/build install --record /home/ubuntu/ros2_ws/build/arm_controller_package/install.log --single-version-externally-managed install_data
[7.671s] DEBUG:colcon.colcon_core.event_handler.log_command:Invoking command in '/home/ubuntu/ros2_ws/src/my_ax12_servo_controller': PYTHONPATH=/home/ubuntu/ros2_ws/build/my_ax12_servo_controller/prefix_override:/home/ubuntu/ros2_ws/install/my_ax12_servo_controller/lib/python3.10/site-packages:${PYTHONPATH} /usr/bin/python3 -W ignore:setup.py install is deprecated setup.py egg_info --egg-base ../../build/my_ax12_servo_controller build --build-base /home/ubuntu/ros2_ws/build/my_ax12_servo_controller/build install --record /home/ubuntu/ros2_ws/build/my_ax12_servo_controller/install.log --single-version-externally-managed install_data
[7.704s] DEBUG:colcon.colcon_core.event_handler.log_command:Invoking command in '/home/ubuntu/ros2_ws/src/webcam_streamer_package': PYTHONPATH=/home/ubuntu/ros2_ws/build/webcam_streamer_package/prefix_override:/home/ubuntu/ros2_ws/install/webcam_streamer_package/lib/python3.10/site-packages:${PYTHONPATH} /usr/bin/python3 -W ignore:setup.py install is deprecated setup.py egg_info --egg-base ../../build/webcam_streamer_package build --build-base /home/ubuntu/ros2_ws/build/webcam_streamer_package/build install --record /home/ubuntu/ros2_ws/build/webcam_streamer_package/install.log --single-version-externally-managed install_data
[9.472s] DEBUG:colcon.colcon_core.event_handler.log_command:Invoked command in '/home/ubuntu/ros2_ws/src/arm_controller_package' returned '0': PYTHONPATH=/home/ubuntu/ros2_ws/build/arm_controller_package/prefix_override:/home/ubuntu/ros2_ws/install/arm_controller_package/lib/python3.10/site-packages:${PYTHONPATH} /usr/bin/python3 -W ignore:setup.py install is deprecated setup.py egg_info --egg-base ../../build/arm_controller_package build --build-base /home/ubuntu/ros2_ws/build/arm_controller_package/build install --record /home/ubuntu/ros2_ws/build/arm_controller_package/install.log --single-version-externally-managed install_data
[9.508s] Level 1:colcon.colcon_core.environment:checking '/home/ubuntu/ros2_ws/install/arm_controller_package' for CMake module files
[9.512s] Level 1:colcon.colcon_core.environment:checking '/home/ubuntu/ros2_ws/install/arm_controller_package' for CMake config files
[9.523s] Level 1:colcon.colcon_core.environment:checking '/home/ubuntu/ros2_ws/install/arm_controller_package/lib'
[9.525s] Level 1:colcon.colcon_core.environment:checking '/home/ubuntu/ros2_ws/install/arm_controller_package/bin'
[9.526s] Level 1:colcon.colcon_core.environment:checking '/home/ubuntu/ros2_ws/install/arm_controller_package/lib/pkgconfig/arm_controller_package.pc'
[9.528s] Level 1:colcon.colcon_core.environment:checking '/home/ubuntu/ros2_ws/install/arm_controller_package/lib/python3.10/site-packages'
[9.530s] Level 1:colcon.colcon_core.shell:create_environment_hook('arm_controller_package', 'pythonpath')
[9.531s] INFO:colcon.colcon_core.shell:Creating environment hook '/home/ubuntu/ros2_ws/install/arm_controller_package/share/arm_controller_package/hook/pythonpath.ps1'
[9.536s] INFO:colcon.colcon_core.shell:Creating environment descriptor '/home/ubuntu/ros2_ws/install/arm_controller_package/share/arm_controller_package/hook/pythonpath.dsv'
[9.539s] INFO:colcon.colcon_core.shell:Creating environment hook '/home/ubuntu/ros2_ws/install/arm_controller_package/share/arm_controller_package/hook/pythonpath.sh'
[9.543s] Level 1:colcon.colcon_core.environment:checking '/home/ubuntu/ros2_ws/install/arm_controller_package/bin'
[9.544s] Level 1:colcon.colcon_core.environment:create_environment_scripts_only(arm_controller_package)
[9.547s] INFO:colcon.colcon_core.shell:Creating package script '/home/ubuntu/ros2_ws/install/arm_controller_package/share/arm_controller_package/package.ps1'
[9.552s] INFO:colcon.colcon_core.shell:Creating package descriptor '/home/ubuntu/ros2_ws/install/arm_controller_package/share/arm_controller_package/package.dsv'
[9.557s] INFO:colcon.colcon_core.shell:Creating package script '/home/ubuntu/ros2_ws/install/arm_controller_package/share/arm_controller_package/package.sh'
[9.562s] INFO:colcon.colcon_core.shell:Creating package script '/home/ubuntu/ros2_ws/install/arm_controller_package/share/arm_controller_package/package.bash'
[9.568s] INFO:colcon.colcon_core.shell:Creating package script '/home/ubuntu/ros2_ws/install/arm_controller_package/share/arm_controller_package/package.zsh'
[9.572s] Level 1:colcon.colcon_core.environment:create_file_with_runtime_dependencies(/home/ubuntu/ros2_ws/install/arm_controller_package/share/colcon-core/packages/arm_controller_package)
[9.578s] Level 1:colcon.colcon_core.environment:checking '/home/ubuntu/ros2_ws/install/my_ax12_servo_controller' for CMake module files
[9.583s] DEBUG:colcon.colcon_core.event_handler.log_command:Invoked command in '/home/ubuntu/ros2_ws/src/my_ax12_servo_controller' returned '0': PYTHONPATH=/home/ubuntu/ros2_ws/build/my_ax12_servo_controller/prefix_override:/home/ubuntu/ros2_ws/install/my_ax12_servo_controller/lib/python3.10/site-packages:${PYTHONPATH} /usr/bin/python3 -W ignore:setup.py install is deprecated setup.py egg_info --egg-base ../../build/my_ax12_servo_controller build --build-base /home/ubuntu/ros2_ws/build/my_ax12_servo_controller/build install --record /home/ubuntu/ros2_ws/build/my_ax12_servo_controller/install.log --single-version-externally-managed install_data
[9.585s] Level 1:colcon.colcon_core.environment:checking '/home/ubuntu/ros2_ws/install/my_ax12_servo_controller' for CMake config files
[9.589s] Level 1:colcon.colcon_core.environment:checking '/home/ubuntu/ros2_ws/install/my_ax12_servo_controller/lib'
[9.590s] Level 1:colcon.colcon_core.environment:checking '/home/ubuntu/ros2_ws/install/my_ax12_servo_controller/bin'
[9.591s] Level 1:colcon.colcon_core.environment:checking '/home/ubuntu/ros2_ws/install/my_ax12_servo_controller/lib/pkgconfig/my_ax12_servo_controller.pc'
[9.592s] Level 1:colcon.colcon_core.environment:checking '/home/ubuntu/ros2_ws/install/my_ax12_servo_controller/lib/python3.10/site-packages'
[9.592s] Level 1:colcon.colcon_core.shell:create_environment_hook('my_ax12_servo_controller', 'pythonpath')
[9.593s] INFO:colcon.colcon_core.shell:Creating environment hook '/home/ubuntu/ros2_ws/install/my_ax12_servo_controller/share/my_ax12_servo_controller/hook/pythonpath.ps1'
[9.595s] INFO:colcon.colcon_core.shell:Creating environment descriptor '/home/ubuntu/ros2_ws/install/my_ax12_servo_controller/share/my_ax12_servo_controller/hook/pythonpath.dsv'
[9.596s] INFO:colcon.colcon_core.shell:Creating environment hook '/home/ubuntu/ros2_ws/install/my_ax12_servo_controller/share/my_ax12_servo_controller/hook/pythonpath.sh'
[9.599s] Level 1:colcon.colcon_core.environment:checking '/home/ubuntu/ros2_ws/install/my_ax12_servo_controller/bin'
[9.600s] Level 1:colcon.colcon_core.environment:create_environment_scripts_only(my_ax12_servo_controller)
[9.601s] INFO:colcon.colcon_core.shell:Creating package script '/home/ubuntu/ros2_ws/install/my_ax12_servo_controller/share/my_ax12_servo_controller/package.ps1'
[9.603s] INFO:colcon.colcon_core.shell:Creating package descriptor '/home/ubuntu/ros2_ws/install/my_ax12_servo_controller/share/my_ax12_servo_controller/package.dsv'
[9.605s] INFO:colcon.colcon_core.shell:Creating package script '/home/ubuntu/ros2_ws/install/my_ax12_servo_controller/share/my_ax12_servo_controller/package.sh'
[9.607s] INFO:colcon.colcon_core.shell:Creating package script '/home/ubuntu/ros2_ws/install/my_ax12_servo_controller/share/my_ax12_servo_controller/package.bash'
[9.609s] INFO:colcon.colcon_core.shell:Creating package script '/home/ubuntu/ros2_ws/install/my_ax12_servo_controller/share/my_ax12_servo_controller/package.zsh'
[9.610s] Level 1:colcon.colcon_core.environment:create_file_with_runtime_dependencies(/home/ubuntu/ros2_ws/install/my_ax12_servo_controller/share/colcon-core/packages/my_ax12_servo_controller)
[9.614s] Level 1:colcon.colcon_core.environment:checking '/home/ubuntu/ros2_ws/install/webcam_streamer_package' for CMake module files
[9.617s] DEBUG:colcon.colcon_core.event_handler.log_command:Invoked command in '/home/ubuntu/ros2_ws/src/webcam_streamer_package' returned '0': PYTHONPATH=/home/ubuntu/ros2_ws/build/webcam_streamer_package/prefix_override:/home/ubuntu/ros2_ws/install/webcam_streamer_package/lib/python3.10/site-packages:${PYTHONPATH} /usr/bin/python3 -W ignore:setup.py install is deprecated setup.py egg_info --egg-base ../../build/webcam_streamer_package build --build-base /home/ubuntu/ros2_ws/build/webcam_streamer_package/build install --record /home/ubuntu/ros2_ws/build/webcam_streamer_package/install.log --single-version-externally-managed install_data
[9.618s] Level 1:colcon.colcon_core.environment:checking '/home/ubuntu/ros2_ws/install/webcam_streamer_package' for CMake config files
[9.622s] Level 1:colcon.colcon_core.environment:checking '/home/ubuntu/ros2_ws/install/webcam_streamer_package/lib'
[9.622s] Level 1:colcon.colcon_core.environment:checking '/home/ubuntu/ros2_ws/install/webcam_streamer_package/bin'
[9.622s] Level 1:colcon.colcon_core.environment:checking '/home/ubuntu/ros2_ws/install/webcam_streamer_package/lib/pkgconfig/webcam_streamer_package.pc'
[9.623s] Level 1:colcon.colcon_core.environment:checking '/home/ubuntu/ros2_ws/install/webcam_streamer_package/lib/python3.10/site-packages'
[9.624s] Level 1:colcon.colcon_core.shell:create_environment_hook('webcam_streamer_package', 'pythonpath')
[9.625s] INFO:colcon.colcon_core.shell:Creating environment hook '/home/ubuntu/ros2_ws/install/webcam_streamer_package/share/webcam_streamer_package/hook/pythonpath.ps1'
[9.626s] INFO:colcon.colcon_core.shell:Creating environment descriptor '/home/ubuntu/ros2_ws/install/webcam_streamer_package/share/webcam_streamer_package/hook/pythonpath.dsv'
[9.628s] INFO:colcon.colcon_core.shell:Creating environment hook '/home/ubuntu/ros2_ws/install/webcam_streamer_package/share/webcam_streamer_package/hook/pythonpath.sh'
[9.630s] Level 1:colcon.colcon_core.environment:checking '/home/ubuntu/ros2_ws/install/webcam_streamer_package/bin'
[9.631s] Level 1:colcon.colcon_core.environment:create_environment_scripts_only(webcam_streamer_package)
[9.632s] INFO:colcon.colcon_core.shell:Creating package script '/home/ubuntu/ros2_ws/install/webcam_streamer_package/share/webcam_streamer_package/package.ps1'
[9.634s] INFO:colcon.colcon_core.shell:Creating package descriptor '/home/ubuntu/ros2_ws/install/webcam_streamer_package/share/webcam_streamer_package/package.dsv'
[9.720s] INFO:colcon.colcon_core.shell:Creating package script '/home/ubuntu/ros2_ws/install/webcam_streamer_package/share/webcam_streamer_package/package.sh'
[9.724s] INFO:colcon.colcon_core.shell:Creating package script '/home/ubuntu/ros2_ws/install/webcam_streamer_package/share/webcam_streamer_package/package.bash'
[9.727s] INFO:colcon.colcon_core.shell:Creating package script '/home/ubuntu/ros2_ws/install/webcam_streamer_package/share/webcam_streamer_package/package.zsh'
[9.729s] Level 1:colcon.colcon_core.environment:create_file_with_runtime_dependencies(/home/ubuntu/ros2_ws/install/webcam_streamer_package/share/colcon-core/packages/webcam_streamer_package)
[9.730s] DEBUG:colcon.colcon_parallel_executor.executor.parallel:closing loop
[9.732s] DEBUG:colcon.colcon_parallel_executor.executor.parallel:loop closed
[9.732s] DEBUG:colcon.colcon_parallel_executor.executor.parallel:run_until_complete finished with '0'
[9.733s] DEBUG:colcon.colcon_core.event_reactor:joining thread
[9.753s] INFO:colcon.colcon_core.plugin_system:Skipping extension 'colcon_notification.desktop_notification.notify_send': Could not find 'notify-send'
[9.754s] INFO:colcon.colcon_core.plugin_system:Skipping extension 'colcon_notification.desktop_notification.terminal_notifier': Not used on non-Darwin systems
[9.754s] INFO:colcon.colcon_core.plugin_system:Skipping extension 'colcon_notification.desktop_notification.win32': Not used on non-Windows systems
[9.754s] INFO:colcon.colcon_notification.desktop_notification:Sending desktop notification using 'notify2'
[9.757s] DEBUG:colcon.colcon_notification.desktop_notification.notify2:Failed to initialize notify2: org.freedesktop.DBus.Error.ServiceUnknown: The name org.freedesktop.Notifications was not provided by any .service files
[9.757s] DEBUG:colcon.colcon_core.event_reactor:joined thread
[9.758s] INFO:colcon.colcon_core.shell:Creating prefix script '/home/ubuntu/ros2_ws/install/local_setup.ps1'
[9.762s] INFO:colcon.colcon_core.shell:Creating prefix util module '/home/ubuntu/ros2_ws/install/_local_setup_util_ps1.py'
[9.767s] INFO:colcon.colcon_core.shell:Creating prefix chain script '/home/ubuntu/ros2_ws/install/setup.ps1'
[9.772s] INFO:colcon.colcon_core.shell:Creating prefix script '/home/ubuntu/ros2_ws/install/local_setup.sh'
[9.774s] INFO:colcon.colcon_core.shell:Creating prefix util module '/home/ubuntu/ros2_ws/install/_local_setup_util_sh.py'
[9.776s] INFO:colcon.colcon_core.shell:Creating prefix chain script '/home/ubuntu/ros2_ws/install/setup.sh'
[9.781s] INFO:colcon.colcon_core.shell:Creating prefix script '/home/ubuntu/ros2_ws/install/local_setup.bash'
[9.783s] INFO:colcon.colcon_core.shell:Creating prefix chain script '/home/ubuntu/ros2_ws/install/setup.bash'
[9.788s] INFO:colcon.colcon_core.shell:Creating prefix script '/home/ubuntu/ros2_ws/install/local_setup.zsh'
[9.790s] INFO:colcon.colcon_core.shell:Creating prefix chain script '/home/ubuntu/ros2_ws/install/setup.zsh'
