[  6%] Built target ament_generate_version_header__tracetools
[ 20%] Built target gtest_main
[ 33%] Built target gtest
[ 60%] Built target tracetools
[ 73%] Built target tracetools_status
[ 86%] Built target status
[100%] Built target test_status
-- Install configuration: ""
-- Up-to-date: /home/ubuntu/ros2_ws/install/tracetools/share/tracetools/environment/library_path.sh
-- Up-to-date: /home/ubuntu/ros2_ws/install/tracetools/share/tracetools/environment/library_path.dsv
-- Up-to-date: /home/ubuntu/ros2_ws/install/tracetools/include/tracetools/tracetools/version.h
-- Up-to-date: /home/ubuntu/ros2_ws/install/tracetools/lib/libtracetools_status.so
-- Up-to-date: /home/ubuntu/ros2_ws/install/tracetools/lib/tracetools/status
-- Up-to-date: /home/ubuntu/ros2_ws/install/tracetools/include/tracetools
-- Up-to-date: /home/ubuntu/ros2_ws/install/tracetools/include/tracetools/tracetools
-- Up-to-date: /home/ubuntu/ros2_ws/install/tracetools/include/tracetools/tracetools/visibility_control.hpp
-- Up-to-date: /home/ubuntu/ros2_ws/install/tracetools/include/tracetools/tracetools/tp_call.h
-- Up-to-date: /home/ubuntu/ros2_ws/install/tracetools/include/tracetools/tracetools/config.h
-- Up-to-date: /home/ubuntu/ros2_ws/install/tracetools/include/tracetools/tracetools/status.h
-- Up-to-date: /home/ubuntu/ros2_ws/install/tracetools/include/tracetools/tracetools/tracetools.h
-- Up-to-date: /home/ubuntu/ros2_ws/install/tracetools/include/tracetools/tracetools/utils.hpp
-- Up-to-date: /home/ubuntu/ros2_ws/install/tracetools/lib/libtracetools.so
-- Up-to-date: /home/ubuntu/ros2_ws/install/tracetools/share/ament_index/resource_index/package_run_dependencies/tracetools
-- Up-to-date: /home/ubuntu/ros2_ws/install/tracetools/share/ament_index/resource_index/parent_prefix_path/tracetools
-- Up-to-date: /home/ubuntu/ros2_ws/install/tracetools/share/tracetools/environment/ament_prefix_path.sh
-- Up-to-date: /home/ubuntu/ros2_ws/install/tracetools/share/tracetools/environment/ament_prefix_path.dsv
-- Up-to-date: /home/ubuntu/ros2_ws/install/tracetools/share/tracetools/environment/path.sh
-- Up-to-date: /home/ubuntu/ros2_ws/install/tracetools/share/tracetools/environment/path.dsv
-- Up-to-date: /home/ubuntu/ros2_ws/install/tracetools/share/tracetools/local_setup.bash
-- Up-to-date: /home/ubuntu/ros2_ws/install/tracetools/share/tracetools/local_setup.sh
-- Up-to-date: /home/ubuntu/ros2_ws/install/tracetools/share/tracetools/local_setup.zsh
-- Up-to-date: /home/ubuntu/ros2_ws/install/tracetools/share/tracetools/local_setup.dsv
-- Installing: /home/ubuntu/ros2_ws/install/tracetools/share/tracetools/package.dsv
-- Up-to-date: /home/ubuntu/ros2_ws/install/tracetools/share/ament_index/resource_index/packages/tracetools
-- Up-to-date: /home/ubuntu/ros2_ws/install/tracetools/share/tracetools/cmake/tracetools_exportExport.cmake
-- Up-to-date: /home/ubuntu/ros2_ws/install/tracetools/share/tracetools/cmake/tracetools_exportExport-noconfig.cmake
-- Up-to-date: /home/ubuntu/ros2_ws/install/tracetools/share/tracetools/cmake/ament_cmake_export_targets-extras.cmake
-- Up-to-date: /home/ubuntu/ros2_ws/install/tracetools/share/tracetools/cmake/ament_cmake_export_include_directories-extras.cmake
-- Up-to-date: /home/ubuntu/ros2_ws/install/tracetools/share/tracetools/cmake/ament_cmake_export_libraries-extras.cmake
-- Up-to-date: /home/ubuntu/ros2_ws/install/tracetools/share/tracetools/cmake/ament_cmake_export_link_flags-extras.cmake
-- Up-to-date: /home/ubuntu/ros2_ws/install/tracetools/share/tracetools/cmake/tracetoolsConfig.cmake
-- Up-to-date: /home/ubuntu/ros2_ws/install/tracetools/share/tracetools/cmake/tracetoolsConfig-version.cmake
-- Up-to-date: /home/ubuntu/ros2_ws/install/tracetools/share/tracetools/package.xml
