[1.559s] Invoking command in '/home/ubuntu/ros2_ws/build/tracetools': CMAKE_PREFIX_PATH=${CMAKE_PREFIX_PATH}:/home/ubuntu/ros2_ws/install/webcam_streamer_package:/home/ubuntu/ros2_ws/install/my_ax12_servo_controller:/home/ubuntu/ros2_ws/install/my_ax12_controller:/home/ubuntu/ros2_ws/install/arm_controller_package:/opt/ros/iron /usr/bin/cmake --build /home/ubuntu/ros2_ws/build/tracetools -- -j4 -l4
[1.885s] [  6%] Built target ament_generate_version_header__tracetools
[2.042s] [ 33%] Built target gtest_main
[2.043s] [ 33%] Built target gtest
[2.101s] [ 60%] Built target tracetools
[2.207s] [ 73%] Built target tracetools_status
[2.309s] [ 86%] Built target status
[2.327s] [100%] Built target test_status
[3.362s] Invoked command in '/home/ubuntu/ros2_ws/build/tracetools' returned '0': CMAKE_PREFIX_PATH=${CMAKE_PREFIX_PATH}:/home/ubuntu/ros2_ws/install/webcam_streamer_package:/home/ubuntu/ros2_ws/install/my_ax12_servo_controller:/home/ubuntu/ros2_ws/install/my_ax12_controller:/home/ubuntu/ros2_ws/install/arm_controller_package:/opt/ros/iron /usr/bin/cmake --build /home/ubuntu/ros2_ws/build/tracetools -- -j4 -l4
[3.686s] Invoking command in '/home/ubuntu/ros2_ws/build/tracetools': CMAKE_PREFIX_PATH=${CMAKE_PREFIX_PATH}:/home/ubuntu/ros2_ws/install/webcam_streamer_package:/home/ubuntu/ros2_ws/install/my_ax12_servo_controller:/home/ubuntu/ros2_ws/install/my_ax12_controller:/home/ubuntu/ros2_ws/install/arm_controller_package:/opt/ros/iron /usr/bin/cmake --install /home/ubuntu/ros2_ws/build/tracetools
[3.729s] -- Install configuration: ""
[3.731s] -- Up-to-date: /home/ubuntu/ros2_ws/install/tracetools/share/tracetools/environment/library_path.sh
[3.732s] -- Up-to-date: /home/ubuntu/ros2_ws/install/tracetools/share/tracetools/environment/library_path.dsv
[3.736s] -- Up-to-date: /home/ubuntu/ros2_ws/install/tracetools/include/tracetools/tracetools/version.h
[3.741s] -- Up-to-date: /home/ubuntu/ros2_ws/install/tracetools/lib/libtracetools_status.so
[3.746s] -- Up-to-date: /home/ubuntu/ros2_ws/install/tracetools/lib/tracetools/status
[3.748s] -- Up-to-date: /home/ubuntu/ros2_ws/install/tracetools/include/tracetools
[3.750s] -- Up-to-date: /home/ubuntu/ros2_ws/install/tracetools/include/tracetools/tracetools
[3.751s] -- Up-to-date: /home/ubuntu/ros2_ws/install/tracetools/include/tracetools/tracetools/visibility_control.hpp
[3.752s] -- Up-to-date: /home/ubuntu/ros2_ws/install/tracetools/include/tracetools/tracetools/tp_call.h
[3.754s] -- Up-to-date: /home/ubuntu/ros2_ws/install/tracetools/include/tracetools/tracetools/config.h
[3.756s] -- Up-to-date: /home/ubuntu/ros2_ws/install/tracetools/include/tracetools/tracetools/status.h
[3.758s] -- Up-to-date: /home/ubuntu/ros2_ws/install/tracetools/include/tracetools/tracetools/tracetools.h
[3.759s] -- Up-to-date: /home/ubuntu/ros2_ws/install/tracetools/include/tracetools/tracetools/utils.hpp
[3.761s] -- Up-to-date: /home/ubuntu/ros2_ws/install/tracetools/lib/libtracetools.so
[3.764s] -- Up-to-date: /home/ubuntu/ros2_ws/install/tracetools/share/ament_index/resource_index/package_run_dependencies/tracetools
[3.767s] -- Up-to-date: /home/ubuntu/ros2_ws/install/tracetools/share/ament_index/resource_index/parent_prefix_path/tracetools
[3.769s] -- Up-to-date: /home/ubuntu/ros2_ws/install/tracetools/share/tracetools/environment/ament_prefix_path.sh
[3.771s] -- Up-to-date: /home/ubuntu/ros2_ws/install/tracetools/share/tracetools/environment/ament_prefix_path.dsv
[3.772s] -- Up-to-date: /home/ubuntu/ros2_ws/install/tracetools/share/tracetools/environment/path.sh
[3.774s] -- Up-to-date: /home/ubuntu/ros2_ws/install/tracetools/share/tracetools/environment/path.dsv
[3.775s] -- Up-to-date: /home/ubuntu/ros2_ws/install/tracetools/share/tracetools/local_setup.bash
[3.777s] -- Up-to-date: /home/ubuntu/ros2_ws/install/tracetools/share/tracetools/local_setup.sh
[3.779s] -- Up-to-date: /home/ubuntu/ros2_ws/install/tracetools/share/tracetools/local_setup.zsh
[3.780s] -- Up-to-date: /home/ubuntu/ros2_ws/install/tracetools/share/tracetools/local_setup.dsv
[3.782s] -- Installing: /home/ubuntu/ros2_ws/install/tracetools/share/tracetools/package.dsv
[3.785s] -- Up-to-date: /home/ubuntu/ros2_ws/install/tracetools/share/ament_index/resource_index/packages/tracetools
[3.793s] -- Up-to-date: /home/ubuntu/ros2_ws/install/tracetools/share/tracetools/cmake/tracetools_exportExport.cmake
[3.795s] -- Up-to-date: /home/ubuntu/ros2_ws/install/tracetools/share/tracetools/cmake/tracetools_exportExport-noconfig.cmake
[3.796s] -- Up-to-date: /home/ubuntu/ros2_ws/install/tracetools/share/tracetools/cmake/ament_cmake_export_targets-extras.cmake
[3.798s] -- Up-to-date: /home/ubuntu/ros2_ws/install/tracetools/share/tracetools/cmake/ament_cmake_export_include_directories-extras.cmake
[3.799s] -- Up-to-date: /home/ubuntu/ros2_ws/install/tracetools/share/tracetools/cmake/ament_cmake_export_libraries-extras.cmake
[3.801s] -- Up-to-date: /home/ubuntu/ros2_ws/install/tracetools/share/tracetools/cmake/ament_cmake_export_link_flags-extras.cmake
[3.803s] -- Up-to-date: /home/ubuntu/ros2_ws/install/tracetools/share/tracetools/cmake/tracetoolsConfig.cmake
[3.805s] -- Up-to-date: /home/ubuntu/ros2_ws/install/tracetools/share/tracetools/cmake/tracetoolsConfig-version.cmake
[3.807s] -- Up-to-date: /home/ubuntu/ros2_ws/install/tracetools/share/tracetools/package.xml
[3.820s] Invoked command in '/home/ubuntu/ros2_ws/build/tracetools' returned '0': CMAKE_PREFIX_PATH=${CMAKE_PREFIX_PATH}:/home/ubuntu/ros2_ws/install/webcam_streamer_package:/home/ubuntu/ros2_ws/install/my_ax12_servo_controller:/home/ubuntu/ros2_ws/install/my_ax12_controller:/home/ubuntu/ros2_ws/install/arm_controller_package:/opt/ros/iron /usr/bin/cmake --install /home/ubuntu/ros2_ws/build/tracetools
