[6.893s] Invoking command in '/home/ubuntu/ros2_ws/src/arm_controller_package': PYTHONPATH=/home/ubuntu/ros2_ws/build/arm_controller_package/prefix_override:/home/ubuntu/ros2_ws/install/arm_controller_package/lib/python3.10/site-packages:${PYTHONPATH} /usr/bin/python3 -W ignore:setup.py install is deprecated setup.py egg_info --egg-base ../../build/arm_controller_package build --build-base /home/ubuntu/ros2_ws/build/arm_controller_package/build install --record /home/ubuntu/ros2_ws/build/arm_controller_package/install.log --single-version-externally-managed install_data
[8.858s] running egg_info
[8.863s] writing ../../build/arm_controller_package/arm_controller_package.egg-info/PKG-INFO
[8.867s] writing dependency_links to ../../build/arm_controller_package/arm_controller_package.egg-info/dependency_links.txt
[8.869s] writing entry points to ../../build/arm_controller_package/arm_controller_package.egg-info/entry_points.txt
[8.872s] writing requirements to ../../build/arm_controller_package/arm_controller_package.egg-info/requires.txt
[8.875s] writing top-level names to ../../build/arm_controller_package/arm_controller_package.egg-info/top_level.txt
[8.889s] reading manifest file '../../build/arm_controller_package/arm_controller_package.egg-info/SOURCES.txt'
[8.900s] writing manifest file '../../build/arm_controller_package/arm_controller_package.egg-info/SOURCES.txt'
[8.902s] running build
[8.904s] running build_py
[8.905s] copying arm_controller_package/Kinematics.py -> /home/ubuntu/ros2_ws/build/arm_controller_package/build/lib/arm_controller_package
[8.910s] running install
[8.914s] running install_lib
[8.921s] copying /home/ubuntu/ros2_ws/build/arm_controller_package/build/lib/arm_controller_package/Kinematics.py -> /home/ubuntu/ros2_ws/install/arm_controller_package/lib/python3.10/site-packages/arm_controller_package
[8.928s] byte-compiling /home/ubuntu/ros2_ws/install/arm_controller_package/lib/python3.10/site-packages/arm_controller_package/Kinematics.py to Kinematics.cpython-310.pyc
[8.935s] running install_data
[8.937s] running install_egg_info
[8.948s] removing '/home/ubuntu/ros2_ws/install/arm_controller_package/lib/python3.10/site-packages/arm_controller_package-0.0.0-py3.10.egg-info' (and everything under it)
[8.952s] Copying ../../build/arm_controller_package/arm_controller_package.egg-info to /home/ubuntu/ros2_ws/install/arm_controller_package/lib/python3.10/site-packages/arm_controller_package-0.0.0-py3.10.egg-info
[8.968s] running install_scripts
[9.075s] Installing arm_controller script to /home/ubuntu/ros2_ws/install/arm_controller_package/lib/arm_controller_package
[9.076s] writing list of installed files to '/home/ubuntu/ros2_ws/build/arm_controller_package/install.log'
[9.211s] Invoked command in '/home/ubuntu/ros2_ws/src/arm_controller_package' returned '0': PYTHONPATH=/home/ubuntu/ros2_ws/build/arm_controller_package/prefix_override:/home/ubuntu/ros2_ws/install/arm_controller_package/lib/python3.10/site-packages:${PYTHONPATH} /usr/bin/python3 -W ignore:setup.py install is deprecated setup.py egg_info --egg-base ../../build/arm_controller_package build --build-base /home/ubuntu/ros2_ws/build/arm_controller_package/build install --record /home/ubuntu/ros2_ws/build/arm_controller_package/install.log --single-version-externally-managed install_data
