[5.813s] Invoking command in '/home/ubuntu/ros2_ws/src/my_ax12_controller': PYTHONPATH=/home/ubuntu/ros2_ws/build/my_ax12_controller/prefix_override:/home/ubuntu/ros2_ws/install/my_ax12_controller/lib/python3.10/site-packages:${PYTHONPATH} /usr/bin/python3 -W ignore:setup.py install is deprecated setup.py egg_info --egg-base ../../build/my_ax12_controller build --build-base /home/ubuntu/ros2_ws/build/my_ax12_controller/build install --record /home/ubuntu/ros2_ws/build/my_ax12_controller/install.log --single-version-externally-managed install_data
[7.277s] running egg_info
[7.280s] writing ../../build/my_ax12_controller/my_ax12_controller.egg-info/PKG-INFO
[7.281s] writing dependency_links to ../../build/my_ax12_controller/my_ax12_controller.egg-info/dependency_links.txt
[7.284s] writing entry points to ../../build/my_ax12_controller/my_ax12_controller.egg-info/entry_points.txt
[7.286s] writing requirements to ../../build/my_ax12_controller/my_ax12_controller.egg-info/requires.txt
[7.287s] writing top-level names to ../../build/my_ax12_controller/my_ax12_controller.egg-info/top_level.txt
[7.295s] reading manifest file '../../build/my_ax12_controller/my_ax12_controller.egg-info/SOURCES.txt'
[7.299s] writing manifest file '../../build/my_ax12_controller/my_ax12_controller.egg-info/SOURCES.txt'
[7.301s] running build
[7.301s] running build_py
[7.303s] running install
[7.304s] running install_lib
[7.310s] running install_data
[7.311s] running install_egg_info
[7.320s] removing '/home/ubuntu/ros2_ws/install/my_ax12_controller/lib/python3.10/site-packages/my_ax12_controller-0.0.0-py3.10.egg-info' (and everything under it)
[7.321s] Copying ../../build/my_ax12_controller/my_ax12_controller.egg-info to /home/ubuntu/ros2_ws/install/my_ax12_controller/lib/python3.10/site-packages/my_ax12_controller-0.0.0-py3.10.egg-info
[7.329s] running install_scripts
[7.433s] Installing dynamixel_control script to /home/ubuntu/ros2_ws/install/my_ax12_controller/lib/my_ax12_controller
[7.435s] writing list of installed files to '/home/ubuntu/ros2_ws/build/my_ax12_controller/install.log'
[7.647s] Invoked command in '/home/ubuntu/ros2_ws/src/my_ax12_controller' returned '0': PYTHONPATH=/home/ubuntu/ros2_ws/build/my_ax12_controller/prefix_override:/home/ubuntu/ros2_ws/install/my_ax12_controller/lib/python3.10/site-packages:${PYTHONPATH} /usr/bin/python3 -W ignore:setup.py install is deprecated setup.py egg_info --egg-base ../../build/my_ax12_controller build --build-base /home/ubuntu/ros2_ws/build/my_ax12_controller/build install --record /home/ubuntu/ros2_ws/build/my_ax12_controller/install.log --single-version-externally-managed install_data
