[7.077s] Invoking command in '/home/ubuntu/ros2_ws/src/arm_controller_package': PYTHONPATH=/home/ubuntu/ros2_ws/build/arm_controller_package/prefix_override:/home/ubuntu/ros2_ws/install/arm_controller_package/lib/python3.10/site-packages:${PYTHONPATH} /usr/bin/python3 -W ignore:setup.py install is deprecated setup.py egg_info --egg-base ../../build/arm_controller_package build --build-base /home/ubuntu/ros2_ws/build/arm_controller_package/build install --record /home/ubuntu/ros2_ws/build/arm_controller_package/install.log --single-version-externally-managed install_data
[8.634s] running egg_info
[8.637s] writing ../../build/arm_controller_package/arm_controller_package.egg-info/PKG-INFO
[8.640s] writing dependency_links to ../../build/arm_controller_package/arm_controller_package.egg-info/dependency_links.txt
[8.643s] writing entry points to ../../build/arm_controller_package/arm_controller_package.egg-info/entry_points.txt
[8.645s] writing requirements to ../../build/arm_controller_package/arm_controller_package.egg-info/requires.txt
[8.646s] writing top-level names to ../../build/arm_controller_package/arm_controller_package.egg-info/top_level.txt
[8.660s] reading manifest file '../../build/arm_controller_package/arm_controller_package.egg-info/SOURCES.txt'
[8.668s] writing manifest file '../../build/arm_controller_package/arm_controller_package.egg-info/SOURCES.txt'
[8.668s] running build
[8.669s] running build_py
[8.673s] copying arm_controller_package/PiClient.py -> /home/ubuntu/ros2_ws/build/arm_controller_package/build/lib/arm_controller_package
[8.675s] copying arm_controller_package/arm_controller.py -> /home/ubuntu/ros2_ws/build/arm_controller_package/build/lib/arm_controller_package
[8.680s] running install
[8.681s] running install_lib
[8.687s] copying /home/ubuntu/ros2_ws/build/arm_controller_package/build/lib/arm_controller_package/PiClient.py -> /home/ubuntu/ros2_ws/install/arm_controller_package/lib/python3.10/site-packages/arm_controller_package
[8.689s] copying /home/ubuntu/ros2_ws/build/arm_controller_package/build/lib/arm_controller_package/arm_controller.py -> /home/ubuntu/ros2_ws/install/arm_controller_package/lib/python3.10/site-packages/arm_controller_package
[8.693s] byte-compiling /home/ubuntu/ros2_ws/install/arm_controller_package/lib/python3.10/site-packages/arm_controller_package/PiClient.py to PiClient.cpython-310.pyc
[8.699s] byte-compiling /home/ubuntu/ros2_ws/install/arm_controller_package/lib/python3.10/site-packages/arm_controller_package/arm_controller.py to arm_controller.cpython-310.pyc
[8.704s] running install_data
[8.708s] running install_egg_info
[8.716s] removing '/home/ubuntu/ros2_ws/install/arm_controller_package/lib/python3.10/site-packages/arm_controller_package-0.0.0-py3.10.egg-info' (and everything under it)
[8.719s] Copying ../../build/arm_controller_package/arm_controller_package.egg-info to /home/ubuntu/ros2_ws/install/arm_controller_package/lib/python3.10/site-packages/arm_controller_package-0.0.0-py3.10.egg-info
[8.727s] running install_scripts
[8.840s] Installing arm_controller script to /home/ubuntu/ros2_ws/install/arm_controller_package/lib/arm_controller_package
[8.847s] writing list of installed files to '/home/ubuntu/ros2_ws/build/arm_controller_package/install.log'
[9.173s] Invoked command in '/home/ubuntu/ros2_ws/src/arm_controller_package' returned '0': PYTHONPATH=/home/ubuntu/ros2_ws/build/arm_controller_package/prefix_override:/home/ubuntu/ros2_ws/install/arm_controller_package/lib/python3.10/site-packages:${PYTHONPATH} /usr/bin/python3 -W ignore:setup.py install is deprecated setup.py egg_info --egg-base ../../build/arm_controller_package build --build-base /home/ubuntu/ros2_ws/build/arm_controller_package/build install --record /home/ubuntu/ros2_ws/build/arm_controller_package/install.log --single-version-externally-managed install_data
