running egg_info
creating ../../build/webcam_streamer_package/webcam_streamer_package.egg-info
writing ../../build/webcam_streamer_package/webcam_streamer_package.egg-info/PKG-INFO
writing dependency_links to ../../build/webcam_streamer_package/webcam_streamer_package.egg-info/dependency_links.txt
writing entry points to ../../build/webcam_streamer_package/webcam_streamer_package.egg-info/entry_points.txt
writing requirements to ../../build/webcam_streamer_package/webcam_streamer_package.egg-info/requires.txt
writing top-level names to ../../build/webcam_streamer_package/webcam_streamer_package.egg-info/top_level.txt
writing manifest file '../../build/webcam_streamer_package/webcam_streamer_package.egg-info/SOURCES.txt'
reading manifest file '../../build/webcam_streamer_package/webcam_streamer_package.egg-info/SOURCES.txt'
adding license file 'LICENSE'
writing manifest file '../../build/webcam_streamer_package/webcam_streamer_package.egg-info/SOURCES.txt'
running build
running build_py
creating /home/ubuntu/ros2_ws/build/webcam_streamer_package/build
creating /home/ubuntu/ros2_ws/build/webcam_streamer_package/build/lib
creating /home/ubuntu/ros2_ws/build/webcam_streamer_package/build/lib/webcam_streamer_package
copying webcam_streamer_package/__init__.py -> /home/ubuntu/ros2_ws/build/webcam_streamer_package/build/lib/webcam_streamer_package
copying webcam_streamer_package/webcam_streamer_node.py -> /home/ubuntu/ros2_ws/build/webcam_streamer_package/build/lib/webcam_streamer_package
running install
running install_lib
creating /home/ubuntu/ros2_ws/install/webcam_streamer_package/lib/python3.10/site-packages/webcam_streamer_package
copying /home/ubuntu/ros2_ws/build/webcam_streamer_package/build/lib/webcam_streamer_package/__init__.py -> /home/ubuntu/ros2_ws/install/webcam_streamer_package/lib/python3.10/site-packages/webcam_streamer_package
copying /home/ubuntu/ros2_ws/build/webcam_streamer_package/build/lib/webcam_streamer_package/webcam_streamer_node.py -> /home/ubuntu/ros2_ws/install/webcam_streamer_package/lib/python3.10/site-packages/webcam_streamer_package
byte-compiling /home/ubuntu/ros2_ws/install/webcam_streamer_package/lib/python3.10/site-packages/webcam_streamer_package/__init__.py to __init__.cpython-310.pyc
byte-compiling /home/ubuntu/ros2_ws/install/webcam_streamer_package/lib/python3.10/site-packages/webcam_streamer_package/webcam_streamer_node.py to webcam_streamer_node.cpython-310.pyc
running install_data
creating /home/ubuntu/ros2_ws/install/webcam_streamer_package/share/ament_index
creating /home/ubuntu/ros2_ws/install/webcam_streamer_package/share/ament_index/resource_index
creating /home/ubuntu/ros2_ws/install/webcam_streamer_package/share/ament_index/resource_index/packages
copying resource/webcam_streamer_package -> /home/ubuntu/ros2_ws/install/webcam_streamer_package/share/ament_index/resource_index/packages
copying package.xml -> /home/ubuntu/ros2_ws/install/webcam_streamer_package/share/webcam_streamer_package
running install_egg_info
Copying ../../build/webcam_streamer_package/webcam_streamer_package.egg-info to /home/ubuntu/ros2_ws/install/webcam_streamer_package/lib/python3.10/site-packages/webcam_streamer_package-0.0.0-py3.10.egg-info
running install_scripts
Installing webcam_streamer_node script to /home/ubuntu/ros2_ws/install/webcam_streamer_package/lib/webcam_streamer_package
writing list of installed files to '/home/ubuntu/ros2_ws/build/webcam_streamer_package/install.log'
