[0.452s] DEBUG:colcon:Command line arguments: ['/usr/bin/colcon', 'build']
[0.452s] DEBUG:colcon:Parsed command line arguments: Namespace(log_base=None, log_level=None, verb_name='build', build_base='build', install_base='install', merge_install=False, symlink_install=False, test_result_base=None, continue_on_error=False, executor='parallel', parallel_workers=4, event_handlers=None, ignore_user_meta=False, metas=['./colcon.meta'], base_paths=['.'], packages_ignore=None, packages_ignore_regex=None, paths=None, packages_up_to=None, packages_up_to_regex=None, packages_above=None, packages_above_and_dependencies=None, packages_above_depth=None, packages_select_by_dep=None, packages_skip_by_dep=None, packages_skip_up_to=None, packages_select_build_failed=False, packages_skip_build_finished=False, packages_select_test_failures=False, packages_skip_test_passed=False, packages_select=None, packages_skip=None, packages_select_regex=None, packages_skip_regex=None, packages_start=None, packages_end=None, allow_overriding=[], cmake_args=None, cmake_target=None, cmake_target_skip_unavailable=False, cmake_clean_cache=False, cmake_clean_first=False, cmake_force_configure=False, ament_cmake_args=None, catkin_cmake_args=None, catkin_skip_building_tests=False, mixin_files=None, mixin=None, verb_parser=<colcon_mixin.mixin.mixin_argument.MixinArgumentDecorator object at 0xffffb663df00>, verb_extension=<colcon_core.verb.build.BuildVerb object at 0xffffb677e4d0>, main=<bound method BuildVerb.main of <colcon_core.verb.build.BuildVerb object at 0xffffb677e4d0>>, mixin_verb=('build',))
[1.279s] Level 1:colcon.colcon_core.package_discovery:discover_packages(colcon_meta) check parameters
[1.280s] Level 1:colcon.colcon_core.package_discovery:discover_packages(recursive) check parameters
[1.280s] Level 1:colcon.colcon_core.package_discovery:discover_packages(ignore) check parameters
[1.280s] Level 1:colcon.colcon_core.package_discovery:discover_packages(path) check parameters
[1.280s] Level 1:colcon.colcon_core.package_discovery:discover_packages(colcon_meta) discover
[1.280s] Level 1:colcon.colcon_core.package_discovery:discover_packages(recursive) discover
[1.280s] INFO:colcon.colcon_core.package_discovery:Crawling recursively for packages in '/home/ubuntu/ros2_ws/src/my_ax12_servo_controller/my_ax12_servo_controller'
[1.281s] Level 1:colcon.colcon_core.package_identification:_identify(.) by extensions ['ignore', 'ignore_ament_install']
[1.281s] Level 1:colcon.colcon_core.package_identification:_identify(.) by extension 'ignore'
[1.281s] Level 1:colcon.colcon_core.package_identification:_identify(.) by extension 'ignore_ament_install'
[1.282s] Level 1:colcon.colcon_core.package_identification:_identify(.) by extensions ['colcon_pkg']
[1.282s] Level 1:colcon.colcon_core.package_identification:_identify(.) by extension 'colcon_pkg'
[1.282s] Level 1:colcon.colcon_core.package_identification:_identify(.) by extensions ['colcon_meta']
[1.282s] Level 1:colcon.colcon_core.package_identification:_identify(.) by extension 'colcon_meta'
[1.282s] Level 1:colcon.colcon_core.package_identification:_identify(.) by extensions ['ros']
[1.282s] Level 1:colcon.colcon_core.package_identification:_identify(.) by extension 'ros'
[1.325s] Level 1:colcon.colcon_core.package_identification:_identify(.) by extensions ['cmake', 'python']
[1.325s] Level 1:colcon.colcon_core.package_identification:_identify(.) by extension 'cmake'
[1.325s] Level 1:colcon.colcon_core.package_identification:_identify(.) by extension 'python'
[1.325s] Level 1:colcon.colcon_core.package_identification:_identify(.) by extensions ['python_setup_py']
[1.326s] Level 1:colcon.colcon_core.package_identification:_identify(.) by extension 'python_setup_py'
[1.326s] Level 1:colcon.colcon_core.package_identification:_identify(build) by extensions ['ignore', 'ignore_ament_install']
[1.326s] Level 1:colcon.colcon_core.package_identification:_identify(build) by extension 'ignore'
[1.327s] Level 1:colcon.colcon_core.package_identification:_identify(build) ignored
[1.327s] Level 1:colcon.colcon_core.package_identification:_identify(install) by extensions ['ignore', 'ignore_ament_install']
[1.327s] Level 1:colcon.colcon_core.package_identification:_identify(install) by extension 'ignore'
[1.328s] Level 1:colcon.colcon_core.package_identification:_identify(install) ignored
[1.328s] Level 1:colcon.colcon_core.package_identification:_identify(log) by extensions ['ignore', 'ignore_ament_install']
[1.328s] Level 1:colcon.colcon_core.package_identification:_identify(log) by extension 'ignore'
[1.328s] Level 1:colcon.colcon_core.package_identification:_identify(log) ignored
[1.329s] Level 1:colcon.colcon_core.package_discovery:discover_packages(recursive) using defaults
[1.329s] Level 1:colcon.colcon_core.package_discovery:discover_packages(ignore) discover
[1.329s] Level 1:colcon.colcon_core.package_discovery:discover_packages(ignore) using defaults
[1.329s] Level 1:colcon.colcon_core.package_discovery:discover_packages(path) discover
[1.329s] Level 1:colcon.colcon_core.package_discovery:discover_packages(path) using defaults
[1.441s] Level 1:colcon.colcon_core.package_discovery:discover_packages(prefix_path) check parameters
[1.442s] Level 1:colcon.colcon_core.package_discovery:discover_packages(prefix_path) discover
[1.450s] DEBUG:colcon.colcon_installed_package_information.package_discovery:Found 4 installed packages in /home/ubuntu/ros2_ws/install
[1.459s] DEBUG:colcon.colcon_installed_package_information.package_discovery:Found 288 installed packages in /opt/ros/iron
[1.466s] Level 1:colcon.colcon_core.package_discovery:discover_packages(prefix_path) using defaults
[1.652s] INFO:colcon.colcon_core.executor:Executing jobs using 'parallel' executor
[1.655s] DEBUG:colcon.colcon_parallel_executor.executor.parallel:run_until_complete
[1.656s] DEBUG:colcon.colcon_parallel_executor.executor.parallel:closing loop
[1.656s] DEBUG:colcon.colcon_parallel_executor.executor.parallel:loop closed
[1.657s] DEBUG:colcon.colcon_parallel_executor.executor.parallel:run_until_complete finished with '0'
[1.657s] DEBUG:colcon.colcon_core.event_reactor:joining thread
[1.675s] INFO:colcon.colcon_core.plugin_system:Skipping extension 'colcon_notification.desktop_notification.notify_send': Could not find 'notify-send'
[1.675s] INFO:colcon.colcon_core.plugin_system:Skipping extension 'colcon_notification.desktop_notification.terminal_notifier': Not used on non-Darwin systems
[1.676s] INFO:colcon.colcon_core.plugin_system:Skipping extension 'colcon_notification.desktop_notification.win32': Not used on non-Windows systems
[1.676s] INFO:colcon.colcon_notification.desktop_notification:Sending desktop notification using 'notify2'
[1.679s] DEBUG:colcon.colcon_notification.desktop_notification.notify2:Failed to initialize notify2: org.freedesktop.DBus.Error.ServiceUnknown: The name org.freedesktop.Notifications was not provided by any .service files
[1.679s] DEBUG:colcon.colcon_core.event_reactor:joined thread
[1.688s] INFO:colcon.colcon_core.plugin_system:Skipping extension 'colcon_core.shell.bat': Not used on non-Windows systems
[1.689s] INFO:colcon.colcon_core.shell:Creating prefix script '/home/ubuntu/ros2_ws/src/my_ax12_servo_controller/my_ax12_servo_controller/install/local_setup.ps1'
[1.693s] INFO:colcon.colcon_core.shell:Creating prefix util module '/home/ubuntu/ros2_ws/src/my_ax12_servo_controller/my_ax12_servo_controller/install/_local_setup_util_ps1.py'
[1.698s] INFO:colcon.colcon_core.shell:Creating prefix chain script '/home/ubuntu/ros2_ws/src/my_ax12_servo_controller/my_ax12_servo_controller/install/setup.ps1'
[1.702s] INFO:colcon.colcon_core.shell:Creating prefix script '/home/ubuntu/ros2_ws/src/my_ax12_servo_controller/my_ax12_servo_controller/install/local_setup.sh'
[1.705s] INFO:colcon.colcon_core.shell:Creating prefix util module '/home/ubuntu/ros2_ws/src/my_ax12_servo_controller/my_ax12_servo_controller/install/_local_setup_util_sh.py'
[1.706s] INFO:colcon.colcon_core.shell:Creating prefix chain script '/home/ubuntu/ros2_ws/src/my_ax12_servo_controller/my_ax12_servo_controller/install/setup.sh'
[1.711s] INFO:colcon.colcon_core.shell:Creating prefix script '/home/ubuntu/ros2_ws/src/my_ax12_servo_controller/my_ax12_servo_controller/install/local_setup.bash'
[1.713s] INFO:colcon.colcon_core.shell:Creating prefix chain script '/home/ubuntu/ros2_ws/src/my_ax12_servo_controller/my_ax12_servo_controller/install/setup.bash'
[1.718s] INFO:colcon.colcon_core.shell:Creating prefix script '/home/ubuntu/ros2_ws/src/my_ax12_servo_controller/my_ax12_servo_controller/install/local_setup.zsh'
[1.719s] INFO:colcon.colcon_core.shell:Creating prefix chain script '/home/ubuntu/ros2_ws/src/my_ax12_servo_controller/my_ax12_servo_controller/install/setup.zsh'
