[0.452s] DEBUG:colcon:Command line arguments: ['/usr/bin/colcon', 'build']
[0.452s] DEBUG:colcon:Parsed command line arguments: Namespace(log_base=None, log_level=None, verb_name='build', build_base='build', install_base='install', merge_install=False, symlink_install=False, test_result_base=None, continue_on_error=False, executor='parallel', parallel_workers=4, event_handlers=None, ignore_user_meta=False, metas=['./colcon.meta'], base_paths=['.'], packages_ignore=None, packages_ignore_regex=None, paths=None, packages_up_to=None, packages_up_to_regex=None, packages_above=None, packages_above_and_dependencies=None, packages_above_depth=None, packages_select_by_dep=None, packages_skip_by_dep=None, packages_skip_up_to=None, packages_select_build_failed=False, packages_skip_build_finished=False, packages_select_test_failures=False, packages_skip_test_passed=False, packages_select=None, packages_skip=None, packages_select_regex=None, packages_skip_regex=None, packages_start=None, packages_end=None, allow_overriding=[], cmake_args=None, cmake_target=None, cmake_target_skip_unavailable=False, cmake_clean_cache=False, cmake_clean_first=False, cmake_force_configure=False, ament_cmake_args=None, catkin_cmake_args=None, catkin_skip_building_tests=False, mixin_files=None, mixin=None, verb_parser=<colcon_mixin.mixin.mixin_argument.MixinArgumentDecorator object at 0xffffb9ecdf60>, verb_extension=<colcon_core.verb.build.BuildVerb object at 0xffffba00a530>, main=<bound method BuildVerb.main of <colcon_core.verb.build.BuildVerb object at 0xffffba00a530>>, mixin_verb=('build',))
[1.283s] Level 1:colcon.colcon_core.package_discovery:discover_packages(colcon_meta) check parameters
[1.284s] Level 1:colcon.colcon_core.package_discovery:discover_packages(recursive) check parameters
[1.284s] Level 1:colcon.colcon_core.package_discovery:discover_packages(ignore) check parameters
[1.284s] Level 1:colcon.colcon_core.package_discovery:discover_packages(path) check parameters
[1.284s] Level 1:colcon.colcon_core.package_discovery:discover_packages(colcon_meta) discover
[1.284s] Level 1:colcon.colcon_core.package_discovery:discover_packages(recursive) discover
[1.284s] INFO:colcon.colcon_core.package_discovery:Crawling recursively for packages in '/home/ubuntu/ros2_ws'
[1.285s] Level 1:colcon.colcon_core.package_identification:_identify(.) by extensions ['ignore', 'ignore_ament_install']
[1.285s] Level 1:colcon.colcon_core.package_identification:_identify(.) by extension 'ignore'
[1.285s] Level 1:colcon.colcon_core.package_identification:_identify(.) by extension 'ignore_ament_install'
[1.286s] Level 1:colcon.colcon_core.package_identification:_identify(.) by extensions ['colcon_pkg']
[1.286s] Level 1:colcon.colcon_core.package_identification:_identify(.) by extension 'colcon_pkg'
[1.286s] Level 1:colcon.colcon_core.package_identification:_identify(.) by extensions ['colcon_meta']
[1.286s] Level 1:colcon.colcon_core.package_identification:_identify(.) by extension 'colcon_meta'
[1.286s] Level 1:colcon.colcon_core.package_identification:_identify(.) by extensions ['ros']
[1.286s] Level 1:colcon.colcon_core.package_identification:_identify(.) by extension 'ros'
[1.329s] Level 1:colcon.colcon_core.package_identification:_identify(.) by extensions ['cmake', 'python']
[1.329s] Level 1:colcon.colcon_core.package_identification:_identify(.) by extension 'cmake'
[1.329s] Level 1:colcon.colcon_core.package_identification:_identify(.) by extension 'python'
[1.329s] Level 1:colcon.colcon_core.package_identification:_identify(.) by extensions ['python_setup_py']
[1.330s] Level 1:colcon.colcon_core.package_identification:_identify(.) by extension 'python_setup_py'
[1.330s] Level 1:colcon.colcon_core.package_identification:_identify(build) by extensions ['ignore', 'ignore_ament_install']
[1.330s] Level 1:colcon.colcon_core.package_identification:_identify(build) by extension 'ignore'
[1.331s] Level 1:colcon.colcon_core.package_identification:_identify(build) ignored
[1.331s] Level 1:colcon.colcon_core.package_identification:_identify(install) by extensions ['ignore', 'ignore_ament_install']
[1.332s] Level 1:colcon.colcon_core.package_identification:_identify(install) by extension 'ignore'
[1.332s] Level 1:colcon.colcon_core.package_identification:_identify(install) ignored
[1.332s] Level 1:colcon.colcon_core.package_identification:_identify(lib) by extensions ['ignore', 'ignore_ament_install']
[1.332s] Level 1:colcon.colcon_core.package_identification:_identify(lib) by extension 'ignore'
[1.333s] Level 1:colcon.colcon_core.package_identification:_identify(lib) by extension 'ignore_ament_install'
[1.333s] Level 1:colcon.colcon_core.package_identification:_identify(lib) by extensions ['colcon_pkg']
[1.333s] Level 1:colcon.colcon_core.package_identification:_identify(lib) by extension 'colcon_pkg'
[1.333s] Level 1:colcon.colcon_core.package_identification:_identify(lib) by extensions ['colcon_meta']
[1.333s] Level 1:colcon.colcon_core.package_identification:_identify(lib) by extension 'colcon_meta'
[1.333s] Level 1:colcon.colcon_core.package_identification:_identify(lib) by extensions ['ros']
[1.333s] Level 1:colcon.colcon_core.package_identification:_identify(lib) by extension 'ros'
[1.334s] Level 1:colcon.colcon_core.package_identification:_identify(lib) by extensions ['cmake', 'python']
[1.334s] Level 1:colcon.colcon_core.package_identification:_identify(lib) by extension 'cmake'
[1.334s] Level 1:colcon.colcon_core.package_identification:_identify(lib) by extension 'python'
[1.334s] Level 1:colcon.colcon_core.package_identification:_identify(lib) by extensions ['python_setup_py']
[1.334s] Level 1:colcon.colcon_core.package_identification:_identify(lib) by extension 'python_setup_py'
[1.338s] Level 1:colcon.colcon_core.package_identification:_identify(log) by extensions ['ignore', 'ignore_ament_install']
[1.338s] Level 1:colcon.colcon_core.package_identification:_identify(log) by extension 'ignore'
[1.338s] Level 1:colcon.colcon_core.package_identification:_identify(log) ignored
[1.338s] Level 1:colcon.colcon_core.package_identification:_identify(src) by extensions ['ignore', 'ignore_ament_install']
[1.339s] Level 1:colcon.colcon_core.package_identification:_identify(src) by extension 'ignore'
[1.339s] Level 1:colcon.colcon_core.package_identification:_identify(src) by extension 'ignore_ament_install'
[1.339s] Level 1:colcon.colcon_core.package_identification:_identify(src) by extensions ['colcon_pkg']
[1.339s] Level 1:colcon.colcon_core.package_identification:_identify(src) by extension 'colcon_pkg'
[1.339s] Level 1:colcon.colcon_core.package_identification:_identify(src) by extensions ['colcon_meta']
[1.339s] Level 1:colcon.colcon_core.package_identification:_identify(src) by extension 'colcon_meta'
[1.340s] Level 1:colcon.colcon_core.package_identification:_identify(src) by extensions ['ros']
[1.340s] Level 1:colcon.colcon_core.package_identification:_identify(src) by extension 'ros'
[1.340s] Level 1:colcon.colcon_core.package_identification:_identify(src) by extensions ['cmake', 'python']
[1.340s] Level 1:colcon.colcon_core.package_identification:_identify(src) by extension 'cmake'
[1.340s] Level 1:colcon.colcon_core.package_identification:_identify(src) by extension 'python'
[1.340s] Level 1:colcon.colcon_core.package_identification:_identify(src) by extensions ['python_setup_py']
[1.341s] Level 1:colcon.colcon_core.package_identification:_identify(src) by extension 'python_setup_py'
[1.341s] Level 1:colcon.colcon_core.package_identification:_identify(src/arm_controller_package) by extensions ['ignore', 'ignore_ament_install']
[1.341s] Level 1:colcon.colcon_core.package_identification:_identify(src/arm_controller_package) by extension 'ignore'
[1.342s] Level 1:colcon.colcon_core.package_identification:_identify(src/arm_controller_package) by extension 'ignore_ament_install'
[1.342s] Level 1:colcon.colcon_core.package_identification:_identify(src/arm_controller_package) by extensions ['colcon_pkg']
[1.342s] Level 1:colcon.colcon_core.package_identification:_identify(src/arm_controller_package) by extension 'colcon_pkg'
[1.342s] Level 1:colcon.colcon_core.package_identification:_identify(src/arm_controller_package) by extensions ['colcon_meta']
[1.342s] Level 1:colcon.colcon_core.package_identification:_identify(src/arm_controller_package) by extension 'colcon_meta'
[1.342s] Level 1:colcon.colcon_core.package_identification:_identify(src/arm_controller_package) by extensions ['ros']
[1.343s] Level 1:colcon.colcon_core.package_identification:_identify(src/arm_controller_package) by extension 'ros'
[1.350s] DEBUG:colcon.colcon_core.package_identification:Package 'src/arm_controller_package' with type 'ros.ament_python' and name 'arm_controller_package'
[1.351s] Level 1:colcon.colcon_core.package_identification:_identify(src/my_ax12_servo_controller) by extensions ['ignore', 'ignore_ament_install']
[1.351s] Level 1:colcon.colcon_core.package_identification:_identify(src/my_ax12_servo_controller) by extension 'ignore'
[1.351s] Level 1:colcon.colcon_core.package_identification:_identify(src/my_ax12_servo_controller) by extension 'ignore_ament_install'
[1.352s] Level 1:colcon.colcon_core.package_identification:_identify(src/my_ax12_servo_controller) by extensions ['colcon_pkg']
[1.352s] Level 1:colcon.colcon_core.package_identification:_identify(src/my_ax12_servo_controller) by extension 'colcon_pkg'
[1.352s] Level 1:colcon.colcon_core.package_identification:_identify(src/my_ax12_servo_controller) by extensions ['colcon_meta']
[1.352s] Level 1:colcon.colcon_core.package_identification:_identify(src/my_ax12_servo_controller) by extension 'colcon_meta'
[1.352s] Level 1:colcon.colcon_core.package_identification:_identify(src/my_ax12_servo_controller) by extensions ['ros']
[1.352s] Level 1:colcon.colcon_core.package_identification:_identify(src/my_ax12_servo_controller) by extension 'ros'
[1.355s] DEBUG:colcon.colcon_core.package_identification:Package 'src/my_ax12_servo_controller' with type 'ros.ament_python' and name 'my_ax12_servo_controller'
[1.355s] Level 1:colcon.colcon_core.package_identification:_identify(src/webcam_streamer_package) by extensions ['ignore', 'ignore_ament_install']
[1.356s] Level 1:colcon.colcon_core.package_identification:_identify(src/webcam_streamer_package) by extension 'ignore'
[1.356s] Level 1:colcon.colcon_core.package_identification:_identify(src/webcam_streamer_package) by extension 'ignore_ament_install'
[1.356s] Level 1:colcon.colcon_core.package_identification:_identify(src/webcam_streamer_package) by extensions ['colcon_pkg']
[1.356s] Level 1:colcon.colcon_core.package_identification:_identify(src/webcam_streamer_package) by extension 'colcon_pkg'
[1.356s] Level 1:colcon.colcon_core.package_identification:_identify(src/webcam_streamer_package) by extensions ['colcon_meta']
[1.356s] Level 1:colcon.colcon_core.package_identification:_identify(src/webcam_streamer_package) by extension 'colcon_meta'
[1.357s] Level 1:colcon.colcon_core.package_identification:_identify(src/webcam_streamer_package) by extensions ['ros']
[1.357s] Level 1:colcon.colcon_core.package_identification:_identify(src/webcam_streamer_package) by extension 'ros'
[1.359s] DEBUG:colcon.colcon_core.package_identification:Package 'src/webcam_streamer_package' with type 'ros.ament_python' and name 'webcam_streamer_package'
[1.359s] Level 1:colcon.colcon_core.package_discovery:discover_packages(recursive) using defaults
[1.359s] Level 1:colcon.colcon_core.package_discovery:discover_packages(ignore) discover
[1.359s] Level 1:colcon.colcon_core.package_discovery:discover_packages(ignore) using defaults
[1.359s] Level 1:colcon.colcon_core.package_discovery:discover_packages(path) discover
[1.359s] Level 1:colcon.colcon_core.package_discovery:discover_packages(path) using defaults
[1.477s] Level 1:colcon.colcon_core.package_discovery:discover_packages(prefix_path) check parameters
[1.477s] Level 1:colcon.colcon_core.package_discovery:discover_packages(prefix_path) discover
[1.485s] DEBUG:colcon.colcon_installed_package_information.package_discovery:Found 4 installed packages in /home/ubuntu/ros2_ws/install
[1.495s] DEBUG:colcon.colcon_installed_package_information.package_discovery:Found 288 installed packages in /opt/ros/iron
[1.501s] Level 1:colcon.colcon_core.package_discovery:discover_packages(prefix_path) using defaults
[1.687s] Level 5:colcon.colcon_core.verb:set package 'arm_controller_package' build argument 'cmake_args' from command line to 'None'
[1.687s] Level 5:colcon.colcon_core.verb:set package 'arm_controller_package' build argument 'cmake_target' from command line to 'None'
[1.687s] Level 5:colcon.colcon_core.verb:set package 'arm_controller_package' build argument 'cmake_target_skip_unavailable' from command line to 'False'
[1.688s] Level 5:colcon.colcon_core.verb:set package 'arm_controller_package' build argument 'cmake_clean_cache' from command line to 'False'
[1.688s] Level 5:colcon.colcon_core.verb:set package 'arm_controller_package' build argument 'cmake_clean_first' from command line to 'False'
[1.688s] Level 5:colcon.colcon_core.verb:set package 'arm_controller_package' build argument 'cmake_force_configure' from command line to 'False'
[1.688s] Level 5:colcon.colcon_core.verb:set package 'arm_controller_package' build argument 'ament_cmake_args' from command line to 'None'
[1.688s] Level 5:colcon.colcon_core.verb:set package 'arm_controller_package' build argument 'catkin_cmake_args' from command line to 'None'
[1.688s] Level 5:colcon.colcon_core.verb:set package 'arm_controller_package' build argument 'catkin_skip_building_tests' from command line to 'False'
[1.688s] DEBUG:colcon.colcon_core.verb:Building package 'arm_controller_package' with the following arguments: {'ament_cmake_args': None, 'build_base': '/home/ubuntu/ros2_ws/build/arm_controller_package', 'catkin_cmake_args': None, 'catkin_skip_building_tests': False, 'cmake_args': None, 'cmake_clean_cache': False, 'cmake_clean_first': False, 'cmake_force_configure': False, 'cmake_target': None, 'cmake_target_skip_unavailable': False, 'install_base': '/home/ubuntu/ros2_ws/install/arm_controller_package', 'merge_install': False, 'path': '/home/ubuntu/ros2_ws/src/arm_controller_package', 'symlink_install': False, 'test_result_base': None}
[1.690s] Level 5:colcon.colcon_core.verb:set package 'my_ax12_servo_controller' build argument 'cmake_args' from command line to 'None'
[1.690s] Level 5:colcon.colcon_core.verb:set package 'my_ax12_servo_controller' build argument 'cmake_target' from command line to 'None'
[1.690s] Level 5:colcon.colcon_core.verb:set package 'my_ax12_servo_controller' build argument 'cmake_target_skip_unavailable' from command line to 'False'
[1.690s] Level 5:colcon.colcon_core.verb:set package 'my_ax12_servo_controller' build argument 'cmake_clean_cache' from command line to 'False'
[1.690s] Level 5:colcon.colcon_core.verb:set package 'my_ax12_servo_controller' build argument 'cmake_clean_first' from command line to 'False'
[1.690s] Level 5:colcon.colcon_core.verb:set package 'my_ax12_servo_controller' build argument 'cmake_force_configure' from command line to 'False'
[1.690s] Level 5:colcon.colcon_core.verb:set package 'my_ax12_servo_controller' build argument 'ament_cmake_args' from command line to 'None'
[1.690s] Level 5:colcon.colcon_core.verb:set package 'my_ax12_servo_controller' build argument 'catkin_cmake_args' from command line to 'None'
[1.690s] Level 5:colcon.colcon_core.verb:set package 'my_ax12_servo_controller' build argument 'catkin_skip_building_tests' from command line to 'False'
[1.691s] DEBUG:colcon.colcon_core.verb:Building package 'my_ax12_servo_controller' with the following arguments: {'ament_cmake_args': None, 'build_base': '/home/ubuntu/ros2_ws/build/my_ax12_servo_controller', 'catkin_cmake_args': None, 'catkin_skip_building_tests': False, 'cmake_args': None, 'cmake_clean_cache': False, 'cmake_clean_first': False, 'cmake_force_configure': False, 'cmake_target': None, 'cmake_target_skip_unavailable': False, 'install_base': '/home/ubuntu/ros2_ws/install/my_ax12_servo_controller', 'merge_install': False, 'path': '/home/ubuntu/ros2_ws/src/my_ax12_servo_controller', 'symlink_install': False, 'test_result_base': None}
[1.692s] Level 5:colcon.colcon_core.verb:set package 'webcam_streamer_package' build argument 'cmake_args' from command line to 'None'
[1.692s] Level 5:colcon.colcon_core.verb:set package 'webcam_streamer_package' build argument 'cmake_target' from command line to 'None'
[1.692s] Level 5:colcon.colcon_core.verb:set package 'webcam_streamer_package' build argument 'cmake_target_skip_unavailable' from command line to 'False'
[1.692s] Level 5:colcon.colcon_core.verb:set package 'webcam_streamer_package' build argument 'cmake_clean_cache' from command line to 'False'
[1.692s] Level 5:colcon.colcon_core.verb:set package 'webcam_streamer_package' build argument 'cmake_clean_first' from command line to 'False'
[1.693s] Level 5:colcon.colcon_core.verb:set package 'webcam_streamer_package' build argument 'cmake_force_configure' from command line to 'False'
[1.693s] Level 5:colcon.colcon_core.verb:set package 'webcam_streamer_package' build argument 'ament_cmake_args' from command line to 'None'
[1.693s] Level 5:colcon.colcon_core.verb:set package 'webcam_streamer_package' build argument 'catkin_cmake_args' from command line to 'None'
[1.693s] Level 5:colcon.colcon_core.verb:set package 'webcam_streamer_package' build argument 'catkin_skip_building_tests' from command line to 'False'
[1.693s] DEBUG:colcon.colcon_core.verb:Building package 'webcam_streamer_package' with the following arguments: {'ament_cmake_args': None, 'build_base': '/home/ubuntu/ros2_ws/build/webcam_streamer_package', 'catkin_cmake_args': None, 'catkin_skip_building_tests': False, 'cmake_args': None, 'cmake_clean_cache': False, 'cmake_clean_first': False, 'cmake_force_configure': False, 'cmake_target': None, 'cmake_target_skip_unavailable': False, 'install_base': '/home/ubuntu/ros2_ws/install/webcam_streamer_package', 'merge_install': False, 'path': '/home/ubuntu/ros2_ws/src/webcam_streamer_package', 'symlink_install': False, 'test_result_base': None}
[1.694s] INFO:colcon.colcon_core.executor:Executing jobs using 'parallel' executor
[1.697s] DEBUG:colcon.colcon_parallel_executor.executor.parallel:run_until_complete
[1.698s] INFO:colcon.colcon_ros.task.ament_python.build:Building ROS package in '/home/ubuntu/ros2_ws/src/arm_controller_package' with build type 'ament_python'
[1.698s] Level 1:colcon.colcon_core.shell:create_environment_hook('arm_controller_package', 'ament_prefix_path')
[1.707s] INFO:colcon.colcon_core.plugin_system:Skipping extension 'colcon_core.shell.bat': Not used on non-Windows systems
[1.708s] INFO:colcon.colcon_core.shell:Creating environment hook '/home/ubuntu/ros2_ws/install/arm_controller_package/share/arm_controller_package/hook/ament_prefix_path.ps1'
[1.710s] INFO:colcon.colcon_core.shell:Creating environment descriptor '/home/ubuntu/ros2_ws/install/arm_controller_package/share/arm_controller_package/hook/ament_prefix_path.dsv'
[1.712s] INFO:colcon.colcon_core.shell:Creating environment hook '/home/ubuntu/ros2_ws/install/arm_controller_package/share/arm_controller_package/hook/ament_prefix_path.sh'
[1.716s] INFO:colcon.colcon_core.shell:Skip shell extension 'powershell' for command environment: Not usable outside of PowerShell
[1.716s] DEBUG:colcon.colcon_core.shell:Skip shell extension 'dsv' for command environment
[1.734s] INFO:colcon.colcon_ros.task.ament_python.build:Building ROS package in '/home/ubuntu/ros2_ws/src/my_ax12_servo_controller' with build type 'ament_python'
[1.735s] Level 1:colcon.colcon_core.shell:create_environment_hook('my_ax12_servo_controller', 'ament_prefix_path')
[1.736s] INFO:colcon.colcon_core.shell:Creating environment hook '/home/ubuntu/ros2_ws/install/my_ax12_servo_controller/share/my_ax12_servo_controller/hook/ament_prefix_path.ps1'
[1.738s] INFO:colcon.colcon_core.shell:Creating environment descriptor '/home/ubuntu/ros2_ws/install/my_ax12_servo_controller/share/my_ax12_servo_controller/hook/ament_prefix_path.dsv'
[1.740s] INFO:colcon.colcon_core.shell:Creating environment hook '/home/ubuntu/ros2_ws/install/my_ax12_servo_controller/share/my_ax12_servo_controller/hook/ament_prefix_path.sh'
[1.742s] INFO:colcon.colcon_core.shell:Skip shell extension 'powershell' for command environment: Not usable outside of PowerShell
[1.743s] DEBUG:colcon.colcon_core.shell:Skip shell extension 'dsv' for command environment
[1.761s] INFO:colcon.colcon_ros.task.ament_python.build:Building ROS package in '/home/ubuntu/ros2_ws/src/webcam_streamer_package' with build type 'ament_python'
[1.762s] Level 1:colcon.colcon_core.shell:create_environment_hook('webcam_streamer_package', 'ament_prefix_path')
[1.763s] INFO:colcon.colcon_core.shell:Creating environment hook '/home/ubuntu/ros2_ws/install/webcam_streamer_package/share/webcam_streamer_package/hook/ament_prefix_path.ps1'
[1.765s] INFO:colcon.colcon_core.shell:Creating environment descriptor '/home/ubuntu/ros2_ws/install/webcam_streamer_package/share/webcam_streamer_package/hook/ament_prefix_path.dsv'
[1.767s] INFO:colcon.colcon_core.shell:Creating environment hook '/home/ubuntu/ros2_ws/install/webcam_streamer_package/share/webcam_streamer_package/hook/ament_prefix_path.sh'
[1.770s] INFO:colcon.colcon_core.shell:Skip shell extension 'powershell' for command environment: Not usable outside of PowerShell
[1.770s] DEBUG:colcon.colcon_core.shell:Skip shell extension 'dsv' for command environment
[2.992s] INFO:colcon.colcon_core.task.python.build:Building Python package in '/home/ubuntu/ros2_ws/src/arm_controller_package'
[2.994s] INFO:colcon.colcon_core.shell:Skip shell extension 'powershell' for command environment: Not usable outside of PowerShell
[2.994s] DEBUG:colcon.colcon_core.shell:Skip shell extension 'dsv' for command environment
[4.213s] INFO:colcon.colcon_core.task.python.build:Building Python package in '/home/ubuntu/ros2_ws/src/my_ax12_servo_controller'
[4.215s] INFO:colcon.colcon_core.shell:Skip shell extension 'powershell' for command environment: Not usable outside of PowerShell
[4.216s] DEBUG:colcon.colcon_core.shell:Skip shell extension 'dsv' for command environment
[5.658s] INFO:colcon.colcon_core.task.python.build:Building Python package in '/home/ubuntu/ros2_ws/src/webcam_streamer_package'
[5.660s] INFO:colcon.colcon_core.shell:Skip shell extension 'powershell' for command environment: Not usable outside of PowerShell
[5.660s] DEBUG:colcon.colcon_core.shell:Skip shell extension 'dsv' for command environment
[8.101s] DEBUG:colcon.colcon_core.event_handler.log_command:Invoking command in '/home/ubuntu/ros2_ws/src/my_ax12_servo_controller': PYTHONPATH=/home/ubuntu/ros2_ws/build/my_ax12_servo_controller/prefix_override:/home/ubuntu/ros2_ws/install/my_ax12_servo_controller/lib/python3.10/site-packages:${PYTHONPATH} /usr/bin/python3 -W ignore:setup.py install is deprecated setup.py egg_info --egg-base ../../build/my_ax12_servo_controller build --build-base /home/ubuntu/ros2_ws/build/my_ax12_servo_controller/build install --record /home/ubuntu/ros2_ws/build/my_ax12_servo_controller/install.log --single-version-externally-managed install_data
[8.159s] DEBUG:colcon.colcon_core.event_handler.log_command:Invoking command in '/home/ubuntu/ros2_ws/src/webcam_streamer_package': PYTHONPATH=/home/ubuntu/ros2_ws/build/webcam_streamer_package/prefix_override:/home/ubuntu/ros2_ws/install/webcam_streamer_package/lib/python3.10/site-packages:${PYTHONPATH} /usr/bin/python3 -W ignore:setup.py install is deprecated setup.py egg_info --egg-base ../../build/webcam_streamer_package build --build-base /home/ubuntu/ros2_ws/build/webcam_streamer_package/build install --record /home/ubuntu/ros2_ws/build/webcam_streamer_package/install.log --single-version-externally-managed install_data
[8.186s] DEBUG:colcon.colcon_core.event_handler.log_command:Invoking command in '/home/ubuntu/ros2_ws/src/arm_controller_package': PYTHONPATH=/home/ubuntu/ros2_ws/build/arm_controller_package/prefix_override:/home/ubuntu/ros2_ws/install/arm_controller_package/lib/python3.10/site-packages:${PYTHONPATH} /usr/bin/python3 -W ignore:setup.py install is deprecated setup.py egg_info --egg-base ../../build/arm_controller_package build --build-base /home/ubuntu/ros2_ws/build/arm_controller_package/build install --record /home/ubuntu/ros2_ws/build/arm_controller_package/install.log --single-version-externally-managed install_data
[10.122s] DEBUG:colcon.colcon_core.event_handler.log_command:Invoked command in '/home/ubuntu/ros2_ws/src/arm_controller_package' returned '0': PYTHONPATH=/home/ubuntu/ros2_ws/build/arm_controller_package/prefix_override:/home/ubuntu/ros2_ws/install/arm_controller_package/lib/python3.10/site-packages:${PYTHONPATH} /usr/bin/python3 -W ignore:setup.py install is deprecated setup.py egg_info --egg-base ../../build/arm_controller_package build --build-base /home/ubuntu/ros2_ws/build/arm_controller_package/build install --record /home/ubuntu/ros2_ws/build/arm_controller_package/install.log --single-version-externally-managed install_data
[10.135s] Level 1:colcon.colcon_core.environment:checking '/home/ubuntu/ros2_ws/install/arm_controller_package' for CMake module files
[10.137s] Level 1:colcon.colcon_core.environment:checking '/home/ubuntu/ros2_ws/install/arm_controller_package' for CMake config files
[10.141s] Level 1:colcon.colcon_core.environment:checking '/home/ubuntu/ros2_ws/install/arm_controller_package/lib'
[10.142s] Level 1:colcon.colcon_core.environment:checking '/home/ubuntu/ros2_ws/install/arm_controller_package/bin'
[10.142s] Level 1:colcon.colcon_core.environment:checking '/home/ubuntu/ros2_ws/install/arm_controller_package/lib/pkgconfig/arm_controller_package.pc'
[10.143s] Level 1:colcon.colcon_core.environment:checking '/home/ubuntu/ros2_ws/install/arm_controller_package/lib/python3.10/site-packages'
[10.143s] Level 1:colcon.colcon_core.shell:create_environment_hook('arm_controller_package', 'pythonpath')
[10.144s] INFO:colcon.colcon_core.shell:Creating environment hook '/home/ubuntu/ros2_ws/install/arm_controller_package/share/arm_controller_package/hook/pythonpath.ps1'
[10.146s] INFO:colcon.colcon_core.shell:Creating environment descriptor '/home/ubuntu/ros2_ws/install/arm_controller_package/share/arm_controller_package/hook/pythonpath.dsv'
[10.147s] INFO:colcon.colcon_core.shell:Creating environment hook '/home/ubuntu/ros2_ws/install/arm_controller_package/share/arm_controller_package/hook/pythonpath.sh'
[10.149s] Level 1:colcon.colcon_core.environment:checking '/home/ubuntu/ros2_ws/install/arm_controller_package/bin'
[10.150s] Level 1:colcon.colcon_core.environment:create_environment_scripts_only(arm_controller_package)
[10.151s] INFO:colcon.colcon_core.shell:Creating package script '/home/ubuntu/ros2_ws/install/arm_controller_package/share/arm_controller_package/package.ps1'
[10.154s] INFO:colcon.colcon_core.shell:Creating package descriptor '/home/ubuntu/ros2_ws/install/arm_controller_package/share/arm_controller_package/package.dsv'
[10.156s] INFO:colcon.colcon_core.shell:Creating package script '/home/ubuntu/ros2_ws/install/arm_controller_package/share/arm_controller_package/package.sh'
[10.159s] INFO:colcon.colcon_core.shell:Creating package script '/home/ubuntu/ros2_ws/install/arm_controller_package/share/arm_controller_package/package.bash'
[10.163s] INFO:colcon.colcon_core.shell:Creating package script '/home/ubuntu/ros2_ws/install/arm_controller_package/share/arm_controller_package/package.zsh'
[10.166s] Level 1:colcon.colcon_core.environment:create_file_with_runtime_dependencies(/home/ubuntu/ros2_ws/install/arm_controller_package/share/colcon-core/packages/arm_controller_package)
[10.171s] Level 1:colcon.colcon_core.environment:checking '/home/ubuntu/ros2_ws/install/my_ax12_servo_controller' for CMake module files
[10.173s] DEBUG:colcon.colcon_core.event_handler.log_command:Invoked command in '/home/ubuntu/ros2_ws/src/my_ax12_servo_controller' returned '0': PYTHONPATH=/home/ubuntu/ros2_ws/build/my_ax12_servo_controller/prefix_override:/home/ubuntu/ros2_ws/install/my_ax12_servo_controller/lib/python3.10/site-packages:${PYTHONPATH} /usr/bin/python3 -W ignore:setup.py install is deprecated setup.py egg_info --egg-base ../../build/my_ax12_servo_controller build --build-base /home/ubuntu/ros2_ws/build/my_ax12_servo_controller/build install --record /home/ubuntu/ros2_ws/build/my_ax12_servo_controller/install.log --single-version-externally-managed install_data
[10.174s] Level 1:colcon.colcon_core.environment:checking '/home/ubuntu/ros2_ws/install/my_ax12_servo_controller' for CMake config files
[10.177s] Level 1:colcon.colcon_core.environment:checking '/home/ubuntu/ros2_ws/install/my_ax12_servo_controller/lib'
[10.178s] Level 1:colcon.colcon_core.environment:checking '/home/ubuntu/ros2_ws/install/my_ax12_servo_controller/bin'
[10.178s] Level 1:colcon.colcon_core.environment:checking '/home/ubuntu/ros2_ws/install/my_ax12_servo_controller/lib/pkgconfig/my_ax12_servo_controller.pc'
[10.179s] Level 1:colcon.colcon_core.environment:checking '/home/ubuntu/ros2_ws/install/my_ax12_servo_controller/lib/python3.10/site-packages'
[10.179s] Level 1:colcon.colcon_core.shell:create_environment_hook('my_ax12_servo_controller', 'pythonpath')
[10.180s] INFO:colcon.colcon_core.shell:Creating environment hook '/home/ubuntu/ros2_ws/install/my_ax12_servo_controller/share/my_ax12_servo_controller/hook/pythonpath.ps1'
[10.182s] INFO:colcon.colcon_core.shell:Creating environment descriptor '/home/ubuntu/ros2_ws/install/my_ax12_servo_controller/share/my_ax12_servo_controller/hook/pythonpath.dsv'
[10.183s] INFO:colcon.colcon_core.shell:Creating environment hook '/home/ubuntu/ros2_ws/install/my_ax12_servo_controller/share/my_ax12_servo_controller/hook/pythonpath.sh'
[10.186s] Level 1:colcon.colcon_core.environment:checking '/home/ubuntu/ros2_ws/install/my_ax12_servo_controller/bin'
[10.186s] Level 1:colcon.colcon_core.environment:create_environment_scripts_only(my_ax12_servo_controller)
[10.187s] INFO:colcon.colcon_core.shell:Creating package script '/home/ubuntu/ros2_ws/install/my_ax12_servo_controller/share/my_ax12_servo_controller/package.ps1'
[10.190s] INFO:colcon.colcon_core.shell:Creating package descriptor '/home/ubuntu/ros2_ws/install/my_ax12_servo_controller/share/my_ax12_servo_controller/package.dsv'
[10.192s] INFO:colcon.colcon_core.shell:Creating package script '/home/ubuntu/ros2_ws/install/my_ax12_servo_controller/share/my_ax12_servo_controller/package.sh'
[10.194s] INFO:colcon.colcon_core.shell:Creating package script '/home/ubuntu/ros2_ws/install/my_ax12_servo_controller/share/my_ax12_servo_controller/package.bash'
[10.196s] INFO:colcon.colcon_core.shell:Creating package script '/home/ubuntu/ros2_ws/install/my_ax12_servo_controller/share/my_ax12_servo_controller/package.zsh'
[10.197s] Level 1:colcon.colcon_core.environment:create_file_with_runtime_dependencies(/home/ubuntu/ros2_ws/install/my_ax12_servo_controller/share/colcon-core/packages/my_ax12_servo_controller)
[10.199s] Level 1:colcon.colcon_core.environment:checking '/home/ubuntu/ros2_ws/install/webcam_streamer_package' for CMake module files
[10.202s] DEBUG:colcon.colcon_core.event_handler.log_command:Invoked command in '/home/ubuntu/ros2_ws/src/webcam_streamer_package' returned '0': PYTHONPATH=/home/ubuntu/ros2_ws/build/webcam_streamer_package/prefix_override:/home/ubuntu/ros2_ws/install/webcam_streamer_package/lib/python3.10/site-packages:${PYTHONPATH} /usr/bin/python3 -W ignore:setup.py install is deprecated setup.py egg_info --egg-base ../../build/webcam_streamer_package build --build-base /home/ubuntu/ros2_ws/build/webcam_streamer_package/build install --record /home/ubuntu/ros2_ws/build/webcam_streamer_package/install.log --single-version-externally-managed install_data
[10.203s] Level 1:colcon.colcon_core.environment:checking '/home/ubuntu/ros2_ws/install/webcam_streamer_package' for CMake config files
[10.207s] Level 1:colcon.colcon_core.environment:checking '/home/ubuntu/ros2_ws/install/webcam_streamer_package/lib'
[10.207s] Level 1:colcon.colcon_core.environment:checking '/home/ubuntu/ros2_ws/install/webcam_streamer_package/bin'
[10.207s] Level 1:colcon.colcon_core.environment:checking '/home/ubuntu/ros2_ws/install/webcam_streamer_package/lib/pkgconfig/webcam_streamer_package.pc'
[10.208s] Level 1:colcon.colcon_core.environment:checking '/home/ubuntu/ros2_ws/install/webcam_streamer_package/lib/python3.10/site-packages'
[10.209s] Level 1:colcon.colcon_core.shell:create_environment_hook('webcam_streamer_package', 'pythonpath')
[10.209s] INFO:colcon.colcon_core.shell:Creating environment hook '/home/ubuntu/ros2_ws/install/webcam_streamer_package/share/webcam_streamer_package/hook/pythonpath.ps1'
[10.211s] INFO:colcon.colcon_core.shell:Creating environment descriptor '/home/ubuntu/ros2_ws/install/webcam_streamer_package/share/webcam_streamer_package/hook/pythonpath.dsv'
[10.213s] INFO:colcon.colcon_core.shell:Creating environment hook '/home/ubuntu/ros2_ws/install/webcam_streamer_package/share/webcam_streamer_package/hook/pythonpath.sh'
[10.215s] Level 1:colcon.colcon_core.environment:checking '/home/ubuntu/ros2_ws/install/webcam_streamer_package/bin'
[10.216s] Level 1:colcon.colcon_core.environment:create_environment_scripts_only(webcam_streamer_package)
[10.217s] INFO:colcon.colcon_core.shell:Creating package script '/home/ubuntu/ros2_ws/install/webcam_streamer_package/share/webcam_streamer_package/package.ps1'
[10.219s] INFO:colcon.colcon_core.shell:Creating package descriptor '/home/ubuntu/ros2_ws/install/webcam_streamer_package/share/webcam_streamer_package/package.dsv'
[10.221s] INFO:colcon.colcon_core.shell:Creating package script '/home/ubuntu/ros2_ws/install/webcam_streamer_package/share/webcam_streamer_package/package.sh'
[10.223s] INFO:colcon.colcon_core.shell:Creating package script '/home/ubuntu/ros2_ws/install/webcam_streamer_package/share/webcam_streamer_package/package.bash'
[10.224s] INFO:colcon.colcon_core.shell:Creating package script '/home/ubuntu/ros2_ws/install/webcam_streamer_package/share/webcam_streamer_package/package.zsh'
[10.226s] Level 1:colcon.colcon_core.environment:create_file_with_runtime_dependencies(/home/ubuntu/ros2_ws/install/webcam_streamer_package/share/colcon-core/packages/webcam_streamer_package)
[10.227s] DEBUG:colcon.colcon_parallel_executor.executor.parallel:closing loop
[10.228s] DEBUG:colcon.colcon_parallel_executor.executor.parallel:loop closed
[10.228s] DEBUG:colcon.colcon_parallel_executor.executor.parallel:run_until_complete finished with '0'
[10.229s] DEBUG:colcon.colcon_core.event_reactor:joining thread
[10.261s] INFO:colcon.colcon_core.plugin_system:Skipping extension 'colcon_notification.desktop_notification.notify_send': Could not find 'notify-send'
[10.261s] INFO:colcon.colcon_core.plugin_system:Skipping extension 'colcon_notification.desktop_notification.terminal_notifier': Not used on non-Darwin systems
[10.261s] INFO:colcon.colcon_core.plugin_system:Skipping extension 'colcon_notification.desktop_notification.win32': Not used on non-Windows systems
[10.262s] INFO:colcon.colcon_notification.desktop_notification:Sending desktop notification using 'notify2'
[10.265s] DEBUG:colcon.colcon_notification.desktop_notification.notify2:Failed to initialize notify2: org.freedesktop.DBus.Error.ServiceUnknown: The name org.freedesktop.Notifications was not provided by any .service files
[10.265s] DEBUG:colcon.colcon_core.event_reactor:joined thread
[10.266s] INFO:colcon.colcon_core.shell:Creating prefix script '/home/ubuntu/ros2_ws/install/local_setup.ps1'
[10.270s] INFO:colcon.colcon_core.shell:Creating prefix util module '/home/ubuntu/ros2_ws/install/_local_setup_util_ps1.py'
[10.276s] INFO:colcon.colcon_core.shell:Creating prefix chain script '/home/ubuntu/ros2_ws/install/setup.ps1'
[10.281s] INFO:colcon.colcon_core.shell:Creating prefix script '/home/ubuntu/ros2_ws/install/local_setup.sh'
[10.283s] INFO:colcon.colcon_core.shell:Creating prefix util module '/home/ubuntu/ros2_ws/install/_local_setup_util_sh.py'
[10.285s] INFO:colcon.colcon_core.shell:Creating prefix chain script '/home/ubuntu/ros2_ws/install/setup.sh'
[10.290s] INFO:colcon.colcon_core.shell:Creating prefix script '/home/ubuntu/ros2_ws/install/local_setup.bash'
[10.292s] INFO:colcon.colcon_core.shell:Creating prefix chain script '/home/ubuntu/ros2_ws/install/setup.bash'
[10.297s] INFO:colcon.colcon_core.shell:Creating prefix script '/home/ubuntu/ros2_ws/install/local_setup.zsh'
[10.300s] INFO:colcon.colcon_core.shell:Creating prefix chain script '/home/ubuntu/ros2_ws/install/setup.zsh'
