[0.453s] DEBUG:colcon:Command line arguments: ['/usr/bin/colcon', 'build', '--packages-up-to', 'tracetools']
[0.454s] DEBUG:colcon:Parsed command line arguments: Namespace(log_base=None, log_level=None, verb_name='build', build_base='build', install_base='install', merge_install=False, symlink_install=False, test_result_base=None, continue_on_error=False, executor='parallel', parallel_workers=4, event_handlers=None, ignore_user_meta=False, metas=['./colcon.meta'], base_paths=['.'], packages_ignore=None, packages_ignore_regex=None, paths=None, packages_up_to=['tracetools'], packages_up_to_regex=None, packages_above=None, packages_above_and_dependencies=None, packages_above_depth=None, packages_select_by_dep=None, packages_skip_by_dep=None, packages_skip_up_to=None, packages_select_build_failed=False, packages_skip_build_finished=False, packages_select_test_failures=False, packages_skip_test_passed=False, packages_select=None, packages_skip=None, packages_select_regex=None, packages_skip_regex=None, packages_start=None, packages_end=None, allow_overriding=[], cmake_args=None, cmake_target=None, cmake_target_skip_unavailable=False, cmake_clean_cache=False, cmake_clean_first=False, cmake_force_configure=False, ament_cmake_args=None, catkin_cmake_args=None, catkin_skip_building_tests=False, mixin_files=None, mixin=None, verb_parser=<colcon_mixin.mixin.mixin_argument.MixinArgumentDecorator object at 0xffffa1d8a0e0>, verb_extension=<colcon_core.verb.build.BuildVerb object at 0xffffa1ece6e0>, main=<bound method BuildVerb.main of <colcon_core.verb.build.BuildVerb object at 0xffffa1ece6e0>>, mixin_verb=('build',))
[1.405s] Level 1:colcon.colcon_core.package_discovery:discover_packages(colcon_meta) check parameters
[1.406s] Level 1:colcon.colcon_core.package_discovery:discover_packages(recursive) check parameters
[1.406s] Level 1:colcon.colcon_core.package_discovery:discover_packages(ignore) check parameters
[1.406s] Level 1:colcon.colcon_core.package_discovery:discover_packages(path) check parameters
[1.406s] Level 1:colcon.colcon_core.package_discovery:discover_packages(colcon_meta) discover
[1.407s] Level 1:colcon.colcon_core.package_discovery:discover_packages(recursive) discover
[1.407s] INFO:colcon.colcon_core.package_discovery:Crawling recursively for packages in '/home/ubuntu/ros2_ws'
[1.407s] Level 1:colcon.colcon_core.package_identification:_identify(.) by extensions ['ignore', 'ignore_ament_install']
[1.408s] Level 1:colcon.colcon_core.package_identification:_identify(.) by extension 'ignore'
[1.408s] Level 1:colcon.colcon_core.package_identification:_identify(.) by extension 'ignore_ament_install'
[1.408s] Level 1:colcon.colcon_core.package_identification:_identify(.) by extensions ['colcon_pkg']
[1.408s] Level 1:colcon.colcon_core.package_identification:_identify(.) by extension 'colcon_pkg'
[1.409s] Level 1:colcon.colcon_core.package_identification:_identify(.) by extensions ['colcon_meta']
[1.409s] Level 1:colcon.colcon_core.package_identification:_identify(.) by extension 'colcon_meta'
[1.409s] Level 1:colcon.colcon_core.package_identification:_identify(.) by extensions ['ros']
[1.409s] Level 1:colcon.colcon_core.package_identification:_identify(.) by extension 'ros'
[1.469s] Level 1:colcon.colcon_core.package_identification:_identify(.) by extensions ['cmake', 'python']
[1.469s] Level 1:colcon.colcon_core.package_identification:_identify(.) by extension 'cmake'
[1.470s] Level 1:colcon.colcon_core.package_identification:_identify(.) by extension 'python'
[1.470s] Level 1:colcon.colcon_core.package_identification:_identify(.) by extensions ['python_setup_py']
[1.470s] Level 1:colcon.colcon_core.package_identification:_identify(.) by extension 'python_setup_py'
[1.471s] Level 1:colcon.colcon_core.package_identification:_identify(build) by extensions ['ignore', 'ignore_ament_install']
[1.471s] Level 1:colcon.colcon_core.package_identification:_identify(build) by extension 'ignore'
[1.471s] Level 1:colcon.colcon_core.package_identification:_identify(build) ignored
[1.472s] Level 1:colcon.colcon_core.package_identification:_identify(install) by extensions ['ignore', 'ignore_ament_install']
[1.472s] Level 1:colcon.colcon_core.package_identification:_identify(install) by extension 'ignore'
[1.472s] Level 1:colcon.colcon_core.package_identification:_identify(install) ignored
[1.473s] Level 1:colcon.colcon_core.package_identification:_identify(lib) by extensions ['ignore', 'ignore_ament_install']
[1.473s] Level 1:colcon.colcon_core.package_identification:_identify(lib) by extension 'ignore'
[1.473s] Level 1:colcon.colcon_core.package_identification:_identify(lib) by extension 'ignore_ament_install'
[1.473s] Level 1:colcon.colcon_core.package_identification:_identify(lib) by extensions ['colcon_pkg']
[1.473s] Level 1:colcon.colcon_core.package_identification:_identify(lib) by extension 'colcon_pkg'
[1.473s] Level 1:colcon.colcon_core.package_identification:_identify(lib) by extensions ['colcon_meta']
[1.474s] Level 1:colcon.colcon_core.package_identification:_identify(lib) by extension 'colcon_meta'
[1.474s] Level 1:colcon.colcon_core.package_identification:_identify(lib) by extensions ['ros']
[1.474s] Level 1:colcon.colcon_core.package_identification:_identify(lib) by extension 'ros'
[1.474s] Level 1:colcon.colcon_core.package_identification:_identify(lib) by extensions ['cmake', 'python']
[1.474s] Level 1:colcon.colcon_core.package_identification:_identify(lib) by extension 'cmake'
[1.475s] Level 1:colcon.colcon_core.package_identification:_identify(lib) by extension 'python'
[1.475s] Level 1:colcon.colcon_core.package_identification:_identify(lib) by extensions ['python_setup_py']
[1.475s] Level 1:colcon.colcon_core.package_identification:_identify(lib) by extension 'python_setup_py'
[1.479s] Level 1:colcon.colcon_core.package_identification:_identify(log) by extensions ['ignore', 'ignore_ament_install']
[1.479s] Level 1:colcon.colcon_core.package_identification:_identify(log) by extension 'ignore'
[1.479s] Level 1:colcon.colcon_core.package_identification:_identify(log) ignored
[1.480s] Level 1:colcon.colcon_core.package_identification:_identify(src) by extensions ['ignore', 'ignore_ament_install']
[1.480s] Level 1:colcon.colcon_core.package_identification:_identify(src) by extension 'ignore'
[1.480s] Level 1:colcon.colcon_core.package_identification:_identify(src) by extension 'ignore_ament_install'
[1.481s] Level 1:colcon.colcon_core.package_identification:_identify(src) by extensions ['colcon_pkg']
[1.481s] Level 1:colcon.colcon_core.package_identification:_identify(src) by extension 'colcon_pkg'
[1.481s] Level 1:colcon.colcon_core.package_identification:_identify(src) by extensions ['colcon_meta']
[1.481s] Level 1:colcon.colcon_core.package_identification:_identify(src) by extension 'colcon_meta'
[1.481s] Level 1:colcon.colcon_core.package_identification:_identify(src) by extensions ['ros']
[1.481s] Level 1:colcon.colcon_core.package_identification:_identify(src) by extension 'ros'
[1.482s] Level 1:colcon.colcon_core.package_identification:_identify(src) by extensions ['cmake', 'python']
[1.482s] Level 1:colcon.colcon_core.package_identification:_identify(src) by extension 'cmake'
[1.482s] Level 1:colcon.colcon_core.package_identification:_identify(src) by extension 'python'
[1.482s] Level 1:colcon.colcon_core.package_identification:_identify(src) by extensions ['python_setup_py']
[1.482s] Level 1:colcon.colcon_core.package_identification:_identify(src) by extension 'python_setup_py'
[1.483s] Level 1:colcon.colcon_core.package_identification:_identify(src/arm_controller_package) by extensions ['ignore', 'ignore_ament_install']
[1.483s] Level 1:colcon.colcon_core.package_identification:_identify(src/arm_controller_package) by extension 'ignore'
[1.483s] Level 1:colcon.colcon_core.package_identification:_identify(src/arm_controller_package) by extension 'ignore_ament_install'
[1.483s] Level 1:colcon.colcon_core.package_identification:_identify(src/arm_controller_package) by extensions ['colcon_pkg']
[1.483s] Level 1:colcon.colcon_core.package_identification:_identify(src/arm_controller_package) by extension 'colcon_pkg'
[1.484s] Level 1:colcon.colcon_core.package_identification:_identify(src/arm_controller_package) by extensions ['colcon_meta']
[1.484s] Level 1:colcon.colcon_core.package_identification:_identify(src/arm_controller_package) by extension 'colcon_meta'
[1.484s] Level 1:colcon.colcon_core.package_identification:_identify(src/arm_controller_package) by extensions ['ros']
[1.484s] Level 1:colcon.colcon_core.package_identification:_identify(src/arm_controller_package) by extension 'ros'
[1.492s] DEBUG:colcon.colcon_core.package_identification:Package 'src/arm_controller_package' with type 'ros.ament_python' and name 'arm_controller_package'
[1.492s] Level 1:colcon.colcon_core.package_identification:_identify(src/my_ax12_servo_controller) by extensions ['ignore', 'ignore_ament_install']
[1.493s] Level 1:colcon.colcon_core.package_identification:_identify(src/my_ax12_servo_controller) by extension 'ignore'
[1.493s] Level 1:colcon.colcon_core.package_identification:_identify(src/my_ax12_servo_controller) by extension 'ignore_ament_install'
[1.493s] Level 1:colcon.colcon_core.package_identification:_identify(src/my_ax12_servo_controller) by extensions ['colcon_pkg']
[1.493s] Level 1:colcon.colcon_core.package_identification:_identify(src/my_ax12_servo_controller) by extension 'colcon_pkg'
[1.493s] Level 1:colcon.colcon_core.package_identification:_identify(src/my_ax12_servo_controller) by extensions ['colcon_meta']
[1.494s] Level 1:colcon.colcon_core.package_identification:_identify(src/my_ax12_servo_controller) by extension 'colcon_meta'
[1.494s] Level 1:colcon.colcon_core.package_identification:_identify(src/my_ax12_servo_controller) by extensions ['ros']
[1.494s] Level 1:colcon.colcon_core.package_identification:_identify(src/my_ax12_servo_controller) by extension 'ros'
[1.496s] DEBUG:colcon.colcon_core.package_identification:Package 'src/my_ax12_servo_controller' with type 'ros.ament_python' and name 'my_ax12_servo_controller'
[1.496s] Level 1:colcon.colcon_core.package_identification:_identify(src/ros2_tracing) by extensions ['ignore', 'ignore_ament_install']
[1.497s] Level 1:colcon.colcon_core.package_identification:_identify(src/ros2_tracing) by extension 'ignore'
[1.497s] Level 1:colcon.colcon_core.package_identification:_identify(src/ros2_tracing) by extension 'ignore_ament_install'
[1.497s] Level 1:colcon.colcon_core.package_identification:_identify(src/ros2_tracing) by extensions ['colcon_pkg']
[1.497s] Level 1:colcon.colcon_core.package_identification:_identify(src/ros2_tracing) by extension 'colcon_pkg'
[1.497s] Level 1:colcon.colcon_core.package_identification:_identify(src/ros2_tracing) by extensions ['colcon_meta']
[1.498s] Level 1:colcon.colcon_core.package_identification:_identify(src/ros2_tracing) by extension 'colcon_meta'
[1.498s] Level 1:colcon.colcon_core.package_identification:_identify(src/ros2_tracing) by extensions ['ros']
[1.498s] Level 1:colcon.colcon_core.package_identification:_identify(src/ros2_tracing) by extension 'ros'
[1.498s] Level 1:colcon.colcon_core.package_identification:_identify(src/ros2_tracing) by extensions ['cmake', 'python']
[1.498s] Level 1:colcon.colcon_core.package_identification:_identify(src/ros2_tracing) by extension 'cmake'
[1.499s] Level 1:colcon.colcon_core.package_identification:_identify(src/ros2_tracing) by extension 'python'
[1.499s] Level 1:colcon.colcon_core.package_identification:_identify(src/ros2_tracing) by extensions ['python_setup_py']
[1.499s] Level 1:colcon.colcon_core.package_identification:_identify(src/ros2_tracing) by extension 'python_setup_py'
[1.499s] Level 1:colcon.colcon_core.package_identification:_identify(src/ros2_tracing/doc) by extensions ['ignore', 'ignore_ament_install']
[1.500s] Level 1:colcon.colcon_core.package_identification:_identify(src/ros2_tracing/doc) by extension 'ignore'
[1.500s] Level 1:colcon.colcon_core.package_identification:_identify(src/ros2_tracing/doc) by extension 'ignore_ament_install'
[1.500s] Level 1:colcon.colcon_core.package_identification:_identify(src/ros2_tracing/doc) by extensions ['colcon_pkg']
[1.500s] Level 1:colcon.colcon_core.package_identification:_identify(src/ros2_tracing/doc) by extension 'colcon_pkg'
[1.500s] Level 1:colcon.colcon_core.package_identification:_identify(src/ros2_tracing/doc) by extensions ['colcon_meta']
[1.500s] Level 1:colcon.colcon_core.package_identification:_identify(src/ros2_tracing/doc) by extension 'colcon_meta'
[1.501s] Level 1:colcon.colcon_core.package_identification:_identify(src/ros2_tracing/doc) by extensions ['ros']
[1.501s] Level 1:colcon.colcon_core.package_identification:_identify(src/ros2_tracing/doc) by extension 'ros'
[1.501s] Level 1:colcon.colcon_core.package_identification:_identify(src/ros2_tracing/doc) by extensions ['cmake', 'python']
[1.501s] Level 1:colcon.colcon_core.package_identification:_identify(src/ros2_tracing/doc) by extension 'cmake'
[1.501s] Level 1:colcon.colcon_core.package_identification:_identify(src/ros2_tracing/doc) by extension 'python'
[1.502s] Level 1:colcon.colcon_core.package_identification:_identify(src/ros2_tracing/doc) by extensions ['python_setup_py']
[1.502s] Level 1:colcon.colcon_core.package_identification:_identify(src/ros2_tracing/doc) by extension 'python_setup_py'
[1.502s] Level 1:colcon.colcon_core.package_identification:_identify(src/ros2_tracing/doc/img) by extensions ['ignore', 'ignore_ament_install']
[1.503s] Level 1:colcon.colcon_core.package_identification:_identify(src/ros2_tracing/doc/img) by extension 'ignore'
[1.503s] Level 1:colcon.colcon_core.package_identification:_identify(src/ros2_tracing/doc/img) by extension 'ignore_ament_install'
[1.504s] Level 1:colcon.colcon_core.package_identification:_identify(src/ros2_tracing/doc/img) by extensions ['colcon_pkg']
[1.504s] Level 1:colcon.colcon_core.package_identification:_identify(src/ros2_tracing/doc/img) by extension 'colcon_pkg'
[1.504s] Level 1:colcon.colcon_core.package_identification:_identify(src/ros2_tracing/doc/img) by extensions ['colcon_meta']
[1.504s] Level 1:colcon.colcon_core.package_identification:_identify(src/ros2_tracing/doc/img) by extension 'colcon_meta'
[1.504s] Level 1:colcon.colcon_core.package_identification:_identify(src/ros2_tracing/doc/img) by extensions ['ros']
[1.504s] Level 1:colcon.colcon_core.package_identification:_identify(src/ros2_tracing/doc/img) by extension 'ros'
[1.505s] Level 1:colcon.colcon_core.package_identification:_identify(src/ros2_tracing/doc/img) by extensions ['cmake', 'python']
[1.505s] Level 1:colcon.colcon_core.package_identification:_identify(src/ros2_tracing/doc/img) by extension 'cmake'
[1.505s] Level 1:colcon.colcon_core.package_identification:_identify(src/ros2_tracing/doc/img) by extension 'python'
[1.505s] Level 1:colcon.colcon_core.package_identification:_identify(src/ros2_tracing/doc/img) by extensions ['python_setup_py']
[1.505s] Level 1:colcon.colcon_core.package_identification:_identify(src/ros2_tracing/doc/img) by extension 'python_setup_py'
[1.506s] Level 1:colcon.colcon_core.package_identification:_identify(src/ros2_tracing/lttngpy) by extensions ['ignore', 'ignore_ament_install']
[1.506s] Level 1:colcon.colcon_core.package_identification:_identify(src/ros2_tracing/lttngpy) by extension 'ignore'
[1.506s] Level 1:colcon.colcon_core.package_identification:_identify(src/ros2_tracing/lttngpy) by extension 'ignore_ament_install'
[1.507s] Level 1:colcon.colcon_core.package_identification:_identify(src/ros2_tracing/lttngpy) by extensions ['colcon_pkg']
[1.507s] Level 1:colcon.colcon_core.package_identification:_identify(src/ros2_tracing/lttngpy) by extension 'colcon_pkg'
[1.507s] Level 1:colcon.colcon_core.package_identification:_identify(src/ros2_tracing/lttngpy) by extensions ['colcon_meta']
[1.507s] Level 1:colcon.colcon_core.package_identification:_identify(src/ros2_tracing/lttngpy) by extension 'colcon_meta'
[1.507s] Level 1:colcon.colcon_core.package_identification:_identify(src/ros2_tracing/lttngpy) by extensions ['ros']
[1.507s] Level 1:colcon.colcon_core.package_identification:_identify(src/ros2_tracing/lttngpy) by extension 'ros'
[1.510s] DEBUG:colcon.colcon_core.package_identification:Package 'src/ros2_tracing/lttngpy' with type 'ros.ament_cmake' and name 'lttngpy'
[1.511s] Level 1:colcon.colcon_core.package_identification:_identify(src/ros2_tracing/ros2trace) by extensions ['ignore', 'ignore_ament_install']
[1.511s] Level 1:colcon.colcon_core.package_identification:_identify(src/ros2_tracing/ros2trace) by extension 'ignore'
[1.511s] Level 1:colcon.colcon_core.package_identification:_identify(src/ros2_tracing/ros2trace) by extension 'ignore_ament_install'
[1.511s] Level 1:colcon.colcon_core.package_identification:_identify(src/ros2_tracing/ros2trace) by extensions ['colcon_pkg']
[1.511s] Level 1:colcon.colcon_core.package_identification:_identify(src/ros2_tracing/ros2trace) by extension 'colcon_pkg'
[1.512s] Level 1:colcon.colcon_core.package_identification:_identify(src/ros2_tracing/ros2trace) by extensions ['colcon_meta']
[1.512s] Level 1:colcon.colcon_core.package_identification:_identify(src/ros2_tracing/ros2trace) by extension 'colcon_meta'
[1.512s] Level 1:colcon.colcon_core.package_identification:_identify(src/ros2_tracing/ros2trace) by extensions ['ros']
[1.512s] Level 1:colcon.colcon_core.package_identification:_identify(src/ros2_tracing/ros2trace) by extension 'ros'
[1.514s] DEBUG:colcon.colcon_core.package_identification:Package 'src/ros2_tracing/ros2trace' with type 'ros.ament_python' and name 'ros2trace'
[1.515s] Level 1:colcon.colcon_core.package_identification:_identify(src/ros2_tracing/test_ros2trace) by extensions ['ignore', 'ignore_ament_install']
[1.515s] Level 1:colcon.colcon_core.package_identification:_identify(src/ros2_tracing/test_ros2trace) by extension 'ignore'
[1.516s] Level 1:colcon.colcon_core.package_identification:_identify(src/ros2_tracing/test_ros2trace) by extension 'ignore_ament_install'
[1.516s] Level 1:colcon.colcon_core.package_identification:_identify(src/ros2_tracing/test_ros2trace) by extensions ['colcon_pkg']
[1.516s] Level 1:colcon.colcon_core.package_identification:_identify(src/ros2_tracing/test_ros2trace) by extension 'colcon_pkg'
[1.516s] Level 1:colcon.colcon_core.package_identification:_identify(src/ros2_tracing/test_ros2trace) by extensions ['colcon_meta']
[1.516s] Level 1:colcon.colcon_core.package_identification:_identify(src/ros2_tracing/test_ros2trace) by extension 'colcon_meta'
[1.516s] Level 1:colcon.colcon_core.package_identification:_identify(src/ros2_tracing/test_ros2trace) by extensions ['ros']
[1.517s] Level 1:colcon.colcon_core.package_identification:_identify(src/ros2_tracing/test_ros2trace) by extension 'ros'
[1.519s] DEBUG:colcon.colcon_core.package_identification:Package 'src/ros2_tracing/test_ros2trace' with type 'ros.ament_python' and name 'test_ros2trace'
[1.520s] Level 1:colcon.colcon_core.package_identification:_identify(src/ros2_tracing/test_tracetools) by extensions ['ignore', 'ignore_ament_install']
[1.520s] Level 1:colcon.colcon_core.package_identification:_identify(src/ros2_tracing/test_tracetools) by extension 'ignore'
[1.520s] Level 1:colcon.colcon_core.package_identification:_identify(src/ros2_tracing/test_tracetools) by extension 'ignore_ament_install'
[1.521s] Level 1:colcon.colcon_core.package_identification:_identify(src/ros2_tracing/test_tracetools) by extensions ['colcon_pkg']
[1.521s] Level 1:colcon.colcon_core.package_identification:_identify(src/ros2_tracing/test_tracetools) by extension 'colcon_pkg'
[1.521s] Level 1:colcon.colcon_core.package_identification:_identify(src/ros2_tracing/test_tracetools) by extensions ['colcon_meta']
[1.521s] Level 1:colcon.colcon_core.package_identification:_identify(src/ros2_tracing/test_tracetools) by extension 'colcon_meta'
[1.521s] Level 1:colcon.colcon_core.package_identification:_identify(src/ros2_tracing/test_tracetools) by extensions ['ros']
[1.521s] Level 1:colcon.colcon_core.package_identification:_identify(src/ros2_tracing/test_tracetools) by extension 'ros'
[1.525s] DEBUG:colcon.colcon_core.package_identification:Package 'src/ros2_tracing/test_tracetools' with type 'ros.ament_cmake' and name 'test_tracetools'
[1.525s] Level 1:colcon.colcon_core.package_identification:_identify(src/ros2_tracing/test_tracetools_launch) by extensions ['ignore', 'ignore_ament_install']
[1.526s] Level 1:colcon.colcon_core.package_identification:_identify(src/ros2_tracing/test_tracetools_launch) by extension 'ignore'
[1.526s] Level 1:colcon.colcon_core.package_identification:_identify(src/ros2_tracing/test_tracetools_launch) by extension 'ignore_ament_install'
[1.527s] Level 1:colcon.colcon_core.package_identification:_identify(src/ros2_tracing/test_tracetools_launch) by extensions ['colcon_pkg']
[1.527s] Level 1:colcon.colcon_core.package_identification:_identify(src/ros2_tracing/test_tracetools_launch) by extension 'colcon_pkg'
[1.527s] Level 1:colcon.colcon_core.package_identification:_identify(src/ros2_tracing/test_tracetools_launch) by extensions ['colcon_meta']
[1.527s] Level 1:colcon.colcon_core.package_identification:_identify(src/ros2_tracing/test_tracetools_launch) by extension 'colcon_meta'
[1.527s] Level 1:colcon.colcon_core.package_identification:_identify(src/ros2_tracing/test_tracetools_launch) by extensions ['ros']
[1.527s] Level 1:colcon.colcon_core.package_identification:_identify(src/ros2_tracing/test_tracetools_launch) by extension 'ros'
[1.530s] DEBUG:colcon.colcon_core.package_identification:Package 'src/ros2_tracing/test_tracetools_launch' with type 'ros.ament_python' and name 'test_tracetools_launch'
[1.530s] Level 1:colcon.colcon_core.package_identification:_identify(src/ros2_tracing/tracetools) by extensions ['ignore', 'ignore_ament_install']
[1.531s] Level 1:colcon.colcon_core.package_identification:_identify(src/ros2_tracing/tracetools) by extension 'ignore'
[1.531s] Level 1:colcon.colcon_core.package_identification:_identify(src/ros2_tracing/tracetools) by extension 'ignore_ament_install'
[1.531s] Level 1:colcon.colcon_core.package_identification:_identify(src/ros2_tracing/tracetools) by extensions ['colcon_pkg']
[1.531s] Level 1:colcon.colcon_core.package_identification:_identify(src/ros2_tracing/tracetools) by extension 'colcon_pkg'
[1.531s] Level 1:colcon.colcon_core.package_identification:_identify(src/ros2_tracing/tracetools) by extensions ['colcon_meta']
[1.532s] Level 1:colcon.colcon_core.package_identification:_identify(src/ros2_tracing/tracetools) by extension 'colcon_meta'
[1.532s] Level 1:colcon.colcon_core.package_identification:_identify(src/ros2_tracing/tracetools) by extensions ['ros']
[1.532s] Level 1:colcon.colcon_core.package_identification:_identify(src/ros2_tracing/tracetools) by extension 'ros'
[1.535s] DEBUG:colcon.colcon_core.package_identification:Package 'src/ros2_tracing/tracetools' with type 'ros.ament_cmake' and name 'tracetools'
[1.535s] Level 1:colcon.colcon_core.package_identification:_identify(src/ros2_tracing/tracetools_launch) by extensions ['ignore', 'ignore_ament_install']
[1.536s] Level 1:colcon.colcon_core.package_identification:_identify(src/ros2_tracing/tracetools_launch) by extension 'ignore'
[1.536s] Level 1:colcon.colcon_core.package_identification:_identify(src/ros2_tracing/tracetools_launch) by extension 'ignore_ament_install'
[1.536s] Level 1:colcon.colcon_core.package_identification:_identify(src/ros2_tracing/tracetools_launch) by extensions ['colcon_pkg']
[1.536s] Level 1:colcon.colcon_core.package_identification:_identify(src/ros2_tracing/tracetools_launch) by extension 'colcon_pkg'
[1.536s] Level 1:colcon.colcon_core.package_identification:_identify(src/ros2_tracing/tracetools_launch) by extensions ['colcon_meta']
[1.536s] Level 1:colcon.colcon_core.package_identification:_identify(src/ros2_tracing/tracetools_launch) by extension 'colcon_meta'
[1.537s] Level 1:colcon.colcon_core.package_identification:_identify(src/ros2_tracing/tracetools_launch) by extensions ['ros']
[1.537s] Level 1:colcon.colcon_core.package_identification:_identify(src/ros2_tracing/tracetools_launch) by extension 'ros'
[1.539s] DEBUG:colcon.colcon_core.package_identification:Package 'src/ros2_tracing/tracetools_launch' with type 'ros.ament_python' and name 'tracetools_launch'
[1.540s] Level 1:colcon.colcon_core.package_identification:_identify(src/ros2_tracing/tracetools_read) by extensions ['ignore', 'ignore_ament_install']
[1.540s] Level 1:colcon.colcon_core.package_identification:_identify(src/ros2_tracing/tracetools_read) by extension 'ignore'
[1.540s] Level 1:colcon.colcon_core.package_identification:_identify(src/ros2_tracing/tracetools_read) by extension 'ignore_ament_install'
[1.541s] Level 1:colcon.colcon_core.package_identification:_identify(src/ros2_tracing/tracetools_read) by extensions ['colcon_pkg']
[1.541s] Level 1:colcon.colcon_core.package_identification:_identify(src/ros2_tracing/tracetools_read) by extension 'colcon_pkg'
[1.541s] Level 1:colcon.colcon_core.package_identification:_identify(src/ros2_tracing/tracetools_read) by extensions ['colcon_meta']
[1.541s] Level 1:colcon.colcon_core.package_identification:_identify(src/ros2_tracing/tracetools_read) by extension 'colcon_meta'
[1.541s] Level 1:colcon.colcon_core.package_identification:_identify(src/ros2_tracing/tracetools_read) by extensions ['ros']
[1.541s] Level 1:colcon.colcon_core.package_identification:_identify(src/ros2_tracing/tracetools_read) by extension 'ros'
[1.548s] DEBUG:colcon.colcon_core.package_identification:Package 'src/ros2_tracing/tracetools_read' with type 'ros.ament_python' and name 'tracetools_read'
[1.549s] Level 1:colcon.colcon_core.package_identification:_identify(src/ros2_tracing/tracetools_test) by extensions ['ignore', 'ignore_ament_install']
[1.549s] Level 1:colcon.colcon_core.package_identification:_identify(src/ros2_tracing/tracetools_test) by extension 'ignore'
[1.550s] Level 1:colcon.colcon_core.package_identification:_identify(src/ros2_tracing/tracetools_test) by extension 'ignore_ament_install'
[1.550s] Level 1:colcon.colcon_core.package_identification:_identify(src/ros2_tracing/tracetools_test) by extensions ['colcon_pkg']
[1.550s] Level 1:colcon.colcon_core.package_identification:_identify(src/ros2_tracing/tracetools_test) by extension 'colcon_pkg'
[1.550s] Level 1:colcon.colcon_core.package_identification:_identify(src/ros2_tracing/tracetools_test) by extensions ['colcon_meta']
[1.550s] Level 1:colcon.colcon_core.package_identification:_identify(src/ros2_tracing/tracetools_test) by extension 'colcon_meta'
[1.551s] Level 1:colcon.colcon_core.package_identification:_identify(src/ros2_tracing/tracetools_test) by extensions ['ros']
[1.551s] Level 1:colcon.colcon_core.package_identification:_identify(src/ros2_tracing/tracetools_test) by extension 'ros'
[1.553s] DEBUG:colcon.colcon_core.package_identification:Package 'src/ros2_tracing/tracetools_test' with type 'ros.ament_python' and name 'tracetools_test'
[1.554s] Level 1:colcon.colcon_core.package_identification:_identify(src/ros2_tracing/tracetools_trace) by extensions ['ignore', 'ignore_ament_install']
[1.554s] Level 1:colcon.colcon_core.package_identification:_identify(src/ros2_tracing/tracetools_trace) by extension 'ignore'
[1.554s] Level 1:colcon.colcon_core.package_identification:_identify(src/ros2_tracing/tracetools_trace) by extension 'ignore_ament_install'
[1.555s] Level 1:colcon.colcon_core.package_identification:_identify(src/ros2_tracing/tracetools_trace) by extensions ['colcon_pkg']
[1.555s] Level 1:colcon.colcon_core.package_identification:_identify(src/ros2_tracing/tracetools_trace) by extension 'colcon_pkg'
[1.555s] Level 1:colcon.colcon_core.package_identification:_identify(src/ros2_tracing/tracetools_trace) by extensions ['colcon_meta']
[1.555s] Level 1:colcon.colcon_core.package_identification:_identify(src/ros2_tracing/tracetools_trace) by extension 'colcon_meta'
[1.555s] Level 1:colcon.colcon_core.package_identification:_identify(src/ros2_tracing/tracetools_trace) by extensions ['ros']
[1.555s] Level 1:colcon.colcon_core.package_identification:_identify(src/ros2_tracing/tracetools_trace) by extension 'ros'
[1.557s] DEBUG:colcon.colcon_core.package_identification:Package 'src/ros2_tracing/tracetools_trace' with type 'ros.ament_python' and name 'tracetools_trace'
[1.558s] Level 1:colcon.colcon_core.package_identification:_identify(src/webcam_streamer_package) by extensions ['ignore', 'ignore_ament_install']
[1.558s] Level 1:colcon.colcon_core.package_identification:_identify(src/webcam_streamer_package) by extension 'ignore'
[1.559s] Level 1:colcon.colcon_core.package_identification:_identify(src/webcam_streamer_package) by extension 'ignore_ament_install'
[1.559s] Level 1:colcon.colcon_core.package_identification:_identify(src/webcam_streamer_package) by extensions ['colcon_pkg']
[1.559s] Level 1:colcon.colcon_core.package_identification:_identify(src/webcam_streamer_package) by extension 'colcon_pkg'
[1.559s] Level 1:colcon.colcon_core.package_identification:_identify(src/webcam_streamer_package) by extensions ['colcon_meta']
[1.559s] Level 1:colcon.colcon_core.package_identification:_identify(src/webcam_streamer_package) by extension 'colcon_meta'
[1.559s] Level 1:colcon.colcon_core.package_identification:_identify(src/webcam_streamer_package) by extensions ['ros']
[1.559s] Level 1:colcon.colcon_core.package_identification:_identify(src/webcam_streamer_package) by extension 'ros'
[1.561s] DEBUG:colcon.colcon_core.package_identification:Package 'src/webcam_streamer_package' with type 'ros.ament_python' and name 'webcam_streamer_package'
[1.561s] Level 1:colcon.colcon_core.package_discovery:discover_packages(recursive) using defaults
[1.562s] Level 1:colcon.colcon_core.package_discovery:discover_packages(ignore) discover
[1.562s] Level 1:colcon.colcon_core.package_discovery:discover_packages(ignore) using defaults
[1.562s] Level 1:colcon.colcon_core.package_discovery:discover_packages(path) discover
[1.562s] Level 1:colcon.colcon_core.package_discovery:discover_packages(path) using defaults
[1.700s] INFO:colcon.colcon_core.package_selection:Skipping package 'test_ros2trace' in 'src/ros2_tracing/test_ros2trace'
[1.700s] INFO:colcon.colcon_core.package_selection:Skipping package 'test_tracetools_launch' in 'src/ros2_tracing/test_tracetools_launch'
[1.700s] INFO:colcon.colcon_core.package_selection:Skipping package 'test_tracetools' in 'src/ros2_tracing/test_tracetools'
[1.700s] INFO:colcon.colcon_core.package_selection:Skipping package 'tracetools_test' in 'src/ros2_tracing/tracetools_test'
[1.701s] INFO:colcon.colcon_core.package_selection:Skipping package 'tracetools_launch' in 'src/ros2_tracing/tracetools_launch'
[1.701s] INFO:colcon.colcon_core.package_selection:Skipping package 'ros2trace' in 'src/ros2_tracing/ros2trace'
[1.701s] INFO:colcon.colcon_core.package_selection:Skipping package 'tracetools_trace' in 'src/ros2_tracing/tracetools_trace'
[1.701s] INFO:colcon.colcon_core.package_selection:Skipping package 'webcam_streamer_package' in 'src/webcam_streamer_package'
[1.701s] INFO:colcon.colcon_core.package_selection:Skipping package 'tracetools_read' in 'src/ros2_tracing/tracetools_read'
[1.701s] INFO:colcon.colcon_core.package_selection:Skipping package 'my_ax12_servo_controller' in 'src/my_ax12_servo_controller'
[1.701s] INFO:colcon.colcon_core.package_selection:Skipping package 'lttngpy' in 'src/ros2_tracing/lttngpy'
[1.701s] INFO:colcon.colcon_core.package_selection:Skipping package 'arm_controller_package' in 'src/arm_controller_package'
[1.703s] Level 1:colcon.colcon_core.package_discovery:discover_packages(prefix_path) check parameters
[1.703s] Level 1:colcon.colcon_core.package_discovery:discover_packages(prefix_path) discover
[1.713s] DEBUG:colcon.colcon_installed_package_information.package_discovery:Found 4 installed packages in /home/ubuntu/ros2_ws/install
[1.722s] DEBUG:colcon.colcon_installed_package_information.package_discovery:Found 290 installed packages in /opt/ros/iron
[1.729s] Level 1:colcon.colcon_core.package_discovery:discover_packages(prefix_path) using defaults
[1.927s] WARNING:colcon.colcon_core.package_selection:Some selected packages are already built in one or more underlay workspaces:
	'tracetools' is in: /opt/ros/iron
If a package in a merged underlay workspace is overridden and it installs headers, then all packages in the overlay must sort their include directories by workspace order. Failure to do so may result in build failures or undefined behavior at run time.
If the overridden package is used by another package in any underlay, then the overriding package in the overlay must be API and ABI compatible or undefined behavior at run time may occur.

If you understand the risks and want to override a package anyways, add the following to the command line:
	--allow-overriding tracetools

This may be promoted to an error in a future release of colcon-override-check.
[1.933s] Level 5:colcon.colcon_core.verb:set package 'tracetools' build argument 'cmake_args' from command line to 'None'
[1.933s] Level 5:colcon.colcon_core.verb:set package 'tracetools' build argument 'cmake_target' from command line to 'None'
[1.933s] Level 5:colcon.colcon_core.verb:set package 'tracetools' build argument 'cmake_target_skip_unavailable' from command line to 'False'
[1.933s] Level 5:colcon.colcon_core.verb:set package 'tracetools' build argument 'cmake_clean_cache' from command line to 'False'
[1.933s] Level 5:colcon.colcon_core.verb:set package 'tracetools' build argument 'cmake_clean_first' from command line to 'False'
[1.933s] Level 5:colcon.colcon_core.verb:set package 'tracetools' build argument 'cmake_force_configure' from command line to 'False'
[1.933s] Level 5:colcon.colcon_core.verb:set package 'tracetools' build argument 'ament_cmake_args' from command line to 'None'
[1.934s] Level 5:colcon.colcon_core.verb:set package 'tracetools' build argument 'catkin_cmake_args' from command line to 'None'
[1.934s] Level 5:colcon.colcon_core.verb:set package 'tracetools' build argument 'catkin_skip_building_tests' from command line to 'False'
[1.934s] DEBUG:colcon.colcon_core.verb:Building package 'tracetools' with the following arguments: {'ament_cmake_args': None, 'build_base': '/home/ubuntu/ros2_ws/build/tracetools', 'catkin_cmake_args': None, 'catkin_skip_building_tests': False, 'cmake_args': None, 'cmake_clean_cache': False, 'cmake_clean_first': False, 'cmake_force_configure': False, 'cmake_target': None, 'cmake_target_skip_unavailable': False, 'install_base': '/home/ubuntu/ros2_ws/install/tracetools', 'merge_install': False, 'path': '/home/ubuntu/ros2_ws/src/ros2_tracing/tracetools', 'symlink_install': False, 'test_result_base': None}
[1.934s] INFO:colcon.colcon_core.executor:Executing jobs using 'parallel' executor
[1.938s] DEBUG:colcon.colcon_parallel_executor.executor.parallel:run_until_complete
[1.940s] INFO:colcon.colcon_ros.task.ament_cmake.build:Building ROS package in '/home/ubuntu/ros2_ws/src/ros2_tracing/tracetools' with build type 'ament_cmake'
[1.941s] INFO:colcon.colcon_cmake.task.cmake.build:Building CMake package in '/home/ubuntu/ros2_ws/src/ros2_tracing/tracetools'
[1.953s] INFO:colcon.colcon_core.plugin_system:Skipping extension 'colcon_core.shell.bat': Not used on non-Windows systems
[1.954s] INFO:colcon.colcon_core.shell:Skip shell extension 'powershell' for command environment: Not usable outside of PowerShell
[1.954s] DEBUG:colcon.colcon_core.shell:Skip shell extension 'dsv' for command environment
[1.993s] DEBUG:colcon.colcon_core.event_handler.log_command:Invoking command in '/home/ubuntu/ros2_ws/build/tracetools': CMAKE_PREFIX_PATH=/home/ubuntu/ros2_ws/install/webcam_streamer_package:/home/ubuntu/ros2_ws/install/my_ax12_servo_controller:/home/ubuntu/ros2_ws/install/my_ax12_controller:/home/ubuntu/ros2_ws/install/arm_controller_package:/opt/ros/iron /usr/bin/cmake /home/ubuntu/ros2_ws/src/ros2_tracing/tracetools -DCMAKE_INSTALL_PREFIX=/home/ubuntu/ros2_ws/install/tracetools
[7.876s] DEBUG:colcon.colcon_core.event_handler.log_command:Invoked command in '/home/ubuntu/ros2_ws/build/tracetools' returned '0': CMAKE_PREFIX_PATH=/home/ubuntu/ros2_ws/install/webcam_streamer_package:/home/ubuntu/ros2_ws/install/my_ax12_servo_controller:/home/ubuntu/ros2_ws/install/my_ax12_controller:/home/ubuntu/ros2_ws/install/arm_controller_package:/opt/ros/iron /usr/bin/cmake /home/ubuntu/ros2_ws/src/ros2_tracing/tracetools -DCMAKE_INSTALL_PREFIX=/home/ubuntu/ros2_ws/install/tracetools
[7.887s] DEBUG:colcon.colcon_core.event_handler.log_command:Invoking command in '/home/ubuntu/ros2_ws/build/tracetools': CMAKE_PREFIX_PATH=/home/ubuntu/ros2_ws/install/webcam_streamer_package:/home/ubuntu/ros2_ws/install/my_ax12_servo_controller:/home/ubuntu/ros2_ws/install/my_ax12_controller:/home/ubuntu/ros2_ws/install/arm_controller_package:/opt/ros/iron /usr/bin/cmake --build /home/ubuntu/ros2_ws/build/tracetools -- -j4 -l4
[30.243s] DEBUG:colcon.colcon_core.event_handler.log_command:Invoked command in '/home/ubuntu/ros2_ws/build/tracetools' returned '0': CMAKE_PREFIX_PATH=/home/ubuntu/ros2_ws/install/webcam_streamer_package:/home/ubuntu/ros2_ws/install/my_ax12_servo_controller:/home/ubuntu/ros2_ws/install/my_ax12_controller:/home/ubuntu/ros2_ws/install/arm_controller_package:/opt/ros/iron /usr/bin/cmake --build /home/ubuntu/ros2_ws/build/tracetools -- -j4 -l4
[30.533s] DEBUG:colcon.colcon_core.event_handler.log_command:Invoking command in '/home/ubuntu/ros2_ws/build/tracetools': CMAKE_PREFIX_PATH=/home/ubuntu/ros2_ws/install/webcam_streamer_package:/home/ubuntu/ros2_ws/install/my_ax12_servo_controller:/home/ubuntu/ros2_ws/install/my_ax12_controller:/home/ubuntu/ros2_ws/install/arm_controller_package:/opt/ros/iron /usr/bin/cmake --install /home/ubuntu/ros2_ws/build/tracetools
[30.630s] Level 1:colcon.colcon_core.environment:create_environment_scripts_only(tracetools)
[30.632s] DEBUG:colcon.colcon_core.event_handler.log_command:Invoked command in '/home/ubuntu/ros2_ws/build/tracetools' returned '0': CMAKE_PREFIX_PATH=/home/ubuntu/ros2_ws/install/webcam_streamer_package:/home/ubuntu/ros2_ws/install/my_ax12_servo_controller:/home/ubuntu/ros2_ws/install/my_ax12_controller:/home/ubuntu/ros2_ws/install/arm_controller_package:/opt/ros/iron /usr/bin/cmake --install /home/ubuntu/ros2_ws/build/tracetools
[30.660s] Level 1:colcon.colcon_core.environment:checking '/home/ubuntu/ros2_ws/install/tracetools' for CMake module files
[30.664s] Level 1:colcon.colcon_core.environment:checking '/home/ubuntu/ros2_ws/install/tracetools' for CMake config files
[30.667s] Level 1:colcon.colcon_core.shell:create_environment_hook('tracetools', 'cmake_prefix_path')
[30.668s] INFO:colcon.colcon_core.shell:Creating environment hook '/home/ubuntu/ros2_ws/install/tracetools/share/tracetools/hook/cmake_prefix_path.ps1'
[30.672s] INFO:colcon.colcon_core.shell:Creating environment descriptor '/home/ubuntu/ros2_ws/install/tracetools/share/tracetools/hook/cmake_prefix_path.dsv'
[30.674s] INFO:colcon.colcon_core.shell:Creating environment hook '/home/ubuntu/ros2_ws/install/tracetools/share/tracetools/hook/cmake_prefix_path.sh'
[30.679s] Level 1:colcon.colcon_core.environment:checking '/home/ubuntu/ros2_ws/install/tracetools/lib'
[30.679s] Level 1:colcon.colcon_core.shell:create_environment_hook('tracetools', 'ld_library_path_lib')
[30.680s] INFO:colcon.colcon_core.shell:Creating environment hook '/home/ubuntu/ros2_ws/install/tracetools/share/tracetools/hook/ld_library_path_lib.ps1'
[30.682s] INFO:colcon.colcon_core.shell:Creating environment descriptor '/home/ubuntu/ros2_ws/install/tracetools/share/tracetools/hook/ld_library_path_lib.dsv'
[30.683s] INFO:colcon.colcon_core.shell:Creating environment hook '/home/ubuntu/ros2_ws/install/tracetools/share/tracetools/hook/ld_library_path_lib.sh'
[30.685s] Level 1:colcon.colcon_core.environment:checking '/home/ubuntu/ros2_ws/install/tracetools/bin'
[30.685s] Level 1:colcon.colcon_core.environment:checking '/home/ubuntu/ros2_ws/install/tracetools/lib/pkgconfig/tracetools.pc'
[30.686s] Level 1:colcon.colcon_core.environment:checking '/home/ubuntu/ros2_ws/install/tracetools/lib/python3.10/site-packages'
[30.687s] Level 1:colcon.colcon_core.environment:checking '/home/ubuntu/ros2_ws/install/tracetools/bin'
[30.688s] INFO:colcon.colcon_core.shell:Creating package script '/home/ubuntu/ros2_ws/install/tracetools/share/tracetools/package.ps1'
[30.692s] INFO:colcon.colcon_core.shell:Creating package descriptor '/home/ubuntu/ros2_ws/install/tracetools/share/tracetools/package.dsv'
[30.695s] INFO:colcon.colcon_core.shell:Creating package script '/home/ubuntu/ros2_ws/install/tracetools/share/tracetools/package.sh'
[30.699s] INFO:colcon.colcon_core.shell:Creating package script '/home/ubuntu/ros2_ws/install/tracetools/share/tracetools/package.bash'
[30.703s] INFO:colcon.colcon_core.shell:Creating package script '/home/ubuntu/ros2_ws/install/tracetools/share/tracetools/package.zsh'
[30.708s] Level 1:colcon.colcon_core.environment:create_file_with_runtime_dependencies(/home/ubuntu/ros2_ws/install/tracetools/share/colcon-core/packages/tracetools)
[30.953s] Level 1:colcon.colcon_core.environment:create_environment_scripts_only(tracetools)
[30.955s] Level 1:colcon.colcon_core.environment:checking '/home/ubuntu/ros2_ws/install/tracetools' for CMake module files
[30.959s] Level 1:colcon.colcon_core.environment:checking '/home/ubuntu/ros2_ws/install/tracetools' for CMake config files
[30.963s] Level 1:colcon.colcon_core.shell:create_environment_hook('tracetools', 'cmake_prefix_path')
[30.964s] INFO:colcon.colcon_core.shell:Creating environment hook '/home/ubuntu/ros2_ws/install/tracetools/share/tracetools/hook/cmake_prefix_path.ps1'
[30.966s] INFO:colcon.colcon_core.shell:Creating environment descriptor '/home/ubuntu/ros2_ws/install/tracetools/share/tracetools/hook/cmake_prefix_path.dsv'
[30.968s] INFO:colcon.colcon_core.shell:Creating environment hook '/home/ubuntu/ros2_ws/install/tracetools/share/tracetools/hook/cmake_prefix_path.sh'
[30.970s] Level 1:colcon.colcon_core.environment:checking '/home/ubuntu/ros2_ws/install/tracetools/lib'
[30.970s] Level 1:colcon.colcon_core.shell:create_environment_hook('tracetools', 'ld_library_path_lib')
[30.971s] INFO:colcon.colcon_core.shell:Creating environment hook '/home/ubuntu/ros2_ws/install/tracetools/share/tracetools/hook/ld_library_path_lib.ps1'
[30.973s] INFO:colcon.colcon_core.shell:Creating environment descriptor '/home/ubuntu/ros2_ws/install/tracetools/share/tracetools/hook/ld_library_path_lib.dsv'
[30.974s] INFO:colcon.colcon_core.shell:Creating environment hook '/home/ubuntu/ros2_ws/install/tracetools/share/tracetools/hook/ld_library_path_lib.sh'
[30.976s] Level 1:colcon.colcon_core.environment:checking '/home/ubuntu/ros2_ws/install/tracetools/bin'
[30.976s] Level 1:colcon.colcon_core.environment:checking '/home/ubuntu/ros2_ws/install/tracetools/lib/pkgconfig/tracetools.pc'
[30.977s] Level 1:colcon.colcon_core.environment:checking '/home/ubuntu/ros2_ws/install/tracetools/lib/python3.10/site-packages'
[30.978s] Level 1:colcon.colcon_core.environment:checking '/home/ubuntu/ros2_ws/install/tracetools/bin'
[30.979s] INFO:colcon.colcon_core.shell:Creating package script '/home/ubuntu/ros2_ws/install/tracetools/share/tracetools/package.ps1'
[30.981s] INFO:colcon.colcon_core.shell:Creating package descriptor '/home/ubuntu/ros2_ws/install/tracetools/share/tracetools/package.dsv'
[30.983s] INFO:colcon.colcon_core.shell:Creating package script '/home/ubuntu/ros2_ws/install/tracetools/share/tracetools/package.sh'
[30.985s] INFO:colcon.colcon_core.shell:Creating package script '/home/ubuntu/ros2_ws/install/tracetools/share/tracetools/package.bash'
[30.987s] INFO:colcon.colcon_core.shell:Creating package script '/home/ubuntu/ros2_ws/install/tracetools/share/tracetools/package.zsh'
[30.988s] Level 1:colcon.colcon_core.environment:create_file_with_runtime_dependencies(/home/ubuntu/ros2_ws/install/tracetools/share/colcon-core/packages/tracetools)
[30.990s] DEBUG:colcon.colcon_parallel_executor.executor.parallel:closing loop
[30.991s] DEBUG:colcon.colcon_parallel_executor.executor.parallel:loop closed
[30.991s] DEBUG:colcon.colcon_parallel_executor.executor.parallel:run_until_complete finished with '0'
[30.991s] DEBUG:colcon.colcon_core.event_reactor:joining thread
[31.046s] INFO:colcon.colcon_core.plugin_system:Skipping extension 'colcon_notification.desktop_notification.notify_send': Could not find 'notify-send'
[31.046s] INFO:colcon.colcon_core.plugin_system:Skipping extension 'colcon_notification.desktop_notification.terminal_notifier': Not used on non-Darwin systems
[31.047s] INFO:colcon.colcon_core.plugin_system:Skipping extension 'colcon_notification.desktop_notification.win32': Not used on non-Windows systems
[31.047s] INFO:colcon.colcon_notification.desktop_notification:Sending desktop notification using 'notify2'
[31.051s] DEBUG:colcon.colcon_notification.desktop_notification.notify2:Failed to initialize notify2: org.freedesktop.DBus.Error.ServiceUnknown: The name org.freedesktop.Notifications was not provided by any .service files
[31.051s] DEBUG:colcon.colcon_core.event_reactor:joined thread
[31.052s] INFO:colcon.colcon_core.shell:Creating prefix script '/home/ubuntu/ros2_ws/install/local_setup.ps1'
[31.057s] INFO:colcon.colcon_core.shell:Creating prefix util module '/home/ubuntu/ros2_ws/install/_local_setup_util_ps1.py'
[31.065s] INFO:colcon.colcon_core.shell:Creating prefix chain script '/home/ubuntu/ros2_ws/install/setup.ps1'
[31.072s] INFO:colcon.colcon_core.shell:Creating prefix script '/home/ubuntu/ros2_ws/install/local_setup.sh'
[31.075s] INFO:colcon.colcon_core.shell:Creating prefix util module '/home/ubuntu/ros2_ws/install/_local_setup_util_sh.py'
[31.077s] INFO:colcon.colcon_core.shell:Creating prefix chain script '/home/ubuntu/ros2_ws/install/setup.sh'
[31.084s] INFO:colcon.colcon_core.shell:Creating prefix script '/home/ubuntu/ros2_ws/install/local_setup.bash'
[31.087s] INFO:colcon.colcon_core.shell:Creating prefix chain script '/home/ubuntu/ros2_ws/install/setup.bash'
[31.092s] INFO:colcon.colcon_core.shell:Creating prefix script '/home/ubuntu/ros2_ws/install/local_setup.zsh'
[31.096s] INFO:colcon.colcon_core.shell:Creating prefix chain script '/home/ubuntu/ros2_ws/install/setup.zsh'
