[0.456s] DEBUG:colcon:Command line arguments: ['/usr/bin/colcon', 'build']
[0.457s] DEBUG:colcon:Parsed command line arguments: Namespace(log_base=None, log_level=None, verb_name='build', build_base='build', install_base='install', merge_install=False, symlink_install=False, test_result_base=None, continue_on_error=False, executor='parallel', parallel_workers=4, event_handlers=None, ignore_user_meta=False, metas=['./colcon.meta'], base_paths=['.'], packages_ignore=None, packages_ignore_regex=None, paths=None, packages_up_to=None, packages_up_to_regex=None, packages_above=None, packages_above_and_dependencies=None, packages_above_depth=None, packages_select_by_dep=None, packages_skip_by_dep=None, packages_skip_up_to=None, packages_select_build_failed=False, packages_skip_build_finished=False, packages_select_test_failures=False, packages_skip_test_passed=False, packages_select=None, packages_skip=None, packages_select_regex=None, packages_skip_regex=None, packages_start=None, packages_end=None, allow_overriding=[], cmake_args=None, cmake_target=None, cmake_target_skip_unavailable=False, cmake_clean_cache=False, cmake_clean_first=False, cmake_force_configure=False, ament_cmake_args=None, catkin_cmake_args=None, catkin_skip_building_tests=False, mixin_files=None, mixin=None, verb_parser=<colcon_mixin.mixin.mixin_argument.MixinArgumentDecorator object at 0xffff88eee620>, verb_extension=<colcon_core.verb.build.BuildVerb object at 0xffff89012c20>, main=<bound method BuildVerb.main of <colcon_core.verb.build.BuildVerb object at 0xffff89012c20>>, mixin_verb=('build',))
[1.272s] Level 1:colcon.colcon_core.package_discovery:discover_packages(colcon_meta) check parameters
[1.273s] Level 1:colcon.colcon_core.package_discovery:discover_packages(recursive) check parameters
[1.273s] Level 1:colcon.colcon_core.package_discovery:discover_packages(ignore) check parameters
[1.273s] Level 1:colcon.colcon_core.package_discovery:discover_packages(path) check parameters
[1.273s] Level 1:colcon.colcon_core.package_discovery:discover_packages(colcon_meta) discover
[1.273s] Level 1:colcon.colcon_core.package_discovery:discover_packages(recursive) discover
[1.273s] INFO:colcon.colcon_core.package_discovery:Crawling recursively for packages in '/home/ubuntu/ros2_ws'
[1.274s] Level 1:colcon.colcon_core.package_identification:_identify(.) by extensions ['ignore', 'ignore_ament_install']
[1.274s] Level 1:colcon.colcon_core.package_identification:_identify(.) by extension 'ignore'
[1.274s] Level 1:colcon.colcon_core.package_identification:_identify(.) by extension 'ignore_ament_install'
[1.274s] Level 1:colcon.colcon_core.package_identification:_identify(.) by extensions ['colcon_pkg']
[1.275s] Level 1:colcon.colcon_core.package_identification:_identify(.) by extension 'colcon_pkg'
[1.275s] Level 1:colcon.colcon_core.package_identification:_identify(.) by extensions ['colcon_meta']
[1.275s] Level 1:colcon.colcon_core.package_identification:_identify(.) by extension 'colcon_meta'
[1.275s] Level 1:colcon.colcon_core.package_identification:_identify(.) by extensions ['ros']
[1.275s] Level 1:colcon.colcon_core.package_identification:_identify(.) by extension 'ros'
[1.317s] Level 1:colcon.colcon_core.package_identification:_identify(.) by extensions ['cmake', 'python']
[1.317s] Level 1:colcon.colcon_core.package_identification:_identify(.) by extension 'cmake'
[1.317s] Level 1:colcon.colcon_core.package_identification:_identify(.) by extension 'python'
[1.318s] Level 1:colcon.colcon_core.package_identification:_identify(.) by extensions ['python_setup_py']
[1.318s] Level 1:colcon.colcon_core.package_identification:_identify(.) by extension 'python_setup_py'
[1.318s] Level 1:colcon.colcon_core.package_identification:_identify(build) by extensions ['ignore', 'ignore_ament_install']
[1.319s] Level 1:colcon.colcon_core.package_identification:_identify(build) by extension 'ignore'
[1.319s] Level 1:colcon.colcon_core.package_identification:_identify(build) ignored
[1.319s] Level 1:colcon.colcon_core.package_identification:_identify(install) by extensions ['ignore', 'ignore_ament_install']
[1.320s] Level 1:colcon.colcon_core.package_identification:_identify(install) by extension 'ignore'
[1.320s] Level 1:colcon.colcon_core.package_identification:_identify(install) ignored
[1.320s] Level 1:colcon.colcon_core.package_identification:_identify(lib) by extensions ['ignore', 'ignore_ament_install']
[1.321s] Level 1:colcon.colcon_core.package_identification:_identify(lib) by extension 'ignore'
[1.321s] Level 1:colcon.colcon_core.package_identification:_identify(lib) by extension 'ignore_ament_install'
[1.321s] Level 1:colcon.colcon_core.package_identification:_identify(lib) by extensions ['colcon_pkg']
[1.321s] Level 1:colcon.colcon_core.package_identification:_identify(lib) by extension 'colcon_pkg'
[1.321s] Level 1:colcon.colcon_core.package_identification:_identify(lib) by extensions ['colcon_meta']
[1.321s] Level 1:colcon.colcon_core.package_identification:_identify(lib) by extension 'colcon_meta'
[1.321s] Level 1:colcon.colcon_core.package_identification:_identify(lib) by extensions ['ros']
[1.322s] Level 1:colcon.colcon_core.package_identification:_identify(lib) by extension 'ros'
[1.322s] Level 1:colcon.colcon_core.package_identification:_identify(lib) by extensions ['cmake', 'python']
[1.322s] Level 1:colcon.colcon_core.package_identification:_identify(lib) by extension 'cmake'
[1.322s] Level 1:colcon.colcon_core.package_identification:_identify(lib) by extension 'python'
[1.322s] Level 1:colcon.colcon_core.package_identification:_identify(lib) by extensions ['python_setup_py']
[1.323s] Level 1:colcon.colcon_core.package_identification:_identify(lib) by extension 'python_setup_py'
[1.324s] Level 1:colcon.colcon_core.package_identification:_identify(log) by extensions ['ignore', 'ignore_ament_install']
[1.324s] Level 1:colcon.colcon_core.package_identification:_identify(log) by extension 'ignore'
[1.324s] Level 1:colcon.colcon_core.package_identification:_identify(log) ignored
[1.324s] Level 1:colcon.colcon_core.package_identification:_identify(src) by extensions ['ignore', 'ignore_ament_install']
[1.325s] Level 1:colcon.colcon_core.package_identification:_identify(src) by extension 'ignore'
[1.325s] Level 1:colcon.colcon_core.package_identification:_identify(src) by extension 'ignore_ament_install'
[1.325s] Level 1:colcon.colcon_core.package_identification:_identify(src) by extensions ['colcon_pkg']
[1.325s] Level 1:colcon.colcon_core.package_identification:_identify(src) by extension 'colcon_pkg'
[1.325s] Level 1:colcon.colcon_core.package_identification:_identify(src) by extensions ['colcon_meta']
[1.325s] Level 1:colcon.colcon_core.package_identification:_identify(src) by extension 'colcon_meta'
[1.326s] Level 1:colcon.colcon_core.package_identification:_identify(src) by extensions ['ros']
[1.326s] Level 1:colcon.colcon_core.package_identification:_identify(src) by extension 'ros'
[1.326s] Level 1:colcon.colcon_core.package_identification:_identify(src) by extensions ['cmake', 'python']
[1.326s] Level 1:colcon.colcon_core.package_identification:_identify(src) by extension 'cmake'
[1.326s] Level 1:colcon.colcon_core.package_identification:_identify(src) by extension 'python'
[1.327s] Level 1:colcon.colcon_core.package_identification:_identify(src) by extensions ['python_setup_py']
[1.327s] Level 1:colcon.colcon_core.package_identification:_identify(src) by extension 'python_setup_py'
[1.327s] Level 1:colcon.colcon_core.package_identification:_identify(src/my_ax12_controller) by extensions ['ignore', 'ignore_ament_install']
[1.327s] Level 1:colcon.colcon_core.package_identification:_identify(src/my_ax12_controller) by extension 'ignore'
[1.328s] Level 1:colcon.colcon_core.package_identification:_identify(src/my_ax12_controller) by extension 'ignore_ament_install'
[1.328s] Level 1:colcon.colcon_core.package_identification:_identify(src/my_ax12_controller) by extensions ['colcon_pkg']
[1.328s] Level 1:colcon.colcon_core.package_identification:_identify(src/my_ax12_controller) by extension 'colcon_pkg'
[1.328s] Level 1:colcon.colcon_core.package_identification:_identify(src/my_ax12_controller) by extensions ['colcon_meta']
[1.328s] Level 1:colcon.colcon_core.package_identification:_identify(src/my_ax12_controller) by extension 'colcon_meta'
[1.328s] Level 1:colcon.colcon_core.package_identification:_identify(src/my_ax12_controller) by extensions ['ros']
[1.329s] Level 1:colcon.colcon_core.package_identification:_identify(src/my_ax12_controller) by extension 'ros'
[1.336s] DEBUG:colcon.colcon_core.package_identification:Package 'src/my_ax12_controller' with type 'ros.ament_python' and name 'my_ax12_controller'
[1.337s] Level 1:colcon.colcon_core.package_identification:_identify(src/my_ax12_servo_controller) by extensions ['ignore', 'ignore_ament_install']
[1.338s] Level 1:colcon.colcon_core.package_identification:_identify(src/my_ax12_servo_controller) by extension 'ignore'
[1.338s] Level 1:colcon.colcon_core.package_identification:_identify(src/my_ax12_servo_controller) by extension 'ignore_ament_install'
[1.338s] Level 1:colcon.colcon_core.package_identification:_identify(src/my_ax12_servo_controller) by extensions ['colcon_pkg']
[1.339s] Level 1:colcon.colcon_core.package_identification:_identify(src/my_ax12_servo_controller) by extension 'colcon_pkg'
[1.339s] Level 1:colcon.colcon_core.package_identification:_identify(src/my_ax12_servo_controller) by extensions ['colcon_meta']
[1.339s] Level 1:colcon.colcon_core.package_identification:_identify(src/my_ax12_servo_controller) by extension 'colcon_meta'
[1.339s] Level 1:colcon.colcon_core.package_identification:_identify(src/my_ax12_servo_controller) by extensions ['ros']
[1.339s] Level 1:colcon.colcon_core.package_identification:_identify(src/my_ax12_servo_controller) by extension 'ros'
[1.341s] DEBUG:colcon.colcon_core.package_identification:Package 'src/my_ax12_servo_controller' with type 'ros.ament_python' and name 'my_ax12_servo_controller'
[1.341s] Level 1:colcon.colcon_core.package_identification:_identify(src/webcam_streamer_package) by extensions ['ignore', 'ignore_ament_install']
[1.342s] Level 1:colcon.colcon_core.package_identification:_identify(src/webcam_streamer_package) by extension 'ignore'
[1.342s] Level 1:colcon.colcon_core.package_identification:_identify(src/webcam_streamer_package) by extension 'ignore_ament_install'
[1.342s] Level 1:colcon.colcon_core.package_identification:_identify(src/webcam_streamer_package) by extensions ['colcon_pkg']
[1.342s] Level 1:colcon.colcon_core.package_identification:_identify(src/webcam_streamer_package) by extension 'colcon_pkg'
[1.343s] Level 1:colcon.colcon_core.package_identification:_identify(src/webcam_streamer_package) by extensions ['colcon_meta']
[1.343s] Level 1:colcon.colcon_core.package_identification:_identify(src/webcam_streamer_package) by extension 'colcon_meta'
[1.343s] Level 1:colcon.colcon_core.package_identification:_identify(src/webcam_streamer_package) by extensions ['ros']
[1.343s] Level 1:colcon.colcon_core.package_identification:_identify(src/webcam_streamer_package) by extension 'ros'
[1.345s] DEBUG:colcon.colcon_core.package_identification:Package 'src/webcam_streamer_package' with type 'ros.ament_python' and name 'webcam_streamer_package'
[1.345s] Level 1:colcon.colcon_core.package_discovery:discover_packages(recursive) using defaults
[1.345s] Level 1:colcon.colcon_core.package_discovery:discover_packages(ignore) discover
[1.345s] Level 1:colcon.colcon_core.package_discovery:discover_packages(ignore) using defaults
[1.345s] Level 1:colcon.colcon_core.package_discovery:discover_packages(path) discover
[1.345s] Level 1:colcon.colcon_core.package_discovery:discover_packages(path) using defaults
[1.458s] Level 1:colcon.colcon_core.package_discovery:discover_packages(prefix_path) check parameters
[1.458s] Level 1:colcon.colcon_core.package_discovery:discover_packages(prefix_path) discover
[1.467s] DEBUG:colcon.colcon_installed_package_information.package_discovery:Found 3 installed packages in /home/ubuntu/ros2_ws/install
[1.476s] DEBUG:colcon.colcon_installed_package_information.package_discovery:Found 288 installed packages in /opt/ros/iron
[1.482s] Level 1:colcon.colcon_core.package_discovery:discover_packages(prefix_path) using defaults
[1.671s] Level 5:colcon.colcon_core.verb:set package 'my_ax12_controller' build argument 'cmake_args' from command line to 'None'
[1.671s] Level 5:colcon.colcon_core.verb:set package 'my_ax12_controller' build argument 'cmake_target' from command line to 'None'
[1.674s] Level 5:colcon.colcon_core.verb:set package 'my_ax12_controller' build argument 'cmake_target_skip_unavailable' from command line to 'False'
[1.674s] Level 5:colcon.colcon_core.verb:set package 'my_ax12_controller' build argument 'cmake_clean_cache' from command line to 'False'
[1.674s] Level 5:colcon.colcon_core.verb:set package 'my_ax12_controller' build argument 'cmake_clean_first' from command line to 'False'
[1.674s] Level 5:colcon.colcon_core.verb:set package 'my_ax12_controller' build argument 'cmake_force_configure' from command line to 'False'
[1.674s] Level 5:colcon.colcon_core.verb:set package 'my_ax12_controller' build argument 'ament_cmake_args' from command line to 'None'
[1.674s] Level 5:colcon.colcon_core.verb:set package 'my_ax12_controller' build argument 'catkin_cmake_args' from command line to 'None'
[1.674s] Level 5:colcon.colcon_core.verb:set package 'my_ax12_controller' build argument 'catkin_skip_building_tests' from command line to 'False'
[1.674s] DEBUG:colcon.colcon_core.verb:Building package 'my_ax12_controller' with the following arguments: {'ament_cmake_args': None, 'build_base': '/home/ubuntu/ros2_ws/build/my_ax12_controller', 'catkin_cmake_args': None, 'catkin_skip_building_tests': False, 'cmake_args': None, 'cmake_clean_cache': False, 'cmake_clean_first': False, 'cmake_force_configure': False, 'cmake_target': None, 'cmake_target_skip_unavailable': False, 'install_base': '/home/ubuntu/ros2_ws/install/my_ax12_controller', 'merge_install': False, 'path': '/home/ubuntu/ros2_ws/src/my_ax12_controller', 'symlink_install': False, 'test_result_base': None}
[1.676s] Level 5:colcon.colcon_core.verb:set package 'my_ax12_servo_controller' build argument 'cmake_args' from command line to 'None'
[1.676s] Level 5:colcon.colcon_core.verb:set package 'my_ax12_servo_controller' build argument 'cmake_target' from command line to 'None'
[1.676s] Level 5:colcon.colcon_core.verb:set package 'my_ax12_servo_controller' build argument 'cmake_target_skip_unavailable' from command line to 'False'
[1.676s] Level 5:colcon.colcon_core.verb:set package 'my_ax12_servo_controller' build argument 'cmake_clean_cache' from command line to 'False'
[1.676s] Level 5:colcon.colcon_core.verb:set package 'my_ax12_servo_controller' build argument 'cmake_clean_first' from command line to 'False'
[1.677s] Level 5:colcon.colcon_core.verb:set package 'my_ax12_servo_controller' build argument 'cmake_force_configure' from command line to 'False'
[1.677s] Level 5:colcon.colcon_core.verb:set package 'my_ax12_servo_controller' build argument 'ament_cmake_args' from command line to 'None'
[1.677s] Level 5:colcon.colcon_core.verb:set package 'my_ax12_servo_controller' build argument 'catkin_cmake_args' from command line to 'None'
[1.677s] Level 5:colcon.colcon_core.verb:set package 'my_ax12_servo_controller' build argument 'catkin_skip_building_tests' from command line to 'False'
[1.677s] DEBUG:colcon.colcon_core.verb:Building package 'my_ax12_servo_controller' with the following arguments: {'ament_cmake_args': None, 'build_base': '/home/ubuntu/ros2_ws/build/my_ax12_servo_controller', 'catkin_cmake_args': None, 'catkin_skip_building_tests': False, 'cmake_args': None, 'cmake_clean_cache': False, 'cmake_clean_first': False, 'cmake_force_configure': False, 'cmake_target': None, 'cmake_target_skip_unavailable': False, 'install_base': '/home/ubuntu/ros2_ws/install/my_ax12_servo_controller', 'merge_install': False, 'path': '/home/ubuntu/ros2_ws/src/my_ax12_servo_controller', 'symlink_install': False, 'test_result_base': None}
[1.678s] Level 5:colcon.colcon_core.verb:set package 'webcam_streamer_package' build argument 'cmake_args' from command line to 'None'
[1.678s] Level 5:colcon.colcon_core.verb:set package 'webcam_streamer_package' build argument 'cmake_target' from command line to 'None'
[1.679s] Level 5:colcon.colcon_core.verb:set package 'webcam_streamer_package' build argument 'cmake_target_skip_unavailable' from command line to 'False'
[1.679s] Level 5:colcon.colcon_core.verb:set package 'webcam_streamer_package' build argument 'cmake_clean_cache' from command line to 'False'
[1.679s] Level 5:colcon.colcon_core.verb:set package 'webcam_streamer_package' build argument 'cmake_clean_first' from command line to 'False'
[1.679s] Level 5:colcon.colcon_core.verb:set package 'webcam_streamer_package' build argument 'cmake_force_configure' from command line to 'False'
[1.679s] Level 5:colcon.colcon_core.verb:set package 'webcam_streamer_package' build argument 'ament_cmake_args' from command line to 'None'
[1.679s] Level 5:colcon.colcon_core.verb:set package 'webcam_streamer_package' build argument 'catkin_cmake_args' from command line to 'None'
[1.679s] Level 5:colcon.colcon_core.verb:set package 'webcam_streamer_package' build argument 'catkin_skip_building_tests' from command line to 'False'
[1.679s] DEBUG:colcon.colcon_core.verb:Building package 'webcam_streamer_package' with the following arguments: {'ament_cmake_args': None, 'build_base': '/home/ubuntu/ros2_ws/build/webcam_streamer_package', 'catkin_cmake_args': None, 'catkin_skip_building_tests': False, 'cmake_args': None, 'cmake_clean_cache': False, 'cmake_clean_first': False, 'cmake_force_configure': False, 'cmake_target': None, 'cmake_target_skip_unavailable': False, 'install_base': '/home/ubuntu/ros2_ws/install/webcam_streamer_package', 'merge_install': False, 'path': '/home/ubuntu/ros2_ws/src/webcam_streamer_package', 'symlink_install': False, 'test_result_base': None}
[1.680s] INFO:colcon.colcon_core.executor:Executing jobs using 'parallel' executor
[1.683s] DEBUG:colcon.colcon_parallel_executor.executor.parallel:run_until_complete
[1.684s] INFO:colcon.colcon_ros.task.ament_python.build:Building ROS package in '/home/ubuntu/ros2_ws/src/my_ax12_controller' with build type 'ament_python'
[1.685s] Level 1:colcon.colcon_core.shell:create_environment_hook('my_ax12_controller', 'ament_prefix_path')
[1.695s] INFO:colcon.colcon_core.plugin_system:Skipping extension 'colcon_core.shell.bat': Not used on non-Windows systems
[1.696s] INFO:colcon.colcon_core.shell:Creating environment hook '/home/ubuntu/ros2_ws/install/my_ax12_controller/share/my_ax12_controller/hook/ament_prefix_path.ps1'
[1.698s] INFO:colcon.colcon_core.shell:Creating environment descriptor '/home/ubuntu/ros2_ws/install/my_ax12_controller/share/my_ax12_controller/hook/ament_prefix_path.dsv'
[1.700s] INFO:colcon.colcon_core.shell:Creating environment hook '/home/ubuntu/ros2_ws/install/my_ax12_controller/share/my_ax12_controller/hook/ament_prefix_path.sh'
[1.704s] INFO:colcon.colcon_core.shell:Skip shell extension 'powershell' for command environment: Not usable outside of PowerShell
[1.704s] DEBUG:colcon.colcon_core.shell:Skip shell extension 'dsv' for command environment
[1.721s] INFO:colcon.colcon_ros.task.ament_python.build:Building ROS package in '/home/ubuntu/ros2_ws/src/my_ax12_servo_controller' with build type 'ament_python'
[1.722s] Level 1:colcon.colcon_core.shell:create_environment_hook('my_ax12_servo_controller', 'ament_prefix_path')
[1.723s] INFO:colcon.colcon_core.shell:Creating environment hook '/home/ubuntu/ros2_ws/install/my_ax12_servo_controller/share/my_ax12_servo_controller/hook/ament_prefix_path.ps1'
[1.725s] INFO:colcon.colcon_core.shell:Creating environment descriptor '/home/ubuntu/ros2_ws/install/my_ax12_servo_controller/share/my_ax12_servo_controller/hook/ament_prefix_path.dsv'
[1.727s] INFO:colcon.colcon_core.shell:Creating environment hook '/home/ubuntu/ros2_ws/install/my_ax12_servo_controller/share/my_ax12_servo_controller/hook/ament_prefix_path.sh'
[1.730s] INFO:colcon.colcon_core.shell:Skip shell extension 'powershell' for command environment: Not usable outside of PowerShell
[1.730s] DEBUG:colcon.colcon_core.shell:Skip shell extension 'dsv' for command environment
[1.748s] INFO:colcon.colcon_ros.task.ament_python.build:Building ROS package in '/home/ubuntu/ros2_ws/src/webcam_streamer_package' with build type 'ament_python'
[1.749s] Level 1:colcon.colcon_core.shell:create_environment_hook('webcam_streamer_package', 'ament_prefix_path')
[1.750s] INFO:colcon.colcon_core.shell:Creating environment hook '/home/ubuntu/ros2_ws/install/webcam_streamer_package/share/webcam_streamer_package/hook/ament_prefix_path.ps1'
[1.752s] INFO:colcon.colcon_core.shell:Creating environment descriptor '/home/ubuntu/ros2_ws/install/webcam_streamer_package/share/webcam_streamer_package/hook/ament_prefix_path.dsv'
[1.754s] INFO:colcon.colcon_core.shell:Creating environment hook '/home/ubuntu/ros2_ws/install/webcam_streamer_package/share/webcam_streamer_package/hook/ament_prefix_path.sh'
[1.757s] INFO:colcon.colcon_core.shell:Skip shell extension 'powershell' for command environment: Not usable outside of PowerShell
[1.757s] DEBUG:colcon.colcon_core.shell:Skip shell extension 'dsv' for command environment
[2.952s] INFO:colcon.colcon_core.task.python.build:Building Python package in '/home/ubuntu/ros2_ws/src/my_ax12_controller'
[2.953s] INFO:colcon.colcon_core.shell:Skip shell extension 'powershell' for command environment: Not usable outside of PowerShell
[2.953s] DEBUG:colcon.colcon_core.shell:Skip shell extension 'dsv' for command environment
[4.133s] INFO:colcon.colcon_core.task.python.build:Building Python package in '/home/ubuntu/ros2_ws/src/my_ax12_servo_controller'
[4.135s] INFO:colcon.colcon_core.shell:Skip shell extension 'powershell' for command environment: Not usable outside of PowerShell
[4.135s] DEBUG:colcon.colcon_core.shell:Skip shell extension 'dsv' for command environment
[5.314s] INFO:colcon.colcon_core.task.python.build:Building Python package in '/home/ubuntu/ros2_ws/src/webcam_streamer_package'
[5.315s] INFO:colcon.colcon_core.shell:Skip shell extension 'powershell' for command environment: Not usable outside of PowerShell
[5.315s] DEBUG:colcon.colcon_core.shell:Skip shell extension 'dsv' for command environment
[7.499s] DEBUG:colcon.colcon_core.event_handler.log_command:Invoking command in '/home/ubuntu/ros2_ws/src/my_ax12_controller': PYTHONPATH=/home/ubuntu/ros2_ws/build/my_ax12_controller/prefix_override:/home/ubuntu/ros2_ws/install/my_ax12_controller/lib/python3.10/site-packages:${PYTHONPATH} /usr/bin/python3 -W ignore:setup.py install is deprecated setup.py egg_info --egg-base ../../build/my_ax12_controller build --build-base /home/ubuntu/ros2_ws/build/my_ax12_controller/build install --record /home/ubuntu/ros2_ws/build/my_ax12_controller/install.log --single-version-externally-managed install_data
[7.536s] DEBUG:colcon.colcon_core.event_handler.log_command:Invoking command in '/home/ubuntu/ros2_ws/src/my_ax12_servo_controller': PYTHONPATH=/home/ubuntu/ros2_ws/build/my_ax12_servo_controller/prefix_override:/home/ubuntu/ros2_ws/install/my_ax12_servo_controller/lib/python3.10/site-packages:${PYTHONPATH} /usr/bin/python3 -W ignore:setup.py install is deprecated setup.py egg_info --egg-base ../../build/my_ax12_servo_controller build --build-base /home/ubuntu/ros2_ws/build/my_ax12_servo_controller/build install --record /home/ubuntu/ros2_ws/build/my_ax12_servo_controller/install.log --single-version-externally-managed install_data
[7.596s] DEBUG:colcon.colcon_core.event_handler.log_command:Invoking command in '/home/ubuntu/ros2_ws/src/webcam_streamer_package': PYTHONPATH=/home/ubuntu/ros2_ws/build/webcam_streamer_package/prefix_override:/home/ubuntu/ros2_ws/install/webcam_streamer_package/lib/python3.10/site-packages:${PYTHONPATH} /usr/bin/python3 -W ignore:setup.py install is deprecated setup.py egg_info --egg-base ../../build/webcam_streamer_package build --build-base /home/ubuntu/ros2_ws/build/webcam_streamer_package/build install --record /home/ubuntu/ros2_ws/build/webcam_streamer_package/install.log --single-version-externally-managed install_data
[9.334s] DEBUG:colcon.colcon_core.event_handler.log_command:Invoked command in '/home/ubuntu/ros2_ws/src/my_ax12_controller' returned '0': PYTHONPATH=/home/ubuntu/ros2_ws/build/my_ax12_controller/prefix_override:/home/ubuntu/ros2_ws/install/my_ax12_controller/lib/python3.10/site-packages:${PYTHONPATH} /usr/bin/python3 -W ignore:setup.py install is deprecated setup.py egg_info --egg-base ../../build/my_ax12_controller build --build-base /home/ubuntu/ros2_ws/build/my_ax12_controller/build install --record /home/ubuntu/ros2_ws/build/my_ax12_controller/install.log --single-version-externally-managed install_data
[9.357s] Level 1:colcon.colcon_core.environment:checking '/home/ubuntu/ros2_ws/install/my_ax12_controller' for CMake module files
[9.362s] Level 1:colcon.colcon_core.environment:checking '/home/ubuntu/ros2_ws/install/my_ax12_controller' for CMake config files
[9.371s] Level 1:colcon.colcon_core.environment:checking '/home/ubuntu/ros2_ws/install/my_ax12_controller/lib'
[9.373s] Level 1:colcon.colcon_core.environment:checking '/home/ubuntu/ros2_ws/install/my_ax12_controller/bin'
[9.374s] Level 1:colcon.colcon_core.environment:checking '/home/ubuntu/ros2_ws/install/my_ax12_controller/lib/pkgconfig/my_ax12_controller.pc'
[9.376s] Level 1:colcon.colcon_core.environment:checking '/home/ubuntu/ros2_ws/install/my_ax12_controller/lib/python3.10/site-packages'
[9.376s] Level 1:colcon.colcon_core.shell:create_environment_hook('my_ax12_controller', 'pythonpath')
[9.378s] INFO:colcon.colcon_core.shell:Creating environment hook '/home/ubuntu/ros2_ws/install/my_ax12_controller/share/my_ax12_controller/hook/pythonpath.ps1'
[9.381s] INFO:colcon.colcon_core.shell:Creating environment descriptor '/home/ubuntu/ros2_ws/install/my_ax12_controller/share/my_ax12_controller/hook/pythonpath.dsv'
[9.384s] INFO:colcon.colcon_core.shell:Creating environment hook '/home/ubuntu/ros2_ws/install/my_ax12_controller/share/my_ax12_controller/hook/pythonpath.sh'
[9.388s] Level 1:colcon.colcon_core.environment:checking '/home/ubuntu/ros2_ws/install/my_ax12_controller/bin'
[9.389s] Level 1:colcon.colcon_core.environment:create_environment_scripts_only(my_ax12_controller)
[9.391s] INFO:colcon.colcon_core.shell:Creating package script '/home/ubuntu/ros2_ws/install/my_ax12_controller/share/my_ax12_controller/package.ps1'
[9.396s] INFO:colcon.colcon_core.shell:Creating package descriptor '/home/ubuntu/ros2_ws/install/my_ax12_controller/share/my_ax12_controller/package.dsv'
[9.399s] INFO:colcon.colcon_core.shell:Creating package script '/home/ubuntu/ros2_ws/install/my_ax12_controller/share/my_ax12_controller/package.sh'
[9.404s] INFO:colcon.colcon_core.shell:Creating package script '/home/ubuntu/ros2_ws/install/my_ax12_controller/share/my_ax12_controller/package.bash'
[9.410s] INFO:colcon.colcon_core.shell:Creating package script '/home/ubuntu/ros2_ws/install/my_ax12_controller/share/my_ax12_controller/package.zsh'
[9.415s] Level 1:colcon.colcon_core.environment:create_file_with_runtime_dependencies(/home/ubuntu/ros2_ws/install/my_ax12_controller/share/colcon-core/packages/my_ax12_controller)
[9.424s] Level 1:colcon.colcon_core.environment:checking '/home/ubuntu/ros2_ws/install/my_ax12_servo_controller' for CMake module files
[9.428s] DEBUG:colcon.colcon_core.event_handler.log_command:Invoked command in '/home/ubuntu/ros2_ws/src/my_ax12_servo_controller' returned '0': PYTHONPATH=/home/ubuntu/ros2_ws/build/my_ax12_servo_controller/prefix_override:/home/ubuntu/ros2_ws/install/my_ax12_servo_controller/lib/python3.10/site-packages:${PYTHONPATH} /usr/bin/python3 -W ignore:setup.py install is deprecated setup.py egg_info --egg-base ../../build/my_ax12_servo_controller build --build-base /home/ubuntu/ros2_ws/build/my_ax12_servo_controller/build install --record /home/ubuntu/ros2_ws/build/my_ax12_servo_controller/install.log --single-version-externally-managed install_data
[9.430s] Level 1:colcon.colcon_core.environment:checking '/home/ubuntu/ros2_ws/install/my_ax12_servo_controller' for CMake config files
[9.435s] Level 1:colcon.colcon_core.environment:checking '/home/ubuntu/ros2_ws/install/my_ax12_servo_controller/lib'
[9.435s] Level 1:colcon.colcon_core.environment:checking '/home/ubuntu/ros2_ws/install/my_ax12_servo_controller/bin'
[9.436s] Level 1:colcon.colcon_core.environment:checking '/home/ubuntu/ros2_ws/install/my_ax12_servo_controller/lib/pkgconfig/my_ax12_servo_controller.pc'
[9.437s] Level 1:colcon.colcon_core.environment:checking '/home/ubuntu/ros2_ws/install/my_ax12_servo_controller/lib/python3.10/site-packages'
[9.438s] Level 1:colcon.colcon_core.shell:create_environment_hook('my_ax12_servo_controller', 'pythonpath')
[9.439s] INFO:colcon.colcon_core.shell:Creating environment hook '/home/ubuntu/ros2_ws/install/my_ax12_servo_controller/share/my_ax12_servo_controller/hook/pythonpath.ps1'
[9.442s] INFO:colcon.colcon_core.shell:Creating environment descriptor '/home/ubuntu/ros2_ws/install/my_ax12_servo_controller/share/my_ax12_servo_controller/hook/pythonpath.dsv'
[9.445s] INFO:colcon.colcon_core.shell:Creating environment hook '/home/ubuntu/ros2_ws/install/my_ax12_servo_controller/share/my_ax12_servo_controller/hook/pythonpath.sh'
[9.449s] Level 1:colcon.colcon_core.environment:checking '/home/ubuntu/ros2_ws/install/my_ax12_servo_controller/bin'
[9.450s] Level 1:colcon.colcon_core.environment:create_environment_scripts_only(my_ax12_servo_controller)
[9.451s] INFO:colcon.colcon_core.shell:Creating package script '/home/ubuntu/ros2_ws/install/my_ax12_servo_controller/share/my_ax12_servo_controller/package.ps1'
[9.455s] INFO:colcon.colcon_core.shell:Creating package descriptor '/home/ubuntu/ros2_ws/install/my_ax12_servo_controller/share/my_ax12_servo_controller/package.dsv'
[9.457s] INFO:colcon.colcon_core.shell:Creating package script '/home/ubuntu/ros2_ws/install/my_ax12_servo_controller/share/my_ax12_servo_controller/package.sh'
[9.460s] INFO:colcon.colcon_core.shell:Creating package script '/home/ubuntu/ros2_ws/install/my_ax12_servo_controller/share/my_ax12_servo_controller/package.bash'
[9.462s] INFO:colcon.colcon_core.shell:Creating package script '/home/ubuntu/ros2_ws/install/my_ax12_servo_controller/share/my_ax12_servo_controller/package.zsh'
[9.463s] Level 1:colcon.colcon_core.environment:create_file_with_runtime_dependencies(/home/ubuntu/ros2_ws/install/my_ax12_servo_controller/share/colcon-core/packages/my_ax12_servo_controller)
[9.467s] Level 1:colcon.colcon_core.environment:checking '/home/ubuntu/ros2_ws/install/webcam_streamer_package' for CMake module files
[9.470s] DEBUG:colcon.colcon_core.event_handler.log_command:Invoked command in '/home/ubuntu/ros2_ws/src/webcam_streamer_package' returned '0': PYTHONPATH=/home/ubuntu/ros2_ws/build/webcam_streamer_package/prefix_override:/home/ubuntu/ros2_ws/install/webcam_streamer_package/lib/python3.10/site-packages:${PYTHONPATH} /usr/bin/python3 -W ignore:setup.py install is deprecated setup.py egg_info --egg-base ../../build/webcam_streamer_package build --build-base /home/ubuntu/ros2_ws/build/webcam_streamer_package/build install --record /home/ubuntu/ros2_ws/build/webcam_streamer_package/install.log --single-version-externally-managed install_data
[9.471s] Level 1:colcon.colcon_core.environment:checking '/home/ubuntu/ros2_ws/install/webcam_streamer_package' for CMake config files
[9.474s] Level 1:colcon.colcon_core.environment:checking '/home/ubuntu/ros2_ws/install/webcam_streamer_package/lib'
[9.474s] Level 1:colcon.colcon_core.environment:checking '/home/ubuntu/ros2_ws/install/webcam_streamer_package/bin'
[9.475s] Level 1:colcon.colcon_core.environment:checking '/home/ubuntu/ros2_ws/install/webcam_streamer_package/lib/pkgconfig/webcam_streamer_package.pc'
[9.476s] Level 1:colcon.colcon_core.environment:checking '/home/ubuntu/ros2_ws/install/webcam_streamer_package/lib/python3.10/site-packages'
[9.476s] Level 1:colcon.colcon_core.shell:create_environment_hook('webcam_streamer_package', 'pythonpath')
[9.477s] INFO:colcon.colcon_core.shell:Creating environment hook '/home/ubuntu/ros2_ws/install/webcam_streamer_package/share/webcam_streamer_package/hook/pythonpath.ps1'
[9.478s] INFO:colcon.colcon_core.shell:Creating environment descriptor '/home/ubuntu/ros2_ws/install/webcam_streamer_package/share/webcam_streamer_package/hook/pythonpath.dsv'
[9.480s] INFO:colcon.colcon_core.shell:Creating environment hook '/home/ubuntu/ros2_ws/install/webcam_streamer_package/share/webcam_streamer_package/hook/pythonpath.sh'
[9.482s] Level 1:colcon.colcon_core.environment:checking '/home/ubuntu/ros2_ws/install/webcam_streamer_package/bin'
[9.483s] Level 1:colcon.colcon_core.environment:create_environment_scripts_only(webcam_streamer_package)
[9.484s] INFO:colcon.colcon_core.shell:Creating package script '/home/ubuntu/ros2_ws/install/webcam_streamer_package/share/webcam_streamer_package/package.ps1'
[9.486s] INFO:colcon.colcon_core.shell:Creating package descriptor '/home/ubuntu/ros2_ws/install/webcam_streamer_package/share/webcam_streamer_package/package.dsv'
[9.488s] INFO:colcon.colcon_core.shell:Creating package script '/home/ubuntu/ros2_ws/install/webcam_streamer_package/share/webcam_streamer_package/package.sh'
[9.490s] INFO:colcon.colcon_core.shell:Creating package script '/home/ubuntu/ros2_ws/install/webcam_streamer_package/share/webcam_streamer_package/package.bash'
[9.491s] INFO:colcon.colcon_core.shell:Creating package script '/home/ubuntu/ros2_ws/install/webcam_streamer_package/share/webcam_streamer_package/package.zsh'
[9.493s] Level 1:colcon.colcon_core.environment:create_file_with_runtime_dependencies(/home/ubuntu/ros2_ws/install/webcam_streamer_package/share/colcon-core/packages/webcam_streamer_package)
[9.494s] DEBUG:colcon.colcon_parallel_executor.executor.parallel:closing loop
[9.495s] DEBUG:colcon.colcon_parallel_executor.executor.parallel:loop closed
[9.495s] DEBUG:colcon.colcon_parallel_executor.executor.parallel:run_until_complete finished with '0'
[9.496s] DEBUG:colcon.colcon_core.event_reactor:joining thread
[9.516s] INFO:colcon.colcon_core.plugin_system:Skipping extension 'colcon_notification.desktop_notification.notify_send': Could not find 'notify-send'
[9.516s] INFO:colcon.colcon_core.plugin_system:Skipping extension 'colcon_notification.desktop_notification.terminal_notifier': Not used on non-Darwin systems
[9.517s] INFO:colcon.colcon_core.plugin_system:Skipping extension 'colcon_notification.desktop_notification.win32': Not used on non-Windows systems
[9.517s] INFO:colcon.colcon_notification.desktop_notification:Sending desktop notification using 'notify2'
[9.520s] DEBUG:colcon.colcon_notification.desktop_notification.notify2:Failed to initialize notify2: org.freedesktop.DBus.Error.ServiceUnknown: The name org.freedesktop.Notifications was not provided by any .service files
[9.520s] DEBUG:colcon.colcon_core.event_reactor:joined thread
[9.521s] INFO:colcon.colcon_core.shell:Creating prefix script '/home/ubuntu/ros2_ws/install/local_setup.ps1'
[9.525s] INFO:colcon.colcon_core.shell:Creating prefix util module '/home/ubuntu/ros2_ws/install/_local_setup_util_ps1.py'
[9.530s] INFO:colcon.colcon_core.shell:Creating prefix chain script '/home/ubuntu/ros2_ws/install/setup.ps1'
[9.536s] INFO:colcon.colcon_core.shell:Creating prefix script '/home/ubuntu/ros2_ws/install/local_setup.sh'
[9.539s] INFO:colcon.colcon_core.shell:Creating prefix util module '/home/ubuntu/ros2_ws/install/_local_setup_util_sh.py'
[9.542s] INFO:colcon.colcon_core.shell:Creating prefix chain script '/home/ubuntu/ros2_ws/install/setup.sh'
[9.547s] INFO:colcon.colcon_core.shell:Creating prefix script '/home/ubuntu/ros2_ws/install/local_setup.bash'
[9.549s] INFO:colcon.colcon_core.shell:Creating prefix chain script '/home/ubuntu/ros2_ws/install/setup.bash'
[9.554s] INFO:colcon.colcon_core.shell:Creating prefix script '/home/ubuntu/ros2_ws/install/local_setup.zsh'
[9.556s] INFO:colcon.colcon_core.shell:Creating prefix chain script '/home/ubuntu/ros2_ws/install/setup.zsh'
