[7.727s] Invoking command in '/home/ubuntu/ros2_ws/src/ros2_tracing/tracetools_read': PYTHONPATH=/home/ubuntu/ros2_ws/build/tracetools_read/prefix_override:/home/ubuntu/ros2_ws/install/tracetools_read/lib/python3.10/site-packages:${PYTHONPATH} /usr/bin/python3 -W ignore:setup.py install is deprecated setup.py egg_info --egg-base ../../../build/tracetools_read build --build-base /home/ubuntu/ros2_ws/build/tracetools_read/build install --record /home/ubuntu/ros2_ws/build/tracetools_read/install.log --single-version-externally-managed install_data
[9.400s] running egg_info
[9.403s] creating ../../../build/tracetools_read/tracetools_read.egg-info
[9.404s] writing ../../../build/tracetools_read/tracetools_read.egg-info/PKG-INFO
[9.405s] writing dependency_links to ../../../build/tracetools_read/tracetools_read.egg-info/dependency_links.txt
[9.407s] writing requirements to ../../../build/tracetools_read/tracetools_read.egg-info/requires.txt
[9.407s] writing top-level names to ../../../build/tracetools_read/tracetools_read.egg-info/top_level.txt
[9.408s] writing manifest file '../../../build/tracetools_read/tracetools_read.egg-info/SOURCES.txt'
[9.418s] reading manifest file '../../../build/tracetools_read/tracetools_read.egg-info/SOURCES.txt'
[9.421s] writing manifest file '../../../build/tracetools_read/tracetools_read.egg-info/SOURCES.txt'
[9.422s] running build
[9.423s] running build_py
[9.424s] creating /home/ubuntu/ros2_ws/build/tracetools_read/build
[9.425s] creating /home/ubuntu/ros2_ws/build/tracetools_read/build/lib
[9.425s] creating /home/ubuntu/ros2_ws/build/tracetools_read/build/lib/tracetools_read
[9.426s] copying tracetools_read/__init__.py -> /home/ubuntu/ros2_ws/build/tracetools_read/build/lib/tracetools_read
[9.428s] copying tracetools_read/trace.py -> /home/ubuntu/ros2_ws/build/tracetools_read/build/lib/tracetools_read
[9.431s] running install
[9.432s] running install_lib
[9.437s] creating /home/ubuntu/ros2_ws/install/tracetools_read/lib/python3.10/site-packages/tracetools_read
[9.439s] copying /home/ubuntu/ros2_ws/build/tracetools_read/build/lib/tracetools_read/__init__.py -> /home/ubuntu/ros2_ws/install/tracetools_read/lib/python3.10/site-packages/tracetools_read
[9.440s] copying /home/ubuntu/ros2_ws/build/tracetools_read/build/lib/tracetools_read/trace.py -> /home/ubuntu/ros2_ws/install/tracetools_read/lib/python3.10/site-packages/tracetools_read
[9.446s] byte-compiling /home/ubuntu/ros2_ws/install/tracetools_read/lib/python3.10/site-packages/tracetools_read/__init__.py to __init__.cpython-310.pyc
[9.449s] byte-compiling /home/ubuntu/ros2_ws/install/tracetools_read/lib/python3.10/site-packages/tracetools_read/trace.py to trace.cpython-310.pyc
[9.452s] running install_data
[9.453s] copying package.xml -> /home/ubuntu/ros2_ws/install/tracetools_read/share/tracetools_read
[9.454s] creating /home/ubuntu/ros2_ws/install/tracetools_read/share/ament_index
[9.455s] creating /home/ubuntu/ros2_ws/install/tracetools_read/share/ament_index/resource_index
[9.456s] creating /home/ubuntu/ros2_ws/install/tracetools_read/share/ament_index/resource_index/packages
[9.457s] copying resource/tracetools_read -> /home/ubuntu/ros2_ws/install/tracetools_read/share/ament_index/resource_index/packages
[9.458s] running install_egg_info
[9.467s] Copying ../../../build/tracetools_read/tracetools_read.egg-info to /home/ubuntu/ros2_ws/install/tracetools_read/lib/python3.10/site-packages/tracetools_read-8.3.0-py3.10.egg-info
[9.473s] running install_scripts
[9.608s] writing list of installed files to '/home/ubuntu/ros2_ws/build/tracetools_read/install.log'
