[6.540s] Invoking command in '/home/ubuntu/ros2_ws/src/arm_controller_package': PYTHONPATH=/home/ubuntu/ros2_ws/build/arm_controller_package/prefix_override:/home/ubuntu/ros2_ws/install/arm_controller_package/lib/python3.10/site-packages:${PYTHONPATH} /usr/bin/python3 -W ignore:setup.py install is deprecated setup.py egg_info --egg-base ../../build/arm_controller_package build --build-base /home/ubuntu/ros2_ws/build/arm_controller_package/build install --record /home/ubuntu/ros2_ws/build/arm_controller_package/install.log --single-version-externally-managed install_data
[7.992s] running egg_info
[7.995s] writing ../../build/arm_controller_package/arm_controller_package.egg-info/PKG-INFO
[7.998s] writing dependency_links to ../../build/arm_controller_package/arm_controller_package.egg-info/dependency_links.txt
[8.000s] writing entry points to ../../build/arm_controller_package/arm_controller_package.egg-info/entry_points.txt
[8.001s] writing requirements to ../../build/arm_controller_package/arm_controller_package.egg-info/requires.txt
[8.002s] writing top-level names to ../../build/arm_controller_package/arm_controller_package.egg-info/top_level.txt
[8.014s] reading manifest file '../../build/arm_controller_package/arm_controller_package.egg-info/SOURCES.txt'
[8.020s] writing manifest file '../../build/arm_controller_package/arm_controller_package.egg-info/SOURCES.txt'
[8.021s] running build
[8.021s] running build_py
[8.030s] copying arm_controller_package/Kinematics.py -> /home/ubuntu/ros2_ws/build/arm_controller_package/build/lib/arm_controller_package
[8.032s] copying arm_controller_package/PiClient.py -> /home/ubuntu/ros2_ws/build/arm_controller_package/build/lib/arm_controller_package
[8.033s] copying arm_controller_package/arm_controller.py -> /home/ubuntu/ros2_ws/build/arm_controller_package/build/lib/arm_controller_package
[8.034s] running install
[8.035s] running install_lib
[8.039s] copying /home/ubuntu/ros2_ws/build/arm_controller_package/build/lib/arm_controller_package/Kinematics.py -> /home/ubuntu/ros2_ws/install/arm_controller_package/lib/python3.10/site-packages/arm_controller_package
[8.040s] copying /home/ubuntu/ros2_ws/build/arm_controller_package/build/lib/arm_controller_package/PiClient.py -> /home/ubuntu/ros2_ws/install/arm_controller_package/lib/python3.10/site-packages/arm_controller_package
[8.043s] copying /home/ubuntu/ros2_ws/build/arm_controller_package/build/lib/arm_controller_package/arm_controller.py -> /home/ubuntu/ros2_ws/install/arm_controller_package/lib/python3.10/site-packages/arm_controller_package
[8.046s] byte-compiling /home/ubuntu/ros2_ws/install/arm_controller_package/lib/python3.10/site-packages/arm_controller_package/Kinematics.py to Kinematics.cpython-310.pyc
[8.051s] byte-compiling /home/ubuntu/ros2_ws/install/arm_controller_package/lib/python3.10/site-packages/arm_controller_package/PiClient.py to PiClient.cpython-310.pyc
[8.053s] byte-compiling /home/ubuntu/ros2_ws/install/arm_controller_package/lib/python3.10/site-packages/arm_controller_package/arm_controller.py to arm_controller.cpython-310.pyc
[8.056s] running install_data
[8.057s] running install_egg_info
[8.064s] removing '/home/ubuntu/ros2_ws/install/arm_controller_package/lib/python3.10/site-packages/arm_controller_package-0.0.0-py3.10.egg-info' (and everything under it)
[8.067s] Copying ../../build/arm_controller_package/arm_controller_package.egg-info to /home/ubuntu/ros2_ws/install/arm_controller_package/lib/python3.10/site-packages/arm_controller_package-0.0.0-py3.10.egg-info
[8.076s] running install_scripts
[8.172s] Installing arm_controller script to /home/ubuntu/ros2_ws/install/arm_controller_package/lib/arm_controller_package
[8.175s] writing list of installed files to '/home/ubuntu/ros2_ws/build/arm_controller_package/install.log'
[8.415s] Invoked command in '/home/ubuntu/ros2_ws/src/arm_controller_package' returned '0': PYTHONPATH=/home/ubuntu/ros2_ws/build/arm_controller_package/prefix_override:/home/ubuntu/ros2_ws/install/arm_controller_package/lib/python3.10/site-packages:${PYTHONPATH} /usr/bin/python3 -W ignore:setup.py install is deprecated setup.py egg_info --egg-base ../../build/arm_controller_package build --build-base /home/ubuntu/ros2_ws/build/arm_controller_package/build install --record /home/ubuntu/ros2_ws/build/arm_controller_package/install.log --single-version-externally-managed install_data
