[5.995s] Invoking command in '/home/ubuntu/ros2_ws/src/webcam_streamer_package': PYTHONPATH=/home/ubuntu/ros2_ws/build/webcam_streamer_package/prefix_override:/home/ubuntu/ros2_ws/install/webcam_streamer_package/lib/python3.10/site-packages:${PYTHONPATH} /usr/bin/python3 -W ignore:setup.py install is deprecated setup.py egg_info --egg-base ../../build/webcam_streamer_package build --build-base /home/ubuntu/ros2_ws/build/webcam_streamer_package/build install --record /home/ubuntu/ros2_ws/build/webcam_streamer_package/install.log --single-version-externally-managed install_data
[7.467s] running egg_info
[7.470s] writing ../../build/webcam_streamer_package/webcam_streamer_package.egg-info/PKG-INFO
[7.548s] writing dependency_links to ../../build/webcam_streamer_package/webcam_streamer_package.egg-info/dependency_links.txt
[7.556s] writing entry points to ../../build/webcam_streamer_package/webcam_streamer_package.egg-info/entry_points.txt
[7.557s] writing requirements to ../../build/webcam_streamer_package/webcam_streamer_package.egg-info/requires.txt
[7.560s] writing top-level names to ../../build/webcam_streamer_package/webcam_streamer_package.egg-info/top_level.txt
[7.571s] reading manifest file '../../build/webcam_streamer_package/webcam_streamer_package.egg-info/SOURCES.txt'
[7.574s] adding license file 'LICENSE'
[7.578s] writing manifest file '../../build/webcam_streamer_package/webcam_streamer_package.egg-info/SOURCES.txt'
[7.579s] running build
[7.580s] running build_py
[7.583s] running install
[7.584s] running install_lib
[7.590s] running install_data
[7.592s] running install_egg_info
[7.599s] removing '/home/ubuntu/ros2_ws/install/webcam_streamer_package/lib/python3.10/site-packages/webcam_streamer_package-0.0.0-py3.10.egg-info' (and everything under it)
[7.601s] Copying ../../build/webcam_streamer_package/webcam_streamer_package.egg-info to /home/ubuntu/ros2_ws/install/webcam_streamer_package/lib/python3.10/site-packages/webcam_streamer_package-0.0.0-py3.10.egg-info
[7.608s] running install_scripts
[7.705s] Installing webcam_streamer_node script to /home/ubuntu/ros2_ws/install/webcam_streamer_package/lib/webcam_streamer_package
[7.708s] writing list of installed files to '/home/ubuntu/ros2_ws/build/webcam_streamer_package/install.log'
[8.018s] Invoked command in '/home/ubuntu/ros2_ws/src/webcam_streamer_package' returned '0': PYTHONPATH=/home/ubuntu/ros2_ws/build/webcam_streamer_package/prefix_override:/home/ubuntu/ros2_ws/install/webcam_streamer_package/lib/python3.10/site-packages:${PYTHONPATH} /usr/bin/python3 -W ignore:setup.py install is deprecated setup.py egg_info --egg-base ../../build/webcam_streamer_package build --build-base /home/ubuntu/ros2_ws/build/webcam_streamer_package/build install --record /home/ubuntu/ros2_ws/build/webcam_streamer_package/install.log --single-version-externally-managed install_data
