[2.731s] Invoking command in '/home/ubuntu/ros2_ws/src/my_ax12_controller': PYTHONPATH=/home/ubuntu/ros2_ws/build/my_ax12_controller/prefix_override:/home/ubuntu/ros2_ws/install/my_ax12_controller/lib/python3.10/site-packages:${PYTHONPATH} /usr/bin/python3 -W ignore:setup.py install is deprecated setup.py egg_info --egg-base ../../build/my_ax12_controller build --build-base /home/ubuntu/ros2_ws/build/my_ax12_controller/build install --record /home/ubuntu/ros2_ws/build/my_ax12_controller/install.log --single-version-externally-managed install_data
[3.778s] running egg_info
[3.781s] creating ../../build/my_ax12_controller/my_ax12_controller.egg-info
[3.782s] writing ../../build/my_ax12_controller/my_ax12_controller.egg-info/PKG-INFO
[3.783s] writing dependency_links to ../../build/my_ax12_controller/my_ax12_controller.egg-info/dependency_links.txt
[3.783s] writing entry points to ../../build/my_ax12_controller/my_ax12_controller.egg-info/entry_points.txt
[3.784s] writing requirements to ../../build/my_ax12_controller/my_ax12_controller.egg-info/requires.txt
[3.784s] writing top-level names to ../../build/my_ax12_controller/my_ax12_controller.egg-info/top_level.txt
[3.785s] writing manifest file '../../build/my_ax12_controller/my_ax12_controller.egg-info/SOURCES.txt'
[3.792s] reading manifest file '../../build/my_ax12_controller/my_ax12_controller.egg-info/SOURCES.txt'
[3.795s] writing manifest file '../../build/my_ax12_controller/my_ax12_controller.egg-info/SOURCES.txt'
[3.795s] running build
[3.796s] running build_py
[3.796s] creating /home/ubuntu/ros2_ws/build/my_ax12_controller/build
[3.797s] creating /home/ubuntu/ros2_ws/build/my_ax12_controller/build/lib
[3.797s] creating /home/ubuntu/ros2_ws/build/my_ax12_controller/build/lib/my_ax12_controller
[3.797s] copying my_ax12_controller/__init__.py -> /home/ubuntu/ros2_ws/build/my_ax12_controller/build/lib/my_ax12_controller
[3.798s] running install
[3.799s] running install_lib
[3.802s] creating /home/ubuntu/ros2_ws/install/my_ax12_controller/lib/python3.10/site-packages/my_ax12_controller
[3.802s] copying /home/ubuntu/ros2_ws/build/my_ax12_controller/build/lib/my_ax12_controller/__init__.py -> /home/ubuntu/ros2_ws/install/my_ax12_controller/lib/python3.10/site-packages/my_ax12_controller
[3.804s] byte-compiling /home/ubuntu/ros2_ws/install/my_ax12_controller/lib/python3.10/site-packages/my_ax12_controller/__init__.py to __init__.cpython-310.pyc
[3.806s] running install_data
[3.806s] creating /home/ubuntu/ros2_ws/install/my_ax12_controller/share/ament_index
[3.807s] creating /home/ubuntu/ros2_ws/install/my_ax12_controller/share/ament_index/resource_index
[3.807s] creating /home/ubuntu/ros2_ws/install/my_ax12_controller/share/ament_index/resource_index/packages
[3.807s] copying resource/my_ax12_controller -> /home/ubuntu/ros2_ws/install/my_ax12_controller/share/ament_index/resource_index/packages
[3.808s] copying package.xml -> /home/ubuntu/ros2_ws/install/my_ax12_controller/share/my_ax12_controller
[3.808s] running install_egg_info
[3.815s] Copying ../../build/my_ax12_controller/my_ax12_controller.egg-info to /home/ubuntu/ros2_ws/install/my_ax12_controller/lib/python3.10/site-packages/my_ax12_controller-0.0.0-py3.10.egg-info
[3.820s] running install_scripts
[3.896s] Installing dynamixel_control script to /home/ubuntu/ros2_ws/install/my_ax12_controller/lib/my_ax12_controller
[3.898s] writing list of installed files to '/home/ubuntu/ros2_ws/build/my_ax12_controller/install.log'
[4.008s] Invoked command in '/home/ubuntu/ros2_ws/src/my_ax12_controller' returned '0': PYTHONPATH=/home/ubuntu/ros2_ws/build/my_ax12_controller/prefix_override:/home/ubuntu/ros2_ws/install/my_ax12_controller/lib/python3.10/site-packages:${PYTHONPATH} /usr/bin/python3 -W ignore:setup.py install is deprecated setup.py egg_info --egg-base ../../build/my_ax12_controller build --build-base /home/ubuntu/ros2_ws/build/my_ax12_controller/build install --record /home/ubuntu/ros2_ws/build/my_ax12_controller/install.log --single-version-externally-managed install_data
