[0.049s] Invoking command in '/home/ubuntu/ros2_ws/build/tracetools': CMAKE_PREFIX_PATH=/home/ubuntu/ros2_ws/install/webcam_streamer_package:/home/ubuntu/ros2_ws/install/my_ax12_servo_controller:/home/ubuntu/ros2_ws/install/my_ax12_controller:/home/ubuntu/ros2_ws/install/arm_controller_package:/opt/ros/iron /usr/bin/cmake --build /home/ubuntu/ros2_ws/build/tracetools -- -j4 -l4
[0.218s] [35m[1mConsolidate compiler generated dependencies of target gtest_main[0m
[0.219s] [35m[1mConsolidate compiler generated dependencies of target gtest[0m
[0.254s] [  6%] Built target ament_generate_version_header__tracetools
[0.282s] [ 20%] Built target gtest_main
[0.285s] [ 33%] Built target gtest
[0.300s] [35m[1mConsolidate compiler generated dependencies of target tracetools[0m
[0.357s] [ 60%] Built target tracetools
[0.398s] [35m[1mConsolidate compiler generated dependencies of target tracetools_status[0m
[0.442s] [ 73%] Built target tracetools_status
[0.484s] [35m[1mConsolidate compiler generated dependencies of target status[0m
[0.484s] [35m[1mConsolidate compiler generated dependencies of target test_status[0m
[0.526s] [ 86%] Built target status
[0.544s] [100%] Built target test_status
[0.582s] Invoked command in '/home/ubuntu/ros2_ws/build/tracetools' returned '0': CMAKE_PREFIX_PATH=/home/ubuntu/ros2_ws/install/webcam_streamer_package:/home/ubuntu/ros2_ws/install/my_ax12_servo_controller:/home/ubuntu/ros2_ws/install/my_ax12_controller:/home/ubuntu/ros2_ws/install/arm_controller_package:/opt/ros/iron /usr/bin/cmake --build /home/ubuntu/ros2_ws/build/tracetools -- -j4 -l4
[0.861s] Invoking command in '/home/ubuntu/ros2_ws/build/tracetools': CMAKE_PREFIX_PATH=/home/ubuntu/ros2_ws/install/webcam_streamer_package:/home/ubuntu/ros2_ws/install/my_ax12_servo_controller:/home/ubuntu/ros2_ws/install/my_ax12_controller:/home/ubuntu/ros2_ws/install/arm_controller_package:/opt/ros/iron /usr/bin/cmake --install /home/ubuntu/ros2_ws/build/tracetools
[0.887s] -- Install configuration: ""
[0.888s] -- Up-to-date: /home/ubuntu/ros2_ws/install/tracetools/share/tracetools/environment/library_path.sh
[0.888s] -- Up-to-date: /home/ubuntu/ros2_ws/install/tracetools/share/tracetools/environment/library_path.dsv
[0.888s] -- Up-to-date: /home/ubuntu/ros2_ws/install/tracetools/include/tracetools/tracetools/version.h
[0.889s] -- Up-to-date: /home/ubuntu/ros2_ws/install/tracetools/lib/libtracetools_status.so
[0.891s] -- Up-to-date: /home/ubuntu/ros2_ws/install/tracetools/lib/tracetools/status
[0.892s] -- Up-to-date: /home/ubuntu/ros2_ws/install/tracetools/include/tracetools
[0.892s] -- Up-to-date: /home/ubuntu/ros2_ws/install/tracetools/include/tracetools/tracetools
[0.893s] -- Up-to-date: /home/ubuntu/ros2_ws/install/tracetools/include/tracetools/tracetools/visibility_control.hpp
[0.893s] -- Up-to-date: /home/ubuntu/ros2_ws/install/tracetools/include/tracetools/tracetools/tp_call.h
[0.894s] -- Up-to-date: /home/ubuntu/ros2_ws/install/tracetools/include/tracetools/tracetools/config.h
[0.894s] -- Up-to-date: /home/ubuntu/ros2_ws/install/tracetools/include/tracetools/tracetools/status.h
[0.894s] -- Up-to-date: /home/ubuntu/ros2_ws/install/tracetools/include/tracetools/tracetools/tracetools.h
[0.895s] -- Up-to-date: /home/ubuntu/ros2_ws/install/tracetools/include/tracetools/tracetools/utils.hpp
[0.895s] -- Up-to-date: /home/ubuntu/ros2_ws/install/tracetools/lib/libtracetools.so
[0.895s] -- Up-to-date: /home/ubuntu/ros2_ws/install/tracetools/share/ament_index/resource_index/package_run_dependencies/tracetools
[0.896s] -- Up-to-date: /home/ubuntu/ros2_ws/install/tracetools/share/ament_index/resource_index/parent_prefix_path/tracetools
[0.896s] -- Up-to-date: /home/ubuntu/ros2_ws/install/tracetools/share/tracetools/environment/ament_prefix_path.sh
[0.896s] -- Up-to-date: /home/ubuntu/ros2_ws/install/tracetools/share/tracetools/environment/ament_prefix_path.dsv
[0.897s] -- Up-to-date: /home/ubuntu/ros2_ws/install/tracetools/share/tracetools/environment/path.sh
[0.897s] -- Up-to-date: /home/ubuntu/ros2_ws/install/tracetools/share/tracetools/environment/path.dsv
[0.898s] -- Up-to-date: /home/ubuntu/ros2_ws/install/tracetools/share/tracetools/local_setup.bash
[0.898s] -- Up-to-date: /home/ubuntu/ros2_ws/install/tracetools/share/tracetools/local_setup.sh
[0.898s] -- Up-to-date: /home/ubuntu/ros2_ws/install/tracetools/share/tracetools/local_setup.zsh
[0.899s] -- Up-to-date: /home/ubuntu/ros2_ws/install/tracetools/share/tracetools/local_setup.dsv
[0.899s] -- Installing: /home/ubuntu/ros2_ws/install/tracetools/share/tracetools/package.dsv
[0.900s] -- Up-to-date: /home/ubuntu/ros2_ws/install/tracetools/share/ament_index/resource_index/packages/tracetools
[0.900s] -- Up-to-date: /home/ubuntu/ros2_ws/install/tracetools/share/tracetools/cmake/tracetools_exportExport.cmake
[0.901s] -- Up-to-date: /home/ubuntu/ros2_ws/install/tracetools/share/tracetools/cmake/tracetools_exportExport-noconfig.cmake
[0.902s] -- Up-to-date: /home/ubuntu/ros2_ws/install/tracetools/share/tracetools/cmake/ament_cmake_export_targets-extras.cmake
[0.902s] -- Up-to-date: /home/ubuntu/ros2_ws/install/tracetools/share/tracetools/cmake/ament_cmake_export_include_directories-extras.cmake
[0.903s] -- Up-to-date: /home/ubuntu/ros2_ws/install/tracetools/share/tracetools/cmake/ament_cmake_export_libraries-extras.cmake
[0.903s] -- Up-to-date: /home/ubuntu/ros2_ws/install/tracetools/share/tracetools/cmake/ament_cmake_export_link_flags-extras.cmake
[0.903s] -- Up-to-date: /home/ubuntu/ros2_ws/install/tracetools/share/tracetools/cmake/tracetoolsConfig.cmake
[0.904s] -- Up-to-date: /home/ubuntu/ros2_ws/install/tracetools/share/tracetools/cmake/tracetoolsConfig-version.cmake
[0.904s] -- Up-to-date: /home/ubuntu/ros2_ws/install/tracetools/share/tracetools/package.xml
[0.909s] Invoked command in '/home/ubuntu/ros2_ws/build/tracetools' returned '0': CMAKE_PREFIX_PATH=/home/ubuntu/ros2_ws/install/webcam_streamer_package:/home/ubuntu/ros2_ws/install/my_ax12_servo_controller:/home/ubuntu/ros2_ws/install/my_ax12_controller:/home/ubuntu/ros2_ws/install/arm_controller_package:/opt/ros/iron /usr/bin/cmake --install /home/ubuntu/ros2_ws/build/tracetools
