[6.732s] Invoking command in '/home/ubuntu/ros2_ws/src/arm_controller_package': PYTHONPATH=/home/ubuntu/ros2_ws/build/arm_controller_package/prefix_override:/home/ubuntu/ros2_ws/install/arm_controller_package/lib/python3.10/site-packages:${PYTHONPATH} /usr/bin/python3 -W ignore:setup.py install is deprecated setup.py egg_info --egg-base ../../build/arm_controller_package build --build-base /home/ubuntu/ros2_ws/build/arm_controller_package/build install --record /home/ubuntu/ros2_ws/build/arm_controller_package/install.log --single-version-externally-managed install_data
[8.315s] running egg_info
[8.318s] writing ../../build/arm_controller_package/arm_controller_package.egg-info/PKG-INFO
[8.321s] writing dependency_links to ../../build/arm_controller_package/arm_controller_package.egg-info/dependency_links.txt
[8.325s] writing entry points to ../../build/arm_controller_package/arm_controller_package.egg-info/entry_points.txt
[8.326s] writing requirements to ../../build/arm_controller_package/arm_controller_package.egg-info/requires.txt
[8.329s] writing top-level names to ../../build/arm_controller_package/arm_controller_package.egg-info/top_level.txt
[8.345s] reading manifest file '../../build/arm_controller_package/arm_controller_package.egg-info/SOURCES.txt'
[8.351s] writing manifest file '../../build/arm_controller_package/arm_controller_package.egg-info/SOURCES.txt'
[8.352s] running build
[8.352s] running build_py
[8.358s] copying arm_controller_package/PiClient.py -> /home/ubuntu/ros2_ws/build/arm_controller_package/build/lib/arm_controller_package
[8.361s] running install
[8.363s] running install_lib
[8.369s] copying /home/ubuntu/ros2_ws/build/arm_controller_package/build/lib/arm_controller_package/PiClient.py -> /home/ubuntu/ros2_ws/install/arm_controller_package/lib/python3.10/site-packages/arm_controller_package
[8.374s] byte-compiling /home/ubuntu/ros2_ws/install/arm_controller_package/lib/python3.10/site-packages/arm_controller_package/PiClient.py to PiClient.cpython-310.pyc
[8.380s] running install_data
[8.382s] running install_egg_info
[8.390s] removing '/home/ubuntu/ros2_ws/install/arm_controller_package/lib/python3.10/site-packages/arm_controller_package-0.0.0-py3.10.egg-info' (and everything under it)
[8.392s] Copying ../../build/arm_controller_package/arm_controller_package.egg-info to /home/ubuntu/ros2_ws/install/arm_controller_package/lib/python3.10/site-packages/arm_controller_package-0.0.0-py3.10.egg-info
[8.402s] running install_scripts
[8.522s] Installing arm_controller script to /home/ubuntu/ros2_ws/install/arm_controller_package/lib/arm_controller_package
[8.528s] writing list of installed files to '/home/ubuntu/ros2_ws/build/arm_controller_package/install.log'
[8.797s] Invoked command in '/home/ubuntu/ros2_ws/src/arm_controller_package' returned '0': PYTHONPATH=/home/ubuntu/ros2_ws/build/arm_controller_package/prefix_override:/home/ubuntu/ros2_ws/install/arm_controller_package/lib/python3.10/site-packages:${PYTHONPATH} /usr/bin/python3 -W ignore:setup.py install is deprecated setup.py egg_info --egg-base ../../build/arm_controller_package build --build-base /home/ubuntu/ros2_ws/build/arm_controller_package/build install --record /home/ubuntu/ros2_ws/build/arm_controller_package/install.log --single-version-externally-managed install_data
