[5.952s] Invoking command in '/home/ubuntu/ros2_ws/src/arm_controller_package': PYTHONPATH=/home/ubuntu/ros2_ws/build/arm_controller_package/prefix_override:/home/ubuntu/ros2_ws/install/arm_controller_package/lib/python3.10/site-packages:${PYTHONPATH} /usr/bin/python3 -W ignore:setup.py install is deprecated setup.py egg_info --egg-base ../../build/arm_controller_package build --build-base /home/ubuntu/ros2_ws/build/arm_controller_package/build install --record /home/ubuntu/ros2_ws/build/arm_controller_package/install.log --single-version-externally-managed install_data
[7.498s] running egg_info
[7.503s] writing ../../build/arm_controller_package/arm_controller_package.egg-info/PKG-INFO
[7.504s] writing dependency_links to ../../build/arm_controller_package/arm_controller_package.egg-info/dependency_links.txt
[7.506s] writing entry points to ../../build/arm_controller_package/arm_controller_package.egg-info/entry_points.txt
[7.507s] writing requirements to ../../build/arm_controller_package/arm_controller_package.egg-info/requires.txt
[7.508s] writing top-level names to ../../build/arm_controller_package/arm_controller_package.egg-info/top_level.txt
[7.517s] reading manifest file '../../build/arm_controller_package/arm_controller_package.egg-info/SOURCES.txt'
[7.523s] writing manifest file '../../build/arm_controller_package/arm_controller_package.egg-info/SOURCES.txt'
[7.524s] running build
[7.524s] running build_py
[7.525s] copying arm_controller_package/arm_controller.py -> /home/ubuntu/ros2_ws/build/arm_controller_package/build/lib/arm_controller_package
[7.528s] running install
[7.529s] running install_lib
[7.534s] copying /home/ubuntu/ros2_ws/build/arm_controller_package/build/lib/arm_controller_package/arm_controller.py -> /home/ubuntu/ros2_ws/install/arm_controller_package/lib/python3.10/site-packages/arm_controller_package
[7.537s] byte-compiling /home/ubuntu/ros2_ws/install/arm_controller_package/lib/python3.10/site-packages/arm_controller_package/arm_controller.py to arm_controller.cpython-310.pyc
[7.540s] running install_data
[7.541s] running install_egg_info
[7.549s] removing '/home/ubuntu/ros2_ws/install/arm_controller_package/lib/python3.10/site-packages/arm_controller_package-0.0.0-py3.10.egg-info' (and everything under it)
[7.553s] Copying ../../build/arm_controller_package/arm_controller_package.egg-info to /home/ubuntu/ros2_ws/install/arm_controller_package/lib/python3.10/site-packages/arm_controller_package-0.0.0-py3.10.egg-info
[7.560s] running install_scripts
[7.660s] Installing arm_controller script to /home/ubuntu/ros2_ws/install/arm_controller_package/lib/arm_controller_package
[7.662s] writing list of installed files to '/home/ubuntu/ros2_ws/build/arm_controller_package/install.log'
[7.880s] Invoked command in '/home/ubuntu/ros2_ws/src/arm_controller_package' returned '0': PYTHONPATH=/home/ubuntu/ros2_ws/build/arm_controller_package/prefix_override:/home/ubuntu/ros2_ws/install/arm_controller_package/lib/python3.10/site-packages:${PYTHONPATH} /usr/bin/python3 -W ignore:setup.py install is deprecated setup.py egg_info --egg-base ../../build/arm_controller_package build --build-base /home/ubuntu/ros2_ws/build/arm_controller_package/build install --record /home/ubuntu/ros2_ws/build/arm_controller_package/install.log --single-version-externally-managed install_data
