[6.053s] Invoking command in '/home/ubuntu/ros2_ws/src/arm_controller_package': PYTHONPATH=/home/ubuntu/ros2_ws/build/arm_controller_package/prefix_override:/home/ubuntu/ros2_ws/install/arm_controller_package/lib/python3.10/site-packages:${PYTHONPATH} /usr/bin/python3 -W ignore:setup.py install is deprecated setup.py egg_info --egg-base ../../build/arm_controller_package build --build-base /home/ubuntu/ros2_ws/build/arm_controller_package/build install --record /home/ubuntu/ros2_ws/build/arm_controller_package/install.log --single-version-externally-managed install_data
[7.511s] running egg_info
[7.516s] writing ../../build/arm_controller_package/arm_controller_package.egg-info/PKG-INFO
[7.518s] writing dependency_links to ../../build/arm_controller_package/arm_controller_package.egg-info/dependency_links.txt
[7.520s] writing entry points to ../../build/arm_controller_package/arm_controller_package.egg-info/entry_points.txt
[7.613s] writing requirements to ../../build/arm_controller_package/arm_controller_package.egg-info/requires.txt
[7.616s] writing top-level names to ../../build/arm_controller_package/arm_controller_package.egg-info/top_level.txt
[7.630s] reading manifest file '../../build/arm_controller_package/arm_controller_package.egg-info/SOURCES.txt'
[7.635s] writing manifest file '../../build/arm_controller_package/arm_controller_package.egg-info/SOURCES.txt'
[7.636s] running build
[7.636s] running build_py
[7.637s] copying arm_controller_package/arm_controller.py -> /home/ubuntu/ros2_ws/build/arm_controller_package/build/lib/arm_controller_package
[7.639s] running install
[7.643s] running install_lib
[7.648s] copying /home/ubuntu/ros2_ws/build/arm_controller_package/build/lib/arm_controller_package/arm_controller.py -> /home/ubuntu/ros2_ws/install/arm_controller_package/lib/python3.10/site-packages/arm_controller_package
[7.650s] byte-compiling /home/ubuntu/ros2_ws/install/arm_controller_package/lib/python3.10/site-packages/arm_controller_package/arm_controller.py to arm_controller.cpython-310.pyc
[7.655s] running install_data
[7.656s] running install_egg_info
[7.663s] removing '/home/ubuntu/ros2_ws/install/arm_controller_package/lib/python3.10/site-packages/arm_controller_package-0.0.0-py3.10.egg-info' (and everything under it)
[7.669s] Copying ../../build/arm_controller_package/arm_controller_package.egg-info to /home/ubuntu/ros2_ws/install/arm_controller_package/lib/python3.10/site-packages/arm_controller_package-0.0.0-py3.10.egg-info
[7.677s] running install_scripts
[7.775s] Installing arm_controller script to /home/ubuntu/ros2_ws/install/arm_controller_package/lib/arm_controller_package
[7.779s] writing list of installed files to '/home/ubuntu/ros2_ws/build/arm_controller_package/install.log'
[8.028s] Invoked command in '/home/ubuntu/ros2_ws/src/arm_controller_package' returned '0': PYTHONPATH=/home/ubuntu/ros2_ws/build/arm_controller_package/prefix_override:/home/ubuntu/ros2_ws/install/arm_controller_package/lib/python3.10/site-packages:${PYTHONPATH} /usr/bin/python3 -W ignore:setup.py install is deprecated setup.py egg_info --egg-base ../../build/arm_controller_package build --build-base /home/ubuntu/ros2_ws/build/arm_controller_package/build install --record /home/ubuntu/ros2_ws/build/arm_controller_package/install.log --single-version-externally-managed install_data
