[0.140s] Invoking command in '/home/ubuntu/ros2_ws/build/lttngpy': CMAKE_PREFIX_PATH=${CMAKE_PREFIX_PATH}:/home/ubuntu/ros2_ws/install/webcam_streamer_package:/home/ubuntu/ros2_ws/install/my_ax12_servo_controller:/home/ubuntu/ros2_ws/install/my_ax12_controller:/home/ubuntu/ros2_ws/install/arm_controller_package:/opt/ros/iron /usr/bin/cmake /home/ubuntu/ros2_ws/src/ros2_tracing/lttngpy -DCMAKE_INSTALL_PREFIX=/home/ubuntu/ros2_ws/install/lttngpy
[1.639s] -- The C compiler identification is GNU 11.4.0
[1.640s] -- The CXX compiler identification is GNU 11.4.0
[1.640s] -- Detecting C compiler ABI info
[1.955s] -- Detecting C compiler ABI info - done
[1.987s] -- Check for working C compiler: /usr/bin/cc - skipped
[1.991s] -- Detecting C compile features
[1.996s] -- Detecting C compile features - done
[2.138s] -- Detecting CXX compiler ABI info
[2.530s] -- Detecting CXX compiler ABI info - done
[2.556s] -- Check for working CXX compiler: /usr/bin/c++ - skipped
[2.557s] -- Detecting CXX compile features
[2.558s] -- Detecting CXX compile features - done
[2.592s] -- Found ament_cmake: 2.0.5 (/opt/ros/iron/share/ament_cmake/cmake)
[3.607s] -- Found Python3: /usr/bin/python3.10 (found version "3.10.12") found components: Interpreter 
[5.574s] -- Found Python3: /usr/bin/python3.10 (found version "3.10.12") found components: Interpreter Development Development.Module Development.Embed 
[5.625s] -- Found pybind11_vendor: 3.0.3 (/opt/ros/iron/share/pybind11_vendor/cmake)
[5.924s] -- Performing Test HAS_FLTO
[7.810s] -- Performing Test HAS_FLTO - Success
[7.814s] -- Found pybind11: /usr/include (found version "2.9.1")
[7.840s] -- Found PkgConfig: /usr/bin/pkg-config (found version "0.29.2") 
[7.845s] -- Checking for module 'lttng-ctl'
[7.867s] --   No package 'lttng-ctl' found
[7.869s] [31mCMake Error at /usr/share/cmake-3.22/Modules/FindPkgConfig.cmake:603 (message):
[7.871s]   A required package was not found
[7.872s] Call Stack (most recent call first):
[7.872s]   /usr/share/cmake-3.22/Modules/FindPkgConfig.cmake:825 (_pkg_check_modules_internal)
[7.873s]   CMakeLists.txt:47 (pkg_check_modules)
[7.873s] 
[7.874s] [0m
[7.874s] -- Configuring incomplete, errors occurred!
[7.877s] See also "/home/ubuntu/ros2_ws/build/lttngpy/CMakeFiles/CMakeOutput.log".
[7.911s] Invoked command in '/home/ubuntu/ros2_ws/build/lttngpy' returned '1': CMAKE_PREFIX_PATH=${CMAKE_PREFIX_PATH}:/home/ubuntu/ros2_ws/install/webcam_streamer_package:/home/ubuntu/ros2_ws/install/my_ax12_servo_controller:/home/ubuntu/ros2_ws/install/my_ax12_controller:/home/ubuntu/ros2_ws/install/arm_controller_package:/opt/ros/iron /usr/bin/cmake /home/ubuntu/ros2_ws/src/ros2_tracing/lttngpy -DCMAKE_INSTALL_PREFIX=/home/ubuntu/ros2_ws/install/lttngpy
