running egg_info
creating ../../build/arm_controller_package/arm_controller_package.egg-info
writing ../../build/arm_controller_package/arm_controller_package.egg-info/PKG-INFO
writing dependency_links to ../../build/arm_controller_package/arm_controller_package.egg-info/dependency_links.txt
writing entry points to ../../build/arm_controller_package/arm_controller_package.egg-info/entry_points.txt
writing requirements to ../../build/arm_controller_package/arm_controller_package.egg-info/requires.txt
writing top-level names to ../../build/arm_controller_package/arm_controller_package.egg-info/top_level.txt
writing manifest file '../../build/arm_controller_package/arm_controller_package.egg-info/SOURCES.txt'
reading manifest file '../../build/arm_controller_package/arm_controller_package.egg-info/SOURCES.txt'
writing manifest file '../../build/arm_controller_package/arm_controller_package.egg-info/SOURCES.txt'
running build
running build_py
creating /home/ubuntu/ros2_ws/build/arm_controller_package/build
creating /home/ubuntu/ros2_ws/build/arm_controller_package/build/lib
creating /home/ubuntu/ros2_ws/build/arm_controller_package/build/lib/arm_controller_package
copying arm_controller_package/__init__.py -> /home/ubuntu/ros2_ws/build/arm_controller_package/build/lib/arm_controller_package
copying arm_controller_package/arm_controller.py -> /home/ubuntu/ros2_ws/build/arm_controller_package/build/lib/arm_controller_package
running install
running install_lib
creating /home/ubuntu/ros2_ws/install/arm_controller_package/lib/python3.10/site-packages/arm_controller_package
copying /home/ubuntu/ros2_ws/build/arm_controller_package/build/lib/arm_controller_package/__init__.py -> /home/ubuntu/ros2_ws/install/arm_controller_package/lib/python3.10/site-packages/arm_controller_package
copying /home/ubuntu/ros2_ws/build/arm_controller_package/build/lib/arm_controller_package/arm_controller.py -> /home/ubuntu/ros2_ws/install/arm_controller_package/lib/python3.10/site-packages/arm_controller_package
byte-compiling /home/ubuntu/ros2_ws/install/arm_controller_package/lib/python3.10/site-packages/arm_controller_package/__init__.py to __init__.cpython-310.pyc
byte-compiling /home/ubuntu/ros2_ws/install/arm_controller_package/lib/python3.10/site-packages/arm_controller_package/arm_controller.py to arm_controller.cpython-310.pyc
running install_data
creating /home/ubuntu/ros2_ws/install/arm_controller_package/share/ament_index
creating /home/ubuntu/ros2_ws/install/arm_controller_package/share/ament_index/resource_index
creating /home/ubuntu/ros2_ws/install/arm_controller_package/share/ament_index/resource_index/packages
copying resource/arm_controller_package -> /home/ubuntu/ros2_ws/install/arm_controller_package/share/ament_index/resource_index/packages
copying package.xml -> /home/ubuntu/ros2_ws/install/arm_controller_package/share/arm_controller_package
running install_egg_info
Copying ../../build/arm_controller_package/arm_controller_package.egg-info to /home/ubuntu/ros2_ws/install/arm_controller_package/lib/python3.10/site-packages/arm_controller_package-0.0.0-py3.10.egg-info
running install_scripts
Installing arm_controller script to /home/ubuntu/ros2_ws/install/arm_controller_package/lib/arm_controller_package
writing list of installed files to '/home/ubuntu/ros2_ws/build/arm_controller_package/install.log'
