[6.400s] Invoking command in '/home/ubuntu/ros2_ws/src/arm_controller_package': PYTHONPATH=/home/ubuntu/ros2_ws/build/arm_controller_package/prefix_override:/home/ubuntu/ros2_ws/install/arm_controller_package/lib/python3.10/site-packages:${PYTHONPATH} /usr/bin/python3 -W ignore:setup.py install is deprecated setup.py egg_info --egg-base ../../build/arm_controller_package build --build-base /home/ubuntu/ros2_ws/build/arm_controller_package/build install --record /home/ubuntu/ros2_ws/build/arm_controller_package/install.log --single-version-externally-managed install_data
[7.823s] running egg_info
[7.826s] creating ../../build/arm_controller_package/arm_controller_package.egg-info
[7.827s] writing ../../build/arm_controller_package/arm_controller_package.egg-info/PKG-INFO
[7.828s] writing dependency_links to ../../build/arm_controller_package/arm_controller_package.egg-info/dependency_links.txt
[7.829s] writing entry points to ../../build/arm_controller_package/arm_controller_package.egg-info/entry_points.txt
[7.832s] writing requirements to ../../build/arm_controller_package/arm_controller_package.egg-info/requires.txt
[7.833s] writing top-level names to ../../build/arm_controller_package/arm_controller_package.egg-info/top_level.txt
[7.837s] writing manifest file '../../build/arm_controller_package/arm_controller_package.egg-info/SOURCES.txt'
[7.840s] reading manifest file '../../build/arm_controller_package/arm_controller_package.egg-info/SOURCES.txt'
[7.845s] writing manifest file '../../build/arm_controller_package/arm_controller_package.egg-info/SOURCES.txt'
[7.847s] running build
[7.848s] running build_py
[7.850s] creating /home/ubuntu/ros2_ws/build/arm_controller_package/build
[7.850s] creating /home/ubuntu/ros2_ws/build/arm_controller_package/build/lib
[7.851s] creating /home/ubuntu/ros2_ws/build/arm_controller_package/build/lib/arm_controller_package
[7.853s] copying arm_controller_package/__init__.py -> /home/ubuntu/ros2_ws/build/arm_controller_package/build/lib/arm_controller_package
[7.854s] copying arm_controller_package/arm_controller.py -> /home/ubuntu/ros2_ws/build/arm_controller_package/build/lib/arm_controller_package
[7.854s] running install
[7.855s] running install_lib
[7.856s] creating /home/ubuntu/ros2_ws/install/arm_controller_package/lib/python3.10/site-packages/arm_controller_package
[7.857s] copying /home/ubuntu/ros2_ws/build/arm_controller_package/build/lib/arm_controller_package/__init__.py -> /home/ubuntu/ros2_ws/install/arm_controller_package/lib/python3.10/site-packages/arm_controller_package
[7.859s] copying /home/ubuntu/ros2_ws/build/arm_controller_package/build/lib/arm_controller_package/arm_controller.py -> /home/ubuntu/ros2_ws/install/arm_controller_package/lib/python3.10/site-packages/arm_controller_package
[7.861s] byte-compiling /home/ubuntu/ros2_ws/install/arm_controller_package/lib/python3.10/site-packages/arm_controller_package/__init__.py to __init__.cpython-310.pyc
[7.863s] byte-compiling /home/ubuntu/ros2_ws/install/arm_controller_package/lib/python3.10/site-packages/arm_controller_package/arm_controller.py to arm_controller.cpython-310.pyc
[7.868s] running install_data
[7.869s] creating /home/ubuntu/ros2_ws/install/arm_controller_package/share/ament_index
[7.870s] creating /home/ubuntu/ros2_ws/install/arm_controller_package/share/ament_index/resource_index
[7.871s] creating /home/ubuntu/ros2_ws/install/arm_controller_package/share/ament_index/resource_index/packages
[7.873s] copying resource/arm_controller_package -> /home/ubuntu/ros2_ws/install/arm_controller_package/share/ament_index/resource_index/packages
[7.874s] copying package.xml -> /home/ubuntu/ros2_ws/install/arm_controller_package/share/arm_controller_package
[7.874s] running install_egg_info
[7.884s] Copying ../../build/arm_controller_package/arm_controller_package.egg-info to /home/ubuntu/ros2_ws/install/arm_controller_package/lib/python3.10/site-packages/arm_controller_package-0.0.0-py3.10.egg-info
[7.892s] running install_scripts
[8.003s] Installing arm_controller script to /home/ubuntu/ros2_ws/install/arm_controller_package/lib/arm_controller_package
[8.007s] writing list of installed files to '/home/ubuntu/ros2_ws/build/arm_controller_package/install.log'
[8.313s] Invoked command in '/home/ubuntu/ros2_ws/src/arm_controller_package' returned '0': PYTHONPATH=/home/ubuntu/ros2_ws/build/arm_controller_package/prefix_override:/home/ubuntu/ros2_ws/install/arm_controller_package/lib/python3.10/site-packages:${PYTHONPATH} /usr/bin/python3 -W ignore:setup.py install is deprecated setup.py egg_info --egg-base ../../build/arm_controller_package build --build-base /home/ubuntu/ros2_ws/build/arm_controller_package/build install --record /home/ubuntu/ros2_ws/build/arm_controller_package/install.log --single-version-externally-managed install_data
